Dec 12, 2025 23:31:12.956 [139790939712312] INFO - Plex Media Server v1.42.2.10156-f737b826c - Docker Docker Container (LinuxServer.io) x86_64 - build: linux-x86_64 debian - GMT 01:00
Dec 12, 2025 23:31:12.956 [139790939712312] INFO - Linux version: 6.12.57+deb13-amd64, language: en-US
Dec 12, 2025 23:31:12.956 [139790939712312] INFO - Processor: 8-core Intel(R) Core(TM) i5-8250U CPU @ 1.60GHz
Dec 12, 2025 23:31:12.956 [139790939712312] INFO - Compiler is - Clang 11.0.1 (https://plex.tv 9b997da8e5b47bdb4a9425b3a3b290be393b4b1f)
Dec 12, 2025 23:31:12.956 [139790939712312] INFO - /usr/lib/plexmediaserver/Plex Media Server
Dec 12, 2025 23:31:12.955 [139790942255760] DEBUG - BPQ: [Idle] -> [Starting]
Dec 12, 2025 23:31:12.955 [139790942255760] DEBUG - FeatureManager: Using cached data for features list
Dec 12, 2025 23:31:12.960 [139790942255760] DEBUG - MyPlex: mapping state set to 'Unknown'.
Dec 12, 2025 23:31:12.960 [139790942255760] DEBUG - Relay: read 0 cached entries from hosts file
Dec 12, 2025 23:31:12.960 [139790942255760] DEBUG - Opening 20 database sessions to library (com.plexapp.plugins.library), SQLite 3.39.4, threadsafe=1
Dec 12, 2025 23:31:13.015 [139790942255760] DEBUG - MyPlex: using cached data for request for https://plex.tv/api/v2/server/users/features
Dec 12, 2025 23:31:13.062 [139790942255760] DEBUG - [CERT] Subject name is /CN=*.036b8d5a435641438a27a6d5652b4219.plex.direct
Dec 12, 2025 23:31:13.062 [139790942255760] DEBUG - [CERT] Installed certificate with fingerprint 05:4b:96:05:e1:1a:53:68:a7:b1:06:3e:d0:0d:07:80:12:ff:0f:3c.
Dec 12, 2025 23:31:13.062 [139790942255760] DEBUG - [CERT/OCSP] no URL available
Dec 12, 2025 23:31:13.062 [139790942255760] WARN - [CERT/OCSP] getCertInfo failed; skipping stapling
Dec 12, 2025 23:31:13.062 [139790942255760] DEBUG - HttpServer: Listening on IPv6 as well as IPv4.
Dec 12, 2025 23:31:13.062 [139790942255760] DEBUG - HttpServer: Listening on port 32400.
Dec 12, 2025 23:31:13.062 [139790942255760] DEBUG - HttpServer: Listening on port 32401.
Dec 12, 2025 23:31:13.062 [139790942255760] DEBUG - Running server...
Dec 12, 2025 23:31:13.063 [139790942255760] INFO - Running migrations. (EPG 0)
Dec 12, 2025 23:31:13.064 [139790942255760] DEBUG - Captured session 0.
Dec 12, 2025 23:31:13.064 [139790942255760] DEBUG - Captured session 1.
Dec 12, 2025 23:31:13.064 [139790942255760] DEBUG - Captured session 2.
Dec 12, 2025 23:31:13.064 [139790942255760] DEBUG - Captured session 3.
Dec 12, 2025 23:31:13.064 [139790942255760] DEBUG - Captured session 4.
Dec 12, 2025 23:31:13.064 [139790942255760] DEBUG - Captured session 5.
Dec 12, 2025 23:31:13.064 [139790942255760] DEBUG - Captured session 6.
Dec 12, 2025 23:31:13.064 [139790942255760] DEBUG - Captured session 7.
Dec 12, 2025 23:31:13.064 [139790942255760] DEBUG - Captured session 8.
Dec 12, 2025 23:31:13.064 [139790942255760] DEBUG - Captured session 9.
Dec 12, 2025 23:31:13.064 [139790942255760] DEBUG - Captured session 10.
Dec 12, 2025 23:31:13.064 [139790942255760] DEBUG - Captured session 11.
Dec 12, 2025 23:31:13.064 [139790942255760] DEBUG - Captured session 12.
Dec 12, 2025 23:31:13.064 [139790942255760] DEBUG - Captured session 13.
Dec 12, 2025 23:31:13.064 [139790942255760] DEBUG - Captured session 14.
Dec 12, 2025 23:31:13.064 [139790942255760] DEBUG - Captured session 15.
Dec 12, 2025 23:31:13.064 [139790942255760] DEBUG - Captured session 16.
Dec 12, 2025 23:31:13.064 [139790942255760] DEBUG - Captured session 17.
Dec 12, 2025 23:31:13.064 [139790942255760] DEBUG - Captured session 18.
Dec 12, 2025 23:31:13.064 [139790942255760] DEBUG - Captured session 19.
Dec 12, 2025 23:31:13.065 [139790921931576] DEBUG - HttpServer: Set up a thread pool with 2 threads.
Dec 12, 2025 23:31:13.069 [139790942255760] DEBUG - ChangestampAllocator: initialized to 0
Dec 12, 2025 23:31:13.070 [139790942255760] DEBUG - Opening 2 database sessions to library (com.plexapp.plugins.library.blobs), SQLite 3.39.4, threadsafe=1
Dec 12, 2025 23:31:13.076 [139790942255760] INFO - Running migrations. (EPG 0)
Dec 12, 2025 23:31:13.077 [139790942255760] DEBUG - Captured session 0.
Dec 12, 2025 23:31:13.077 [139790942255760] DEBUG - Captured session 1.
Dec 12, 2025 23:31:13.104 [139790934960952] DEBUG - Grabber: Cleaning up orphaned grabs.
Dec 12, 2025 23:31:13.105 [139790934960952] DEBUG - Grabber: Cleaned up 0 decrepit directories in 0.0 sec.
Dec 12, 2025 23:31:13.105 [139790942255760] DEBUG - Media Provider: Registering provider com.plexapp.plugins.library
Dec 12, 2025 23:31:13.105 [139790942255760] DEBUG - Auth: Refreshing tokens inside the token-based authentication filter.
Dec 12, 2025 23:31:13.105 [139790942255760] DEBUG - MyPlex: using cached data for request for https://plex.tv/api/v2/server/access_tokens?auth_token=xxxxxxxxxxxxxxxxxxxx
Dec 12, 2025 23:31:13.106 [139790942255760] DEBUG - MyPlex: updating with 2 access tokens
Dec 12, 2025 23:31:13.106 [139790942255760] DEBUG - MyPlex: using cached data for request for https://plex.tv/api/v2/server/users?auth_token=xxxxxxxxxxxxxxxxxxxx
Dec 12, 2025 23:31:13.106 [139790942255760] DEBUG - MyPlex: using cached data for request for https://plex.tv/api/v2/server/users/subscriptions?auth_token=xxxxxxxxxxxxxxxxxxxx
Dec 12, 2025 23:31:13.107 [139790942255760] DEBUG - MyPlex: using cached data for request for https://plex.tv/api/v2/server/users/services?auth_token=xxxxxxxxxxxxxxxxxxxx
Dec 12, 2025 23:31:13.107 [139790934960952] DEBUG - Auth: Refreshing tokens inside the token-based authentication filter.
Dec 12, 2025 23:31:13.107 [139790934960952] DEBUG - [HCl#1] HTTP requesting GET https://plex.tv/api/v2/server/access_tokens?auth_token=xxxxxxxxxxxxxxxxxxxx
Dec 12, 2025 23:31:13.108 [139790942255760] DEBUG - Opening 1 database sessions to library (), SQLite 3.39.4, threadsafe=1
Dec 12, 2025 23:31:13.112 [139790913522488] DEBUG - File "/usr/lib/plexmediaserver/Resources/Plug-ins-f737b826c" changed: -1 => 2025-11-24 10:32:52 (1763976772).
Dec 12, 2025 23:31:13.112 [139790913522488] DEBUG - File "/config/Library/Application Support/Plex Media Server/Plug-ins" changed: -1 => 2025-12-12 16:37:54 (1765553874).
Dec 12, 2025 23:31:13.112 [139790913522488] DEBUG - Scanning for plug-ins in "/usr/lib/plexmediaserver/Resources/Plug-ins-f737b826c"
Dec 12, 2025 23:31:13.115 [139790913522488] DEBUG - Scanning for plug-ins in "/config/Library/Application Support/Plex Media Server/Plug-ins"
Dec 12, 2025 23:31:13.115 [139790913522488] DEBUG - PluginRepository::setStartState: 1, startingSystem
Dec 12, 2025 23:31:13.115 [139790913522488] DEBUG - Starting plug-in /usr/lib/plexmediaserver/Resources/Plug-ins-f737b826c/System.bundle.
Dec 12, 2025 23:31:13.116 [139790913522488] DEBUG - [com.plexapp.system] Setting plug-in to always running (daemon mode).
Dec 12, 2025 23:31:13.117 [139790913522488] DEBUG - Starting file watcher for com.plexapp.system
Dec 12, 2025 23:31:13.117 [139790913522488] DEBUG - Plugin: setting environment variable: 'PYTHONHOME=/usr/lib/plexmediaserver/Resources/Python'
Dec 12, 2025 23:31:13.117 [139790913522488] DEBUG - Plugin: setting environment variable: 'PYTHONPATH=/usr/lib/plexmediaserver/Resources/Python/python27.zip:/usr/lib/plexmediaserver/Resources/Python/lib/python2.7/site-packages'
Dec 12, 2025 23:31:13.122 [139790913522488] DEBUG - Spawned plug-in com.plexapp.system with PID 213
Dec 12, 2025 23:31:13.122 [139790913522488] DEBUG - [com.plexapp.system] Sending command: GET /:/prefixes
Dec 12, 2025 23:31:13.652 [139790917962552] DEBUG - [HttpClient/HCl#1] HTTP/1.1 (0.5s) 200 response from GET https://plex.tv/api/v2/server/access_tokens?auth_token=xxxxxxxxxxxxxxxxxxxx
Dec 12, 2025 23:31:13.653 [139790934960952] DEBUG - MyPlex: updating with 2 access tokens
Dec 12, 2025 23:31:13.654 [139790934960952] DEBUG - [HCl#2] HTTP requesting GET https://plex.tv/api/v2/server/users?auth_token=xxxxxxxxxxxxxxxxxxxx
Dec 12, 2025 23:31:13.845 [139790917962552] DEBUG - [HttpClient/HCl#2] HTTP/1.1 (0.2s) 200 response from GET https://plex.tv/api/v2/server/users?auth_token=xxxxxxxxxxxxxxxxxxxx (reused)
Dec 12, 2025 23:31:13.846 [139790909299512] DEBUG - [HCl#3] HTTP requesting GET https://plex.tv/api/v2/server/users/subscriptions?auth_token=xxxxxxxxxxxxxxxxxxxx
Dec 12, 2025 23:31:13.945 [139790925167416] DEBUG - Request: didn't get any data from [::1]:32996: End of file
Dec 12, 2025 23:31:13.990 [139790917962552] DEBUG - [HttpClient/HCl#3] HTTP/1.1 (0.1s) 200 response from GET https://plex.tv/api/v2/server/users/subscriptions?auth_token=xxxxxxxxxxxxxxxxxxxx (reused)
Dec 12, 2025 23:31:13.991 [139790909299512] DEBUG - MyPlex: using cached data for request for https://plex.tv/api/v2/server/users/services?auth_token=xxxxxxxxxxxxxxxxxxxx
Dec 12, 2025 23:31:14.580 [139790905080632] DEBUG - Request: [127.0.0.1:56322 (Loopback)] GET /:/plugins/com.plexapp.system/messaging/function/X0J1bmRsZVNlcnZpY2U6QWxsU2VydmljZXM_/Y2VyZWFsMQoxCmxpc3QKMApyMAo_/Y2VyZWFsMQoxCmRpY3QKMApyMAo_ (3 live) #3 GZIP Token ()
Dec 12, 2025 23:31:14.581 [139790925167416] DEBUG - Completed: [127.0.0.1:56322] 503 GET /:/plugins/com.plexapp.system/messaging/function/X0J1bmRsZVNlcnZpY2U6QWxsU2VydmljZXM_/Y2VyZWFsMQoxCmxpc3QKMApyMAo_/Y2VyZWFsMQoxCmRpY3QKMApyMAo_ (3 live) #3 GZIP 0ms 436 bytes
Dec 12, 2025 23:31:14.585 [139790905080632] DEBUG - Request: [127.0.0.1:56332 (Loopback)] GET / (3 live) #4 GZIP Token ()
Dec 12, 2025 23:31:14.585 [139790927276856] DEBUG - Completed: [127.0.0.1:56332] 503 GET / (3 live) #4 GZIP 0ms 436 bytes
Dec 12, 2025 23:31:14.954 [139790934960952] DEBUG - [JobRunner] Job running: /usr/lib/plexmediaserver/CrashUploader "--directory=/config/Library/Application Support/Plex Media Server/Crash Reports/1.42.2.10156-f737b826c" --version=1.42.2.10156-f737b826c --platform=Linux --platformVersion=6.12.57+deb13-amd64 --serverUuid=ee184565d045d16e3b69df5ffe0e3bed7a8c8e47 --userId=amj16012004@gmail.com --sentryUrl=https://o17675.ingest.sentry.io/api/1233455/ --sentryKey=xxxxxxxxxxxxxxxxxxxxxxxxxxxxxxxx --vendor=Docker --model=x86_64 "--device=Docker Container (LinuxServer.io)"
Dec 12, 2025 23:31:14.955 [139790934960952] DEBUG - [JobRunner] Jobs: Starting child process with pid 248
Dec 12, 2025 23:31:14.970 [139790937512760] DEBUG - Jobs: '/usr/lib/plexmediaserver/CrashUploader' exit code for process 248 is 0 (success)
Dec 12, 2025 23:31:15.734 [139790905080632] DEBUG - Request: [127.0.0.1:56342 (Loopback)] GET /servers (3 live) #7 GZIP Token ()
Dec 12, 2025 23:31:15.735 [139790925167416] DEBUG - Completed: [127.0.0.1:56342] 503 GET /servers (3 live) #7 GZIP 0ms 436 bytes
Dec 12, 2025 23:31:15.756 [139790913522488] DEBUG - Reading 486 bytes in the body, code is 200
Dec 12, 2025 23:31:15.756 [139790913522488] DEBUG - [com.plexapp.system] Plug-in running on port 45741.
Dec 12, 2025 23:31:15.756 [139790913522488] DEBUG -  * Plug-in handles prefix: /system
Dec 12, 2025 23:31:15.756 [139790913522488] DEBUG -  * Plug-in handles prefix: /player
Dec 12, 2025 23:31:15.756 [139790913522488] DEBUG - Read configuration for [com.plexapp.system], had 2 prefixes
Dec 12, 2025 23:31:15.757 [139790913522488] DEBUG - Done with 1 synchronous plug-in starts, starting the rest in parallel.
Dec 12, 2025 23:31:15.757 [139790913522488] DEBUG - PluginRepository::setStartState: 2, startingPlugins
Dec 12, 2025 23:31:15.757 [139790913522488] DEBUG - Updating the list of agents known by the system.
Dec 12, 2025 23:31:15.757 [139790913522488] DEBUG - [com.plexapp.system] Sending command over HTTP (GET): /system/agents
Dec 12, 2025 23:31:15.757 [139790913522488] DEBUG - [HCl#4] HTTP requesting GET http://127.0.0.1:45741/system/agents
Dec 12, 2025 23:31:15.757 [139790942255760] DEBUG - Image transcode cache directory: "/config/Library/Application Support/Plex Media Server/Cache/PhotoTranscoder"
Dec 12, 2025 23:31:15.758 [139790942255760] DEBUG - Transcoder: Cleaning old transcode directories.
Dec 12, 2025 23:31:15.759 [139790942255760] DEBUG - MyPlex: using cached data for request for https://plex.tv/api/v2/server/access_tokens?auth_token=xxxxxxxxxxxxxxxxxxxx
Dec 12, 2025 23:31:15.759 [139790942255760] DEBUG - MyPlex: updating with 2 access tokens
Dec 12, 2025 23:31:15.759 [139790942255760] DEBUG - MyPlex: using cached data for request for https://plex.tv/api/v2/server/users?auth_token=xxxxxxxxxxxxxxxxxxxx
Dec 12, 2025 23:31:15.759 [139790942255760] DEBUG - MyPlex: using cached data for request for https://plex.tv/api/v2/server/users/subscriptions?auth_token=xxxxxxxxxxxxxxxxxxxx
Dec 12, 2025 23:31:15.759 [139790942255760] DEBUG - MyPlex: using cached data for request for https://plex.tv/api/v2/server/users/services?auth_token=xxxxxxxxxxxxxxxxxxxx
Dec 12, 2025 23:31:15.760 [139790942255760] DEBUG - MyPlex: using cached data for request for https://plex.tv/api/v2/user?includeSubscriptions=1&includeProviders=1
Dec 12, 2025 23:31:15.761 [139790942255760] DEBUG - MyPlex: username is amj1603, login is amj16012004@gmail.com, home is 0, no pin
Dec 12, 2025 23:31:15.762 [139790942255760] DEBUG - MyPlex: start public ip check and mapping - current mapped state: 'Unknown'.
Dec 12, 2025 23:31:15.762 [139790942255760] DEBUG - MyPlex: mapping state set to 'Not Mapped'.
Dec 12, 2025 23:31:15.762 [139790942255760] DEBUG - PublicAddressManager: Starting.
Dec 12, 2025 23:31:15.762 [139790942255760] DEBUG - PublicAddressManager: Obtaining public address and mapping port.
Dec 12, 2025 23:31:15.762 [139790934960952] DEBUG - PublicAddressManager: Obtaining public IP.
Dec 12, 2025 23:31:15.762 [139790934960952] DEBUG - [HCl#5] HTTP requesting GET https://v4.plex.tv/pms/:/ip
Dec 12, 2025 23:31:15.762 [139790900861752] DEBUG - [HCl#6] HTTP requesting GET https://plex.tv/api/v2/user?includeSubscriptions=1&includeProviders=1
Dec 12, 2025 23:31:15.763 [139790907190072] DEBUG - NAT: UPnP, attempting port mapping.
Dec 12, 2025 23:31:15.763 [139790942255760] DEBUG - NetworkInterface: Starting watch thread.
Dec 12, 2025 23:31:15.763 [139790942255760] DEBUG - Network change.
Dec 12, 2025 23:31:15.763 [139790942255760] DEBUG - NetworkInterface: Notified of network changed (force=0)
Dec 12, 2025 23:31:15.763 [139790896642872] DEBUG - NetworkInterface: Watching for changes on the interfaces.
Dec 12, 2025 23:31:15.764 [139790942255760] DEBUG - Detected primary interface: 172.27.0.2
Dec 12, 2025 23:31:15.764 [139790942255760] DEBUG - Network interfaces:
Dec 12, 2025 23:31:15.764 [139790942255760] DEBUG -  * 1 lo (127.0.0.1) (00-00-00-00-00-00) (loopback: 1)
Dec 12, 2025 23:31:15.764 [139790942255760] DEBUG -  * 2 eth0 (172.27.0.2) (AA-A3-C3-AE-5F-D7) (loopback: 0)
Dec 12, 2025 23:31:15.764 [139790942255760] DEBUG -  * 1 lo (::1) (00-00-00-00-00-00) (loopback: 1)
Dec 12, 2025 23:31:15.764 [139790942255760] DEBUG - Creating NetworkServices singleton.
Dec 12, 2025 23:31:15.764 [139790942255760] DEBUG - NetworkServices: Initializing...
Dec 12, 2025 23:31:15.764 [139790942255760] DEBUG - NetworkService: Creating new service.
Dec 12, 2025 23:31:15.764 [139790942255760] DEBUG - NetworkService: Got notification of changed network (first change: 1)
Dec 12, 2025 23:31:15.764 [139790942255760] DEBUG - NetworkService: Quick dispatch of network change.
Dec 12, 2025 23:31:15.764 [139790894533432] DEBUG - Network change for advertiser.
Dec 12, 2025 23:31:15.764 [139790942255760] DEBUG - NetworkService: Creating new service.
Dec 12, 2025 23:31:15.764 [139790942255760] DEBUG - NetworkService: Got notification of changed network (first change: 1)
Dec 12, 2025 23:31:15.764 [139790942255760] DEBUG - NetworkService: Quick dispatch of network change.
Dec 12, 2025 23:31:15.764 [139790894533432] DEBUG - NetworkService: Setting up multicast listener on 0.0.0.0:32414
Dec 12, 2025 23:31:15.764 [139790942255760] DEBUG - NetworkService: Creating new service.
Dec 12, 2025 23:31:15.764 [139790942255760] DEBUG - NetworkService: Got notification of changed network (first change: 1)
Dec 12, 2025 23:31:15.764 [139790942255760] DEBUG - NetworkService: Quick dispatch of network change.
Dec 12, 2025 23:31:15.764 [139790942255760] DEBUG - NetworkService: Creating new service.
Dec 12, 2025 23:31:15.764 [139790942255760] DEBUG - NetworkService: Got notification of changed network (first change: 1)
Dec 12, 2025 23:31:15.764 [139790942255760] DEBUG - NetworkService: Quick dispatch of network change.
Dec 12, 2025 23:31:15.764 [139790942255760] DEBUG - NetworkService: Creating new service.
Dec 12, 2025 23:31:15.764 [139790942255760] DEBUG - NetworkService: Got notification of changed network (first change: 1)
Dec 12, 2025 23:31:15.764 [139790942255760] DEBUG - NetworkService: Quick dispatch of network change.
Dec 12, 2025 23:31:15.764 [139790942255760] DEBUG - NetworkService: Creating new service.
Dec 12, 2025 23:31:15.764 [139790942255760] DEBUG - NetworkService: Got notification of changed network (first change: 1)
Dec 12, 2025 23:31:15.764 [139790942255760] DEBUG - NetworkService: Quick dispatch of network change.
Dec 12, 2025 23:31:15.764 [139790894533432] DEBUG - Network change for advertiser.
Dec 12, 2025 23:31:15.764 [139790894533432] DEBUG - NetworkService: Setting up multicast listener on 0.0.0.0:32410
Dec 12, 2025 23:31:15.764 [139790894533432] DEBUG - Network change for advertiser.
Dec 12, 2025 23:31:15.764 [139790894533432] DEBUG - NetworkService: Setting up multicast listener on 0.0.0.0:32412
Dec 12, 2025 23:31:15.764 [139790894533432] DEBUG - NetworkService: Network change for browser (polled=0), closing 0 browse sockets.
Dec 12, 2025 23:31:15.764 [139790894533432] DEBUG - NetworkService: Setting up multicast listener on 0.0.0.0:32413
Dec 12, 2025 23:31:15.764 [139790894533432] DEBUG - NetworkService: Browsing on interface 127.0.0.1 on broadcast address 127.255.255.255 (index: 0)
Dec 12, 2025 23:31:15.764 [139790894533432] DEBUG - NetworkService: Browsing on interface 172.27.0.2 on broadcast address 172.27.255.255 (index: 1)
Dec 12, 2025 23:31:15.764 [139790894533432] DEBUG - NetworkService: Network change for browser (polled=1), closing 0 browse sockets.
Dec 12, 2025 23:31:15.764 [139790894533432] DEBUG - NetworkService: Browsing on interface 127.0.0.1 on broadcast address 127.255.255.255 (index: 0)
Dec 12, 2025 23:31:15.764 [139790894533432] DEBUG - NetworkService: Browsing on interface 172.27.0.2 on broadcast address 172.27.255.255 (index: 1)
Dec 12, 2025 23:31:15.765 [139790894533432] DEBUG - NetworkService: Network change for browser (polled=0), closing 0 browse sockets.
Dec 12, 2025 23:31:15.765 [139790894533432] DEBUG - NetworkService: Setting up multicast listener on 0.0.0.0:1901
Dec 12, 2025 23:31:15.765 [139790894533432] DEBUG - NetworkService: Browsing on interface 172.27.0.2 on broadcast address 239.255.255.250 (index: 0)
Dec 12, 2025 23:31:15.766 [139790892423992] DEBUG - [HCl#7] HTTP requesting GET https://plex.tv/api/taas/profile
Dec 12, 2025 23:31:15.768 [139790890314552] DEBUG - [HCl#8] HTTP requesting GET https://plex.tv/api/v2/release_channels?X-Plex-Token=xxxxxxxxxxxxxxxxxxxx
Dec 12, 2025 23:31:15.768 [139790881876792] DEBUG - [DatabaseFixups] Running fix-ups.
Dec 12, 2025 23:31:15.768 [139790881876792] DEBUG - [DatabaseFixups/31DatabaseFixupsCleanupRetroGames] Executing fixup
Dec 12, 2025 23:31:15.768 [139790881876792] DEBUG - [DatabaseFixups/31DatabaseFixupsCleanupRetroGames] Fixup completed
Dec 12, 2025 23:31:15.768 [139790881876792] DEBUG - [DatabaseFixups/39DatabaseFixupsEnsureLibrarySectionUuids] Executing fixup
Dec 12, 2025 23:31:15.768 [139790888205112] DEBUG - [ChildProcessMonitor] Plex Tuner Service starting.
Dec 12, 2025 23:31:15.769 [139790888205112] DEBUG - [ChildProcessMonitor/JobRunner] Job running: "/usr/lib/plexmediaserver/Plex Tuner Service" /usr/lib/plexmediaserver/Resources/Tuner/Private /usr/lib/plexmediaserver/Resources/Tuner/Shared 1.42.2.10156-f737b826c 32600
Dec 12, 2025 23:31:15.770 [139790883986232] DEBUG - [HCl#9] HTTP requesting GET https://plex.tv/api/v2/features?X-Plex-Token=xxxxxxxxxxxxxxxxxxxx
Dec 12, 2025 23:31:15.770 [139790881876792] DEBUG - [DatabaseFixups/39DatabaseFixupsEnsureLibrarySectionUuids] Fixup completed
Dec 12, 2025 23:31:15.770 [139790881876792] DEBUG - [DatabaseFixups/38DatabaseFixupsEnsureMetadataItemHashes] Executing fixup
Dec 12, 2025 23:31:15.770 [139790881876792] DEBUG - [DatabaseFixups/38DatabaseFixupsEnsureMetadataItemHashes] Fixup completed
Dec 12, 2025 23:31:15.770 [139790881876792] DEBUG - [DatabaseFixups/39DatabaseFixupsSetDefaultAccountLanguage] Executing fixup
Dec 12, 2025 23:31:15.771 [139790881876792] DEBUG - [DatabaseFixups/39DatabaseFixupsSetDefaultAccountLanguage] Fixup completed
Dec 12, 2025 23:31:15.771 [139790881876792] DEBUG - [DatabaseFixups/52DatabaseFixupsCreateDefaultMediaProcessingTargetTags] Executing fixup
Dec 12, 2025 23:31:15.771 [139790881876792] DEBUG - [DatabaseFixups/52DatabaseFixupsCreateDefaultMediaProcessingTargetTags] Fixup completed
Dec 12, 2025 23:31:15.771 [139790881876792] DEBUG - [DatabaseFixups/43DatabaseFixupsUpdateAutomaticLibraryFolders] Executing fixup
Dec 12, 2025 23:31:15.771 [139790881876792] DEBUG - [DatabaseFixups/43DatabaseFixupsUpdateAutomaticLibraryFolders] Fixup completed
Dec 12, 2025 23:31:15.771 [139790881876792] DEBUG - [DatabaseFixups/29DatabaseFixupsSyncCollections] Executing fixup
Dec 12, 2025 23:31:15.771 [139790879767352] DEBUG - [HCl#a] HTTP requesting GET https://plex.tv/api/v2/user/privacy?X-Plex-Token=xxxxxxxxxxxxxxxxxxxx
Dec 12, 2025 23:31:15.772 [139790888205112] DEBUG - [ChildProcessMonitor/JobRunner] Jobs: Starting child process with pid 283
Dec 12, 2025 23:31:15.774 [139790942255760] DEBUG - Waiting for server condition to be signaled.
Dec 12, 2025 23:31:15.774 [139790877657912] DEBUG - DVR: Starting up.
Dec 12, 2025 23:31:15.775 [139790877657912] DEBUG - Activity: registered new activity 287b0d72-47b9-4108-bc47-f81051cf00f1 - "Processing subscriptions"
Dec 12, 2025 23:31:15.775 [139790881876792] DEBUG - [DatabaseFixups/29DatabaseFixupsSyncCollections] Collections: Found 0 collections tags in section 1.
Dec 12, 2025 23:31:15.775 [139790881876792] DEBUG - [DatabaseFixups/29DatabaseFixupsSyncCollections] Collections: We had 0 collections in the library already.
Dec 12, 2025 23:31:15.775 [139790881876792] DEBUG - [DatabaseFixups/29DatabaseFixupsSyncCollections] Collections: Synced tags in section 1 in 3ms.
Dec 12, 2025 23:31:15.778 [139790881876792] DEBUG - [DatabaseFixups/29DatabaseFixupsSyncCollections] Collections: Refreshed attributes for 0 collections in section 1 in 2ms.
Dec 12, 2025 23:31:15.778 [139790881876792] DEBUG - [DatabaseFixups/29DatabaseFixupsSyncCollections] Collection: Refreshed visibility in section 1 in 0ms.
Dec 12, 2025 23:31:15.779 [139790881876792] DEBUG - [DatabaseFixups/29DatabaseFixupsSyncCollections] Collections: Found 0 collections tags in section 2.
Dec 12, 2025 23:31:15.779 [139790881876792] DEBUG - [DatabaseFixups/29DatabaseFixupsSyncCollections] Collections: We had 0 collections in the library already.
Dec 12, 2025 23:31:15.779 [139790881876792] DEBUG - [DatabaseFixups/29DatabaseFixupsSyncCollections] Collections: Synced tags in section 2 in 0ms.
Dec 12, 2025 23:31:15.779 [139790881876792] DEBUG - [DatabaseFixups/29DatabaseFixupsSyncCollections] Collections: Found 0 collections tags in section 2.
Dec 12, 2025 23:31:15.779 [139790881876792] DEBUG - [DatabaseFixups/29DatabaseFixupsSyncCollections] Collections: We had 0 collections in the library already.
Dec 12, 2025 23:31:15.779 [139790881876792] DEBUG - [DatabaseFixups/29DatabaseFixupsSyncCollections] Collections: Synced tags in section 2 in 0ms.
Dec 12, 2025 23:31:15.780 [139790881876792] DEBUG - [DatabaseFixups/29DatabaseFixupsSyncCollections] Collections: Found 0 collections tags in section 2.
Dec 12, 2025 23:31:15.780 [139790881876792] DEBUG - [DatabaseFixups/29DatabaseFixupsSyncCollections] Collections: We had 0 collections in the library already.
Dec 12, 2025 23:31:15.780 [139790881876792] DEBUG - [DatabaseFixups/29DatabaseFixupsSyncCollections] Collections: Synced tags in section 2 in 1ms.
Dec 12, 2025 23:31:15.782 [139790881876792] DEBUG - [DatabaseFixups/29DatabaseFixupsSyncCollections] Collections: Refreshed attributes for 0 collections in section 2 in 2ms.
Dec 12, 2025 23:31:15.783 [139790881876792] DEBUG - [DatabaseFixups/29DatabaseFixupsSyncCollections] Collection: Refreshed visibility in section 2 in 0ms.
Dec 12, 2025 23:31:15.783 [139790881876792] DEBUG - [DatabaseFixups/29DatabaseFixupsSyncCollections] Fixup completed
Dec 12, 2025 23:31:15.783 [139790881876792] DEBUG - [DatabaseFixups/31DatabaseFixupsCleanupActivities] Executing fixup
Dec 12, 2025 23:31:15.783 [139790881876792] DEBUG - [DatabaseFixups/31DatabaseFixupsCleanupActivities] Fixup completed
Dec 12, 2025 23:31:15.783 [139790881876792] DEBUG - [DatabaseFixups/35DatabaseFixupsConsolidatePeopleTags] Executing fixup
Dec 12, 2025 23:31:15.784 [139790881876792] DEBUG - [DatabaseFixups/35DatabaseFixupsConsolidatePeopleTags] Fixup completed
Dec 12, 2025 23:31:15.784 [139790881876792] DEBUG - [DatabaseFixups/54DatabaseFixupsGarbageCollectTransientMetadataRelations] Executing fixup
Dec 12, 2025 23:31:15.784 [139790881876792] DEBUG - [DatabaseFixups/54DatabaseFixupsGarbageCollectTransientMetadataRelations] Fixup completed
Dec 12, 2025 23:31:15.784 [139790881876792] DEBUG - [DatabaseFixups/48DatabaseFixupsResetCorruptedMetadataItemClusters] Executing fixup
Dec 12, 2025 23:31:15.785 [139790881876792] DEBUG - [DatabaseFixups/48DatabaseFixupsResetCorruptedMetadataItemClusters] Fixup completed
Dec 12, 2025 23:31:15.785 [139790881876792] DEBUG - [DatabaseFixups] Running database fix-ups completed in 0.0 seconds.
Dec 12, 2025 23:31:15.792 [139790875548472] DEBUG - PublicAddressManager: Obtaining public address and mapping port.
Dec 12, 2025 23:31:15.825 [139790917962552] DEBUG - [HttpClient/HCl#4] HTTP/1.1 (0.1s) 200 response from GET http://127.0.0.1:45741/system/agents
Dec 12, 2025 23:31:15.825 [139790913522488] DEBUG - [com.plexapp.system] HTTP reply status 200, with 8986 bytes of content.
Dec 12, 2025 23:31:15.829 [139790913522488] DEBUG - The system knows about 12 agents.
Dec 12, 2025 23:31:15.829 [139790898752312] DEBUG - Starting plug-in /usr/lib/plexmediaserver/Resources/Plug-ins-f737b826c/HTbackdrops.bundle.
Dec 12, 2025 23:31:15.830 [139790869220152] DEBUG - Starting plug-in /usr/lib/plexmediaserver/Resources/Plug-ins-f737b826c/MoviePosterDB.bundle.
Dec 12, 2025 23:31:15.830 [139790867110712] DEBUG - Starting plug-in /usr/lib/plexmediaserver/Resources/Plug-ins-f737b826c/Scanners.bundle.
Dec 12, 2025 23:31:15.830 [139790913522488] DEBUG - Waiting for 16 plug-ins to finish starting.
Dec 12, 2025 23:31:15.832 [139790898752312] DEBUG - Perfect cache hit, we don't need to start [com.plexapp.agents.htbackdrops] yet.
Dec 12, 2025 23:31:15.832 [139790898752312] DEBUG - Starting plug-in /usr/lib/plexmediaserver/Resources/Plug-ins-f737b826c/TheMovieDB.bundle.
Dec 12, 2025 23:31:15.832 [139790869220152] DEBUG - Perfect cache hit, we don't need to start [com.plexapp.agents.movieposterdb] yet.
Dec 12, 2025 23:31:15.832 [139790869220152] DEBUG - Starting plug-in /usr/lib/plexmediaserver/Resources/Plug-ins-f737b826c/Fanart-TV.bundle.
Dec 12, 2025 23:31:15.837 [139790898752312] DEBUG - Perfect cache hit, we don't need to start [com.plexapp.agents.themoviedb] yet.
Dec 12, 2025 23:31:15.837 [139790898752312] DEBUG - Starting plug-in /usr/lib/plexmediaserver/Resources/Plug-ins-f737b826c/LocalMedia.bundle.
Dec 12, 2025 23:31:15.837 [139790867110712] DEBUG - Starting plug-in /usr/lib/plexmediaserver/Resources/Plug-ins-f737b826c/WebClient.bundle.
Dec 12, 2025 23:31:15.839 [139790898752312] DEBUG - Perfect cache hit, we don't need to start [com.plexapp.agents.localmedia] yet.
Dec 12, 2025 23:31:15.839 [139790898752312] DEBUG - Starting plug-in /usr/lib/plexmediaserver/Resources/Plug-ins-f737b826c/Musicbrainz.bundle.
Dec 12, 2025 23:31:15.840 [139790867110712] DEBUG - Starting plug-in /usr/lib/plexmediaserver/Resources/Plug-ins-f737b826c/PersonalMedia.bundle.
Dec 12, 2025 23:31:15.841 [139790869220152] DEBUG - Perfect cache hit, we don't need to start [com.plexapp.agents.fanarttv] yet.
Dec 12, 2025 23:31:15.841 [139790869220152] DEBUG - Starting plug-in /usr/lib/plexmediaserver/Resources/Plug-ins-f737b826c/LyricFind.bundle.
Dec 12, 2025 23:31:15.841 [139790898752312] DEBUG - Perfect cache hit, we don't need to start [org.musicbrainz.agents.music] yet.
Dec 12, 2025 23:31:15.841 [139790898752312] DEBUG - Starting plug-in /usr/lib/plexmediaserver/Resources/Plug-ins-f737b826c/PlexMovie.bundle.
Dec 12, 2025 23:31:15.843 [139790867110712] DEBUG - Perfect cache hit, we don't need to start [com.plexapp.agents.none] yet.
Dec 12, 2025 23:31:15.843 [139790898752312] DEBUG - Perfect cache hit, we don't need to start [com.plexapp.agents.imdb] yet.
Dec 12, 2025 23:31:15.843 [139790898752312] DEBUG - Starting plug-in /usr/lib/plexmediaserver/Resources/Plug-ins-f737b826c/TheTVDBv4.bundle.
Dec 12, 2025 23:31:15.843 [139790867110712] DEBUG - Starting plug-in /usr/lib/plexmediaserver/Resources/Plug-ins-f737b826c/Media-Flags.bundle.
Dec 12, 2025 23:31:15.845 [139790869220152] DEBUG - Perfect cache hit, we don't need to start [com.plexapp.agents.lyricfind] yet.
Dec 12, 2025 23:31:15.845 [139790869220152] DEBUG - Starting plug-in /usr/lib/plexmediaserver/Resources/Plug-ins-f737b826c/PlexThemeMusic.bundle.
Dec 12, 2025 23:31:15.845 [139790898752312] DEBUG - Perfect cache hit, we don't need to start [com.plexapp.agents.thetvdb] yet.
Dec 12, 2025 23:31:15.846 [139790898752312] DEBUG - Starting plug-in /usr/lib/plexmediaserver/Resources/Plug-ins-f737b826c/LastFM.bundle.
Dec 12, 2025 23:31:15.848 [139790898752312] DEBUG - Perfect cache hit, we don't need to start [com.plexapp.agents.lastfm] yet.
Dec 12, 2025 23:31:15.848 [139790898752312] DEBUG - Starting plug-in /usr/lib/plexmediaserver/Resources/Plug-ins-f737b826c/Framework.bundle.
Dec 12, 2025 23:31:15.848 [139790869220152] DEBUG - Perfect cache hit, we don't need to start [com.plexapp.agents.plexthememusic] yet.
Dec 12, 2025 23:31:15.849 [139790913522488] DEBUG - Starting scheduled updates, every 3600 seconds
Dec 12, 2025 23:31:15.849 [139790913522488] INFO - LibraryUpdateManager path watching is disabled
Dec 12, 2025 23:31:15.849 [139790913522488] DEBUG - Done waiting for all plug-ins to start.
Dec 12, 2025 23:31:15.849 [139790913522488] DEBUG - PluginRepository::setStartState: 3, complete
Dec 12, 2025 23:31:15.850 [139790871329592] DEBUG - Downloading document http://127.0.0.1:32400/:/plugins/com.plexapp.agents.imdb/prefs
Dec 12, 2025 23:31:15.851 [139790871329592] DEBUG - Translator: Found locale de
Dec 12, 2025 23:31:15.851 [139790871329592] DEBUG - Translator: Found locale ru
Dec 12, 2025 23:31:15.851 [139790871329592] DEBUG - Translator: Found locale es
Dec 12, 2025 23:31:15.851 [139790871329592] DEBUG - Translator: Found locale ar
Dec 12, 2025 23:31:15.851 [139790871329592] DEBUG - Translator: Found locale uk
Dec 12, 2025 23:31:15.851 [139790871329592] DEBUG - Translator: Found locale en
Dec 12, 2025 23:31:15.851 [139790871329592] DEBUG - Translator: Found locale ja_JP
Dec 12, 2025 23:31:15.851 [139790871329592] DEBUG - Translator: Found locale sr
Dec 12, 2025 23:31:15.851 [139790871329592] DEBUG - Translator: Found locale pl
Dec 12, 2025 23:31:15.851 [139790871329592] DEBUG - Translator: Found locale da
Dec 12, 2025 23:31:15.851 [139790871329592] DEBUG - Translator: Found locale sv
Dec 12, 2025 23:31:15.851 [139790871329592] DEBUG - Translator: Found locale pt_BR
Dec 12, 2025 23:31:15.851 [139790871329592] DEBUG - Translator: Found locale sk
Dec 12, 2025 23:31:15.851 [139790871329592] DEBUG - Translator: Found locale hu_HU
Dec 12, 2025 23:31:15.851 [139790871329592] DEBUG - Translator: Found locale hr_HR
Dec 12, 2025 23:31:15.851 [139790871329592] DEBUG - Translator: Found locale it
Dec 12, 2025 23:31:15.851 [139790871329592] DEBUG - Translator: Found locale ko
Dec 12, 2025 23:31:15.851 [139790871329592] DEBUG - Translator: Found locale pt
Dec 12, 2025 23:31:15.851 [139790871329592] DEBUG - Translator: Found locale he
Dec 12, 2025 23:31:15.851 [139790871329592] DEBUG - Translator: Found locale cs_CZ
Dec 12, 2025 23:31:15.851 [139790871329592] DEBUG - Translator: Found locale fi
Dec 12, 2025 23:31:15.851 [139790871329592] DEBUG - Translator: Found locale hu
Dec 12, 2025 23:31:15.851 [139790871329592] DEBUG - Translator: Found locale fr
Dec 12, 2025 23:31:15.851 [139790871329592] DEBUG - Translator: Found locale et_EE
Dec 12, 2025 23:31:15.851 [139790871329592] DEBUG - Translator: Found locale af
Dec 12, 2025 23:31:15.851 [139790871329592] DEBUG - Translator: Found locale nl
Dec 12, 2025 23:31:15.851 [139790871329592] DEBUG - Translator: Found locale nl_BE
Dec 12, 2025 23:31:15.851 [139790871329592] DEBUG - Translator: Found locale ro
Dec 12, 2025 23:31:15.851 [139790871329592] DEBUG - Translator: Found locale zh_CN
Dec 12, 2025 23:31:15.851 [139790871329592] DEBUG - Translator: Found locale sl
Dec 12, 2025 23:31:15.851 [139790871329592] DEBUG - Translator: Found locale no
Dec 12, 2025 23:31:15.851 [139790871329592] DEBUG - Translator: Found locale lt
Dec 12, 2025 23:31:15.859 [139790871329592] DEBUG - [Req#b] Starting file watcher for com.plexapp.agents.imdb
Dec 12, 2025 23:31:15.859 [139790871329592] DEBUG - [Req#b] Plugin: setting environment variable: 'PYTHONHOME=/usr/lib/plexmediaserver/Resources/Python'
Dec 12, 2025 23:31:15.859 [139790871329592] DEBUG - [Req#b] Plugin: setting environment variable: 'PYTHONPATH=/usr/lib/plexmediaserver/Resources/Python/python27.zip:/usr/lib/plexmediaserver/Resources/Python/lib/python2.7/site-packages'
Dec 12, 2025 23:31:15.860 [139790871329592] DEBUG - [Req#b] Spawned plug-in com.plexapp.agents.imdb with PID 315
Dec 12, 2025 23:31:15.860 [139790871329592] DEBUG - [Req#b] [com.plexapp.agents.imdb] Sending command: GET /:/prefixes
Dec 12, 2025 23:31:16.025 [139790917962552] DEBUG - [HttpClient/HCl#6] HTTP/1.1 (0.3s) 200 response from GET https://plex.tv/api/v2/user?includeSubscriptions=1&includeProviders=1 (reused)
Dec 12, 2025 23:31:16.027 [139790909299512] DEBUG - MyPlex: username is amj1603, login is amj16012004@gmail.com, home is 0, no pin
Dec 12, 2025 23:31:16.027 [139790900861752] DEBUG - [HCl#b] HTTP requesting GET https://plex.tv/api/v2/geoip
Dec 12, 2025 23:31:16.158 [139790917962552] DEBUG - [HttpClient/HCl#b] HTTP/1.1 (0.1s) 200 response from GET https://plex.tv/api/v2/geoip (reused)
Dec 12, 2025 23:31:16.159 [139790873439032] DEBUG - [HCl#c] HTTP requesting GET https://plex.tv/api/v2/server/webhooks?X-Plex-Token=xxxxxxxxxxxxxxxxxxxx
Dec 12, 2025 23:31:16.160 [139790900861752] DEBUG - [HCl#d] HTTP requesting GET https://plex.tv/api/v2/user/privacy?X-Plex-Token=xxxxxxxxxxxxxxxxxxxx
Dec 12, 2025 23:31:16.160 [139790925167416] DEBUG - [EventSourceClient/pubsub/176.58.107.84:443] Resolving 176.58.107.84 port 443
Dec 12, 2025 23:31:16.160 [139790925167416] DEBUG - [EventSourceClient/pubsub/176.58.107.84:443] Resolved 176.58.107.84 to 176.58.107.84:443
Dec 12, 2025 23:31:16.210 [139790917962552] DEBUG - [HttpClient/HCl#8] HTTP/1.1 (0.4s) 200 response from GET https://plex.tv/api/v2/release_channels?X-Plex-Token=xxxxxxxxxxxxxxxxxxxx
Dec 12, 2025 23:31:16.237 [139790917962552] DEBUG - [HttpClient/HCl#a] HTTP/1.1 (0.5s) 200 response from GET https://plex.tv/api/v2/user/privacy?X-Plex-Token=xxxxxxxxxxxxxxxxxxxx
Dec 12, 2025 23:31:16.278 [139790917962552] DEBUG - [HttpClient/HCl#5] HTTP/1.1 (0.5s) 200 response from GET https://v4.plex.tv/pms/:/ip
Dec 12, 2025 23:31:16.278 [139790934960952] DEBUG - PublicAddressManager: Got public IP from v4.plex.tv: 185.182.126.187
Dec 12, 2025 23:31:16.303 [139790927276856] DEBUG - [EventSourceClient/pubsub/176.58.107.84:443] Connected in 142 ms.
Dec 12, 2025 23:31:16.303 [139790927276856] DEBUG - [EventSourceClient/pubsub/176.58.107.84:443] Wrote data, reading reply.
Dec 12, 2025 23:31:16.322 [139790917962552] DEBUG - [HttpClient/HCl#7] HTTP/1.1 (0.6s) 200 response from GET https://plex.tv/api/taas/profile
Dec 12, 2025 23:31:16.322 [139790917962552] DEBUG - [HttpClient/HCl#9] HTTP/1.1 (0.5s) 200 response from GET https://plex.tv/api/v2/features?X-Plex-Token=xxxxxxxxxxxxxxxxxxxx
Dec 12, 2025 23:31:16.323 [139790917962552] DEBUG - [HttpClient/HCl#c] HTTP/1.1 (0.2s) 200 response from GET https://plex.tv/api/v2/server/webhooks?X-Plex-Token=xxxxxxxxxxxxxxxxxxxx (reused)
Dec 12, 2025 23:31:16.325 [139790883986232] DEBUG - [HCl#e] HTTP requesting GET https://plex.tv/api/v2/server/users/features
Dec 12, 2025 23:31:16.491 [139790917962552] DEBUG - [HttpClient/HCl#e] HTTP/1.1 (0.2s) 200 response from GET https://plex.tv/api/v2/server/users/features (reused)
Dec 12, 2025 23:31:16.602 [139790917962552] DEBUG - [HttpClient/HCl#d] HTTP/1.1 (0.4s) 200 response from GET https://plex.tv/api/v2/user/privacy?X-Plex-Token=xxxxxxxxxxxxxxxxxxxx
Dec 12, 2025 23:31:16.607 [139790900861752] DEBUG - [HCl#f] HTTP requesting GET https://plex.tv/api/v2/release_channels?X-Plex-Token=xxxxxxxxxxxxxxxxxxxx
Dec 12, 2025 23:31:16.691 [139790925167416] DEBUG - [EventSourceClient/pubsub/176.58.107.84:443] Read HTTP reply header.
Dec 12, 2025 23:31:16.691 [139790925167416] DEBUG - [EventSourceClient/pubsub/176.58.107.84:443] MyPlex: We appear to have regained Internet connectivity.
Dec 12, 2025 23:31:16.716 [139790925167416] DEBUG - [EventSourceClient/pubsub/176.58.107.84:443] PublicAddressManager: Obtaining public address and mapping port.
Dec 12, 2025 23:31:16.716 [139790925167416] DEBUG - [EventSourceClient/pubsub/176.58.107.84:443] MyPlex: async reachability check - current mapped state: 'Not Mapped'.
Dec 12, 2025 23:31:16.716 [139790925167416] WARN - [EventSourceClient/pubsub/176.58.107.84:443] MyPlex: attempted a reachability check but we're not yet mapped.
Dec 12, 2025 23:31:16.716 [139790925167416] DEBUG - [EventSourceClient/pubsub/176.58.107.84:443] Successfully connected to 176.58.107.84.
Dec 12, 2025 23:31:16.771 [139790917962552] DEBUG - [HttpClient/HCl#f] HTTP/1.1 (0.2s) 200 response from GET https://plex.tv/api/v2/release_channels?X-Plex-Token=xxxxxxxxxxxxxxxxxxxx (reused)
Dec 12, 2025 23:31:16.773 [139790900861752] DEBUG - [HCl#10] HTTP requesting GET https://plex.tv/api/v2/features?X-Plex-Token=xxxxxxxxxxxxxxxxxxxx
Dec 12, 2025 23:31:16.970 [139790917962552] DEBUG - [HttpClient/HCl#10] HTTP/1.1 (0.2s) 200 response from GET https://plex.tv/api/v2/features?X-Plex-Token=xxxxxxxxxxxxxxxxxxxx (reused)
Dec 12, 2025 23:31:16.971 [139790900861752] DEBUG - [HCl#11] HTTP requesting GET https://plex.tv/api/v2/server/users/features
Dec 12, 2025 23:31:17.139 [139790917962552] DEBUG - [HttpClient/HCl#11] HTTP/1.1 (0.2s) 200 response from GET https://plex.tv/api/v2/server/users/features (reused)
Dec 12, 2025 23:31:17.148 [139790900861752] DEBUG - CERT: Certificate will not expire soon; we'll check again in a week.
Dec 12, 2025 23:31:17.149 [139790843853624] DEBUG - MyPlex: sendMapping resetting state - previous mapping state: 'Not Mapped'.
Dec 12, 2025 23:31:17.149 [139790843853624] DEBUG - MyPlex: mapping state set to 'Unknown'.
Dec 12, 2025 23:31:17.149 [139790900861752] DEBUG - MyPlex: Updating device connections (from timer: 0)
Dec 12, 2025 23:31:17.149 [139790900861752] DEBUG - [HCl#12] HTTP requesting PUT https://plex.tv/devices/ee184565d045d16e3b69df5ffe0e3bed7a8c8e47?Connection[][uri]=http://172.27.0.2:32400&httpsEnabled=1&httpsRequired=0&dnsRebindingProtection=0&X-Plex-Token=xxxxxxxxxxxxxxxxxxxx
Dec 12, 2025 23:31:17.149 [139790843853624] DEBUG - MyPlex: Sending Server Info to myPlex (user=amj16012004@gmail.com, ip=, port=0)
Dec 12, 2025 23:31:17.151 [139790843853624] DEBUG - [HCl#13] HTTP requesting POST https://plex.tv/servers.xml?auth_token=xxxxxxxxxxxxxxxxxxxx
Dec 12, 2025 23:31:17.159 [139790905080632] DEBUG - Request: [127.0.0.1:56344 (Loopback)] GET /system/messaging/clear_events/com.plexapp.agents.imdb (3 live) #9 GZIP Signed-in Token (amj1603)
Dec 12, 2025 23:31:17.159 [139790905080632] DEBUG - [Req#9] [com.plexapp.system] Sending command over HTTP (GET): /system/messaging/clear_events/com.plexapp.agents.imdb
Dec 12, 2025 23:31:17.159 [139790905080632] DEBUG - [Req#9/HCl#14] HTTP requesting GET http://127.0.0.1:45741/system/messaging/clear_events/com.plexapp.agents.imdb
Dec 12, 2025 23:31:17.186 [139790917962552] DEBUG - [HttpClient/HCl#14] HTTP/1.1 (0.0s) 200 response from GET http://127.0.0.1:45741/system/messaging/clear_events/com.plexapp.agents.imdb
Dec 12, 2025 23:31:17.186 [139790905080632] DEBUG - [Req#9] [com.plexapp.system] HTTP reply status 200, with 0 bytes of content.
Dec 12, 2025 23:31:17.186 [139790925167416] DEBUG - Completed: [127.0.0.1:56344] 200 GET /system/messaging/clear_events/com.plexapp.agents.imdb (3 live) #9 GZIP 27ms 280 bytes
Dec 12, 2025 23:31:17.312 [139790917962552] DEBUG - [HttpClient/HCl#13] HTTP/1.1 (0.2s) 422 response from POST https://plex.tv/servers.xml?auth_token=xxxxxxxxxxxxxxxxxxxx (reused)
Dec 12, 2025 23:31:17.313 [139790843853624] DEBUG - MyPlex: Published Mapping State response was 422
Dec 12, 2025 23:31:17.313 [139790843853624] DEBUG - MyPlex: Got response for ee184565d045d16e3b69df5ffe0e3bed7a8c8e47 ~ registered :0
Dec 12, 2025 23:31:17.313 [139790843853624] DEBUG - MyPlex: updating mapped state - current state: 'Not Mapped'
Dec 12, 2025 23:31:17.313 [139790843853624] DEBUG - MyPlex: mapping state set to 'Not Mapped'.
Dec 12, 2025 23:31:17.325 [139790917962552] DEBUG - [HttpClient/HCl#12] HTTP/1.1 (0.2s) 200 response from PUT https://plex.tv/devices/ee184565d045d16e3b69df5ffe0e3bed7a8c8e47?Connection[][uri]=http://172.27.0.2:32400&httpsEnabled=1&httpsRequired=0&dnsRebindingProtection=0&X-Plex-Token=xxxxxxxxxxxxxxxxxxxx (reused)
Dec 12, 2025 23:31:17.347 [139790905080632] DEBUG - Request: [127.0.0.1:56356 (Loopback)] GET /:/plugins/com.plexapp.system/resourceHashes (3 live) #12 GZIP Signed-in Token (amj1603)
Dec 12, 2025 23:31:17.347 [139790905080632] DEBUG - [Req#12] [com.plexapp.system] Sending command over HTTP (GET): /:/plugins/com.plexapp.system/resourceHashes
Dec 12, 2025 23:31:17.348 [139790905080632] DEBUG - [Req#12/HCl#15] HTTP requesting GET http://127.0.0.1:45741/:/plugins/com.plexapp.system/resourceHashes
Dec 12, 2025 23:31:17.540 [139790917962552] DEBUG - [HttpClient/HCl#15] HTTP/1.1 (0.2s) 404 response from GET http://127.0.0.1:45741/:/plugins/com.plexapp.system/resourceHashes
Dec 12, 2025 23:31:17.540 [139790905080632] DEBUG - [Req#12] [com.plexapp.system] HTTP reply status 404, with 0 bytes of content.
Dec 12, 2025 23:31:17.541 [139790927276856] DEBUG - Completed: [127.0.0.1:56356] 404 GET /:/plugins/com.plexapp.system/resourceHashes (3 live) #12 GZIP 193ms 261 bytes
Dec 12, 2025 23:31:17.559 [139790905080632] DEBUG - Request: [127.0.0.1:56364 (Loopback)] GET /:/plugins/com.plexapp.system/messaging/function/X0J1bmRsZVNlcnZpY2U6QWxsU2VydmljZXM_/Y2VyZWFsMQoxCmxpc3QKMApyMAo_/Y2VyZWFsMQoxCmRpY3QKMApyMAo_ (3 live) #14 GZIP Signed-in Token (amj1603)
Dec 12, 2025 23:31:17.560 [139790905080632] DEBUG - [Req#14] [com.plexapp.system] Sending command over HTTP (GET): /:/plugins/com.plexapp.system/messaging/function/X0J1bmRsZVNlcnZpY2U6QWxsU2VydmljZXM_/Y2VyZWFsMQoxCmxpc3QKMApyMAo_/Y2VyZWFsMQoxCmRpY3QKMApyMAo_
Dec 12, 2025 23:31:17.560 [139790905080632] DEBUG - [Req#14/HCl#16] HTTP requesting GET http://127.0.0.1:45741/:/plugins/com.plexapp.system/messaging/function/X0J1bmRsZVNlcnZpY2U6QWxsU2VydmljZXM_/Y2VyZWFsMQoxCmxpc3QKMApyMAo_/Y2VyZWFsMQoxCmRpY3QKMApyMAo_
Dec 12, 2025 23:31:17.570 [139790917962552] DEBUG - [HttpClient/HCl#16] HTTP/1.1 (0.0s) 200 response from GET http://127.0.0.1:45741/:/plugins/com.plexapp.system/messaging/function/X0J1bmRsZVNlcnZpY2U6QWxsU2VydmljZXM_/Y2VyZWFsMQoxCmxpc3QKMApyMAo_/Y2VyZWFsMQoxCmRpY3QKMApyMAo_
Dec 12, 2025 23:31:17.570 [139790905080632] DEBUG - [Req#14] [com.plexapp.system] HTTP reply status 200, with 516 bytes of content.
Dec 12, 2025 23:31:17.570 [139790925167416] DEBUG - Completed: [127.0.0.1:56364] 200 GET /:/plugins/com.plexapp.system/messaging/function/X0J1bmRsZVNlcnZpY2U6QWxsU2VydmljZXM_/Y2VyZWFsMQoxCmxpc3QKMApyMAo_/Y2VyZWFsMQoxCmRpY3QKMApyMAo_ (4 live) #14 GZIP 11ms 746 bytes
Dec 12, 2025 23:31:17.608 [139790905080632] DEBUG - Request: [127.0.0.1:56370 (Loopback)] GET / (3 live) #16 GZIP Signed-in Token (amj1603)
Dec 12, 2025 23:31:17.610 [139790927276856] DEBUG - Completed: [127.0.0.1:56370] 200 GET / (3 live) #16 GZIP 1ms 3954 bytes
Dec 12, 2025 23:31:18.320 [139790905080632] DEBUG - Request: [127.0.0.1:56384 (Loopback)] GET /:/plugins/com.plexapp.system/messaging/function/X0FnZW50U2VydmljZTpVcGRhdGVJbmZv/Y2VyZWFsMQoxCmxpc3QKMApyMAo_/Y2VyZWFsMQo3CmRpY3QKbGlzdApkaWN0Cmxpc3QKbGlzdApsaXN0Cmxpc3QKMgpzMjMKY29tLnBsZXhhcHAuYWdlbnRzLmltZGJzMTAKaWRlbnRpZmllcnIxCnMxMAphZ2VudF9pbmZvMQpyMgoxMApyMwpzMTEKbWVkaWFfdHlwZXNyNApzMTIKYWNjZXB0c19mcm9tbnMxNApmYWxsYmFja19hZ2VudHI1CnMxNApjb250cmlidXRlc190b3I2CnM5Cmxhbmd1YWdlc2IxczIwCnBlcnNpc3Rfc3RvcmVkX2ZpbGVzaTAKczcKdmVyc2lvbmIxczE2CnByaW1hcnlfcHJvdmlkZXJiMXM1CnByZWZzczE5ClBsZXggTW92aWUgKExlZ2FjeSlzNApuYW1lMQpzNQpNb3ZpZTEKczI5CmNvbS5wbGV4YXBwLmFnZW50cy5sb2NhbG1lZGlhMQpzMjkKY29tLnBsZXhhcHAuYWdlbnRzLnRoZW1vdmllZGIzMwpzMgplbnMyCnN2czIKZnJzMgplc3MyCm5sczIKZGVzMgppdHMyCmRhczIKYXJzMgpjYXMyCnpoczIKY3NzMgpldHMyCmZpczIKZWxzMgpoZXMyCmhpczIKaHVzMgppZHMyCmphczIKa29zMgpsdnMyCm5vczIKZmFzMgpwbHMyCnB0czIKcm9zMgpydXMyCnNrczIKdGhzMgp0cnMyCnVrczIKdmlyMAo_ (3 live) #17 GZIP Signed-in Token (amj1603)
Dec 12, 2025 23:31:18.320 [139790905080632] DEBUG - [Req#17] [com.plexapp.system] Sending command over HTTP (GET): /:/plugins/com.plexapp.system/messaging/function/X0FnZW50U2VydmljZTpVcGRhdGVJbmZv/Y2VyZWFsMQoxCmxpc3QKMApyMAo_/Y2VyZWFsMQo3CmRpY3QKbGlzdApkaWN0Cmxpc3QKbGlzdApsaXN0Cmxpc3QKMgpzMjMKY29tLnBsZXhhcHAuYWdlbnRzLmltZGJzMTAKaWRlbnRpZmllcnIxCnMxMAphZ2VudF9pbmZvMQpyMgoxMApyMwpzMTEKbWVkaWFfdHlwZXNyNApzMTIKYWNjZXB0c19mcm9tbnMxNApmYWxsYmFja19hZ2VudHI1CnMxNApjb250cmlidXRlc190b3I2CnM5Cmxhbmd1YWdlc2IxczIwCnBlcnNpc3Rfc3RvcmVkX2ZpbGVzaTAKczcKdmVyc2lvbmIxczE2CnByaW1hcnlfcHJvdmlkZXJiMXM1CnByZWZzczE5ClBsZXggTW92aWUgKExlZ2FjeSlzNApuYW1lMQpzNQpNb3ZpZTEKczI5CmNvbS5wbGV4YXBwLmFnZW50cy5sb2NhbG1lZGlhMQpzMjkKY29tLnBsZXhhcHAuYWdlbnRzLnRoZW1vdmllZGIzMwpzMgplbnMyCnN2czIKZnJzMgplc3MyCm5sczIKZGVzMgppdHMyCmRhczIKYXJzMgpjYXMyCnpoczIKY3NzMgpldHMyCmZpczIKZWxzMgpoZXMyCmhpczIKaHVzMgppZHMyCmphczIKa29zMgpsdnMyCm5vczIKZmFzMgpwbHMyCnB0czIKcm9zMgpydXMyCnNrczIKdGhzMgp0cnMyCnVrczIKdmlyMAo_
Dec 12, 2025 23:31:18.320 [139790905080632] DEBUG - [Req#17/HCl#17] HTTP requesting GET http://127.0.0.1:45741/:/plugins/com.plexapp.system/messaging/function/X0FnZW50U2VydmljZTpVcGRhdGVJbmZv/Y2VyZWFsMQoxCmxpc3QKMApyMAo_/Y2VyZWFsMQo3CmRpY3QKbGlzdApkaWN0Cmxpc3QKbGlzdApsaXN0Cmxpc3QKMgpzMjMKY29tLnBsZXhhcHAuYWdlbnRzLmltZGJzMTAKaWRlbnRpZmllcnIxCnMxMAphZ2VudF9pbmZvMQpyMgoxMApyMwpzMTEKbWVkaWFfdHlwZXNyNApzMTIKYWNjZXB0c19mcm9tbnMxNApmYWxsYmFja19hZ2VudHI1CnMxNApjb250cmlidXRlc190b3I2CnM5Cmxhbmd1YWdlc2IxczIwCnBlcnNpc3Rfc3RvcmVkX2ZpbGVzaTAKczcKdmVyc2lvbmIxczE2CnByaW1hcnlfcHJvdmlkZXJiMXM1CnByZWZzczE5ClBsZXggTW92aWUgKExlZ2FjeSlzNApuYW1lMQpzNQpNb3ZpZTEKczI5CmNvbS5wbGV4YXBwLmFnZW50cy5sb2NhbG1lZGlhMQpzMjkKY29tLnBsZXhhcHAuYWdlbnRzLnRoZW1vdmllZGIzMwpzMgplbnMyCnN2czIKZnJzMgplc3MyCm5sczIKZGVzMgppdHMyCmRhczIKYXJzMgpjYXMyCnpoczIKY3NzMgpldHMyCmZpczIKZWxzMgpoZXMyCmhpczIKaHVzMgppZHMyCmphczIKa29zMgpsdnMyCm5vczIKZmFzMgpwbHMyCnB0czIKcm9zMgpydXMyCnNrczIKdGhzMgp0cnMyCnVrczIKdmlyMAo_
Dec 12, 2025 23:31:18.324 [139790917962552] DEBUG - [HttpClient/HCl#17] HTTP/1.1 (0.0s) 200 response from GET http://127.0.0.1:45741/:/plugins/com.plexapp.system/messaging/function/X0FnZW50U2VydmljZTpVcGRhdGVJbmZv/Y2VyZWFsMQoxCmxpc3QKMApyMAo_/Y2VyZWFsMQo3CmRpY3QKbGlzdApkaWN0Cmxpc3QKbGlzdApsaXN0Cmxpc3QKMgpzMjMKY29tLnBsZXhhcHAuYWdlbnRzLmltZGJzMTAKaWRlbnRpZmllcnIxCnMxMAphZ2VudF9pbmZvMQpyMgoxMApyMwpzMTEKbWVkaWFfdHlwZXNyNApzMTIKYWNjZXB0c19mcm9tbnMxNApmYWxsYmFja19hZ2VudHI1CnMxNApjb250cmlidXRlc190b3I2CnM5Cmxhbmd1YWdlc2IxczIwCnBlcnNpc3Rfc3RvcmVkX2ZpbGVzaTAKczcKdmVyc2lvbmIxczE2CnByaW1hcnlfcHJvdmlkZXJiMXM1CnByZWZzczE5ClBsZXggTW92aWUgKExlZ2FjeSlzNApuYW1lMQpzNQpNb3ZpZTEKczI5CmNvbS5wbGV4YXBwLmFnZW50cy5sb2NhbG1lZGlhMQpzMjkKY29tLnBsZXhhcHAuYWdlbnRzLnRoZW1vdmllZGIzMwpzMgplbnMyCnN2czIKZnJzMgplc3MyCm5sczIKZGVzMgppdHMyCmRhczIKYXJzMgpjYXMyCnpoczIKY3NzMgpldHMyCmZpczIKZWxzMgpoZXMyCmhpczIKaHVzMgppZHMyCmphczIKa29zMgpsdnMyCm5vczIKZmFzMgpwbHMyCnB0czIKcm9zMgpydXMyCnNrczIKdGhzMgp0cnMyCnVrczIKdmlyMAo_
Dec 12, 2025 23:31:18.324 [139790905080632] DEBUG - [Req#17] [com.plexapp.system] HTTP reply status 200, with 16 bytes of content.
Dec 12, 2025 23:31:18.324 [139790927276856] DEBUG - Completed: [127.0.0.1:56384] 200 GET /:/plugins/com.plexapp.system/messaging/function/X0FnZW50U2VydmljZTpVcGRhdGVJbmZv/Y2VyZWFsMQoxCmxpc3QKMApyMAo_/Y2VyZWFsMQo3CmRpY3QKbGlzdApkaWN0Cmxpc3QKbGlzdApsaXN0Cmxpc3QKMgpzMjMKY29tLnBsZXhhcHAuYWdlbnRzLmltZGJzMTAKaWRlbnRpZmllcnIxCnMxMAphZ2VudF9pbmZvMQpyMgoxMApyMwpzMTEKbWVkaWFfdHlwZXNyNApzMTIKYWNjZXB0c19mcm9tbnMxNApmYWxsYmFja19hZ2VudHI1CnMxNApjb250cmlidXRlc190b3I2CnM5Cmxhbmd1YWdlc2IxczIwCnBlcnNpc3Rfc3RvcmVkX2ZpbGVzaTAKczcKdmVyc2lvbmIxczE2CnByaW1hcnlfcHJvdmlkZXJiMXM1CnByZWZzczE5ClBsZXggTW92aWUgKExlZ2FjeSlzNApuYW1lMQpzNQpNb3ZpZTEKczI5CmNvbS5wbGV4YXBwLmFnZW50cy5sb2NhbG1lZGlhMQpzMjkKY29tLnBsZXhhcHAuYWdlbnRzLnRoZW1vdmllZGIzMwpzMgplbnMyCnN2czIKZnJzMgplc3MyCm5sczIKZGVzMgppdHMyCmRhczIKYXJzMgpjYXMyCnpoczIKY3NzMgpldHMyCmZpczIKZWxzMgpoZXMyCmhpczIKaHVzMgppZHMyCmphczIKa29zMgpsdnMyCm5vczIKZmFzMgpwbHMyCnB0czIKcm9zMgpydXMyCnNrczIKdGhzMgp0cnMyCnVrczIKdmlyMAo_ (3 live) #17 GZIP 4ms 415 bytes
Dec 12, 2025 23:31:18.329 [139790871329592] DEBUG - [Req#b] Reading 148 bytes in the body, code is 200
Dec 12, 2025 23:31:18.329 [139790871329592] DEBUG - [Req#b] [com.plexapp.agents.imdb] Plug-in running on port 42615.
Dec 12, 2025 23:31:18.329 [139790871329592] DEBUG - [Req#b] Read configuration for [com.plexapp.agents.imdb], had 0 prefixes
Dec 12, 2025 23:31:18.329 [139790871329592] DEBUG - [Req#b] [com.plexapp.agents.imdb] Sending command over HTTP (GET): /:/plugins/com.plexapp.agents.imdb/prefs
Dec 12, 2025 23:31:18.329 [139790871329592] DEBUG - [Req#b/HCl#18] HTTP requesting GET http://127.0.0.1:42615/:/plugins/com.plexapp.agents.imdb/prefs
Dec 12, 2025 23:31:18.346 [139790917962552] DEBUG - [HttpClient/HCl#18] HTTP/1.1 (0.0s) 200 response from GET http://127.0.0.1:42615/:/plugins/com.plexapp.agents.imdb/prefs
Dec 12, 2025 23:31:18.346 [139790871329592] DEBUG - [Req#b] [com.plexapp.agents.imdb] HTTP reply status 200, with 2224 bytes of content.
Dec 12, 2025 23:31:18.346 [139790871329592] DEBUG - Caching document http://127.0.0.1:32400/:/plugins/com.plexapp.agents.imdb/prefs as 16a75dfe9acb3563ebc8f70f4cc543dde9f6aa8f
Dec 12, 2025 23:31:18.346 [139790871329592] DEBUG - IVA: Downloading trailer lists.
Dec 12, 2025 23:31:18.552 [139790871329592] DEBUG - IVA: Downloaded 26 trailers for source 1.
Dec 12, 2025 23:31:18.603 [139790871329592] DEBUG - IVA: Downloaded 9 trailers for source 2.
Dec 12, 2025 23:31:19.160 [139790886095672] DEBUG - [MediaProviderManager] Refreshing media providers
Dec 12, 2025 23:31:19.161 [139790886095672] DEBUG - [MediaProviderManager/Response::fetch/HCl#1d] HTTP requesting GET https://plex.tv/media/providers
Dec 12, 2025 23:31:19.604 [139790917962552] DEBUG - [HttpClient/HCl#1d] HTTP/1.1 (0.4s) 200 response from GET https://plex.tv/media/providers
Dec 12, 2025 23:31:19.604 [139790886095672] DEBUG - [MediaProviderManager] discovered cloud provider (Movies & Shows)
Dec 12, 2025 23:31:19.604 [139790886095672] DEBUG - [MediaProviderManager] discovered cloud provider (Metadata)
Dec 12, 2025 23:31:19.604 [139790886095672] DEBUG - [MediaProviderManager] loading cloud provider details (Metadata) (alive: 0)
Dec 12, 2025 23:31:19.604 [139790875548472] DEBUG - [MediaProviderManager/HCl#21] HTTP requesting GET https://vod.provider.plex.tv?includePreferences=1
Dec 12, 2025 23:31:19.791 [139790917962552] DEBUG - [HttpClient/HCl#21] HTTP/2.0 (0.2s) 200 response from GET https://vod.provider.plex.tv?includePreferences=1
Dec 12, 2025 23:31:19.821 [139790886095672] DEBUG - [MediaProviderManager] loading cloud provider details (Movies & Shows) (alive: 1)
Dec 12, 2025 23:31:19.821 [139790886095672] DEBUG - [MediaProviderManager] we had 0 cloud providers online, we now have 2
Dec 12, 2025 23:31:19.821 [139790886095672] DEBUG - [MediaProviderManager] cloud provider (Metadata) is online and available
Dec 12, 2025 23:31:19.821 [139790886095672] DEBUG - [MediaProviderManager] cloud provider (Movies & Shows) is online and available
Dec 12, 2025 23:31:19.823 [139790886095672] DEBUG - [MediaProviderManager/MetadataAgentManager] Found media provider for agent provider 'tv.plex.agents.movie' with source URI 'provider://tv.plex.provider.metadata'
Dec 12, 2025 23:31:19.823 [139790886095672] DEBUG - [MediaProviderManager/MetadataAgentManager] Found media provider for agent provider 'tv.plex.agents.series' with source URI 'provider://tv.plex.provider.metadata'
Dec 12, 2025 23:31:19.824 [139790886095672] DEBUG - [MediaProviderManager/MetadataAgentManager] Found media provider for agent provider 'tv.plex.agents.music' with source URI 'provider://tv.plex.provider.metadata'
Dec 12, 2025 23:31:19.824 [139790886095672] DEBUG - [MediaProviderManager/MetadataAgentManager] Found media provider for agent provider 'org.musicbrainz.agents.music' with source URI 'provider://tv.plex.provider.metadata'
Dec 12, 2025 23:31:19.824 [139790886095672] DEBUG - [MediaProviderManager] Media provider refresh complete
Dec 12, 2025 23:31:20.764 [139790894533432] DEBUG - [NSB] NetworkServiceBrowser: SERVER arrived: 127.0.0.1 (PLEX)
Dec 12, 2025 23:31:20.764 [139790894533432] DEBUG - [NSB] Notifying the system bundle an update to server /system/notify/serverUpdated?host=127.0.0.1
Dec 12, 2025 23:31:20.765 [139790894533432] DEBUG - [NSB] [com.plexapp.system] Sending command over HTTP (GET): /system/notify/serverUpdated?host=127.0.0.1
Dec 12, 2025 23:31:20.765 [139790894533432] DEBUG - [NSB/HCl#23] HTTP requesting GET http://127.0.0.1:45741/system/notify/serverUpdated?host=127.0.0.1
Dec 12, 2025 23:31:20.769 [139790905080632] DEBUG - Request: [127.0.0.1:56842 (Loopback)] GET /servers (3 live) #1a GZIP Signed-in Token (amj1603)
Dec 12, 2025 23:31:20.770 [139790927276856] DEBUG - Completed: [127.0.0.1:56842] 200 GET /servers (3 live) #1a GZIP 0ms 488 bytes
Dec 12, 2025 23:31:20.773 [139790917962552] DEBUG - [HttpClient/HCl#23] HTTP/1.1 (0.0s) 200 response from GET http://127.0.0.1:45741/system/notify/serverUpdated?host=127.0.0.1
Dec 12, 2025 23:31:20.773 [139790894533432] DEBUG - [NSB] [com.plexapp.system] HTTP reply status 200, with 0 bytes of content.
Dec 12, 2025 23:31:21.159 [139790890314552] DEBUG - [PubsubServerManager/process/HCl#24] HTTP requesting GET https://plex.tv/services/pubsub/servers
Dec 12, 2025 23:31:21.340 [139790917962552] DEBUG - [HttpClient/HCl#24] HTTP/1.1 (0.2s) 200 response from GET https://plex.tv/services/pubsub/servers (reused)
Dec 12, 2025 23:31:22.181 [139790890314552] DEBUG - [PubsubServerManager/process] Time to connect to 176.58.107.84 was 171 ms.
Dec 12, 2025 23:31:22.181 [139790890314552] DEBUG - [PubsubServerManager/process] Time to connect to 172.104.245.240 was 171 ms.
Dec 12, 2025 23:31:22.181 [139790890314552] DEBUG - [PubsubServerManager/process] Time to connect to 178.79.145.139 was 174 ms.
Dec 12, 2025 23:31:22.181 [139790890314552] DEBUG - [PubsubServerManager/process] Time to connect to 173.255.237.43 was 360 ms.
Dec 12, 2025 23:31:22.181 [139790890314552] DEBUG - [PubsubServerManager/process] Time to connect to 50.116.44.223 was 383 ms.
Dec 12, 2025 23:31:22.181 [139790890314552] DEBUG - [PubsubServerManager/process] Time to connect to 172.105.99.32 was 401 ms.
Dec 12, 2025 23:31:22.181 [139790890314552] DEBUG - [PubsubServerManager/process] Time to connect to 45.33.125.156 was 416 ms.
Dec 12, 2025 23:31:22.181 [139790890314552] DEBUG - [PubsubServerManager/process] Time to connect to 66.175.222.206 was 508 ms.
Dec 12, 2025 23:31:22.181 [139790890314552] DEBUG - [PubsubServerManager/process] Time to connect to 139.162.54.192 was 759 ms.
Dec 12, 2025 23:31:22.181 [139790890314552] DEBUG - [PubsubServerManager/process] Time to connect to 139.162.75.196 was 840 ms.
Dec 12, 2025 23:31:22.182 [139790890314552] DEBUG - [PubsubServerManager/process] Updating best ping time for 176.58.107.84 to 171 ms.
Dec 12, 2025 23:31:23.106 [139790890314552] DEBUG - DVR:Device: Discovering and refreshing all devices.
Dec 12, 2025 23:31:23.106 [139790890314552] DEBUG - Grabber: HDHomerun discovered 0 compatible devices.
Dec 12, 2025 23:31:23.107 [139790890314552] DEBUG - [HCl#25] HTTP requesting POST http://127.0.0.1:32600/devices/discover
Dec 12, 2025 23:31:25.539 [139790917962552] DEBUG - [HttpClient/HCl#25] HTTP/1.1 (2.4s) 200 response from POST http://127.0.0.1:32600/devices/discover
Dec 12, 2025 23:31:25.776 [139790879767352] DEBUG - Grabber: Cleaning up orphaned grabs.
Dec 12, 2025 23:31:25.776 [139790879767352] DEBUG - Grabber: Cleaned up 0 decrepit directories in 0.0 sec.
Dec 12, 2025 23:31:25.776 [139790879767352] DEBUG - Activity: registered new activity 822802cd-17fb-47de-8e96-1fda5155831f - "Processing subscriptions"
Dec 12, 2025 23:31:25.776 [139790879767352] DEBUG - Subscription: Scheduling subscriptions.
Dec 12, 2025 23:31:25.777 [139790879767352] DEBUG - Subscription: Initialized 0 schedulers.
Dec 12, 2025 23:31:25.777 [139790879767352] DEBUG - Subscription: Starting with 0 grabs, scheduled 0 active ones preemptively.
Dec 12, 2025 23:31:25.777 [139790879767352] DEBUG - Subscription: Scheduled all subscriptions in 0 ms.
Dec 12, 2025 23:31:25.777 [139790879767352] DEBUG - Activity: Ended activity 822802cd-17fb-47de-8e96-1fda5155831f.
Dec 12, 2025 23:31:25.777 [139790879767352] DEBUG - Subscription: There are 0 active grabs at the end.
Dec 12, 2025 23:31:25.777 [139790879767352] DEBUG - Activity: Ended activity 287b0d72-47b9-4108-bc47-f81051cf00f1.
Dec 12, 2025 23:31:25.777 [139790879767352] DEBUG - Subscription: Refreshed all content in 0 ms.
Dec 12, 2025 23:31:26.159 [139790871329592] DEBUG - [HCl#26] HTTP requesting GET https://plex.tv/api/resources.xml?includeHttps=1&includeRelay=1&auth_token=xxxxxxxxxxxxxxxxxxxx
Dec 12, 2025 23:31:26.388 [139790917962552] DEBUG - [HttpClient/HCl#26] HTTP/1.1 (0.2s) 200 response from GET https://plex.tv/api/resources.xml?includeHttps=1&includeRelay=1&auth_token=xxxxxxxxxxxxxxxxxxxx (reused)
Dec 12, 2025 23:31:26.389 [139790871329592] DEBUG - Media Server: Tested all servers in 0.0 seconds.
Dec 12, 2025 23:31:27.771 [139790907190072] DEBUG - NAT: UPnP, didn't find usable IGD.
Dec 12, 2025 23:31:27.771 [139790907190072] DEBUG - NAT: PMP, attempting mapping.
Dec 12, 2025 23:31:28.022 [139790907190072] WARN - NAT: PMP, got an error: Not Supported by gateway.
Dec 12, 2025 23:31:28.022 [139790907190072] DEBUG - NAT: UPnP, attempting port mapping.
Dec 12, 2025 23:31:28.285 [139790934960952] DEBUG - NAT: UPnP, getPublicIP didn't find usable IGD.
Dec 12, 2025 23:31:28.536 [139790934960952] WARN - NAT: PMP, got an error: Not Supported by gateway.
Dec 12, 2025 23:31:28.537 [139790934960952] DEBUG - MyPlex: sendMapping resetting state - previous mapping state: 'Not Mapped'.
Dec 12, 2025 23:31:28.537 [139790934960952] DEBUG - MyPlex: mapping state set to 'Unknown'.
Dec 12, 2025 23:31:28.539 [139790934960952] DEBUG - MyPlex: Sending Server Info to myPlex (user=amj16012004@gmail.com, ip=185.182.126.187, port=0)
Dec 12, 2025 23:31:28.539 [139790934960952] DEBUG - [HCl#27] HTTP requesting POST https://plex.tv/servers.xml?auth_token=xxxxxxxxxxxxxxxxxxxx
Dec 12, 2025 23:31:28.749 [139790917962552] DEBUG - [HttpClient/HCl#27] HTTP/1.1 (0.2s) 422 response from POST https://plex.tv/servers.xml?auth_token=xxxxxxxxxxxxxxxxxxxx (reused)
Dec 12, 2025 23:31:28.749 [139790934960952] DEBUG - MyPlex: Published Mapping State response was 422
Dec 12, 2025 23:31:28.749 [139790934960952] DEBUG - MyPlex: Got response for ee184565d045d16e3b69df5ffe0e3bed7a8c8e47 ~ registered :0
Dec 12, 2025 23:31:28.749 [139790934960952] DEBUG - MyPlex: updating mapped state - current state: 'Not Mapped'
Dec 12, 2025 23:31:28.749 [139790934960952] DEBUG - MyPlex: mapping state set to 'Not Mapped'.
Dec 12, 2025 23:31:28.752 [139790934960952] DEBUG - MyPlex: Updating device connections (from timer: 0)
Dec 12, 2025 23:31:28.752 [139790934960952] DEBUG - [HCl#28] HTTP requesting PUT https://plex.tv/devices/ee184565d045d16e3b69df5ffe0e3bed7a8c8e47?Connection[][uri]=http://172.27.0.2:32400&httpsEnabled=1&httpsRequired=0&dnsRebindingProtection=0&natLoopbackSupported=0&X-Plex-Token=xxxxxxxxxxxxxxxxxxxx
Dec 12, 2025 23:31:28.901 [139790917962552] DEBUG - [HttpClient/HCl#28] HTTP/1.1 (0.1s) 200 response from PUT https://plex.tv/devices/ee184565d045d16e3b69df5ffe0e3bed7a8c8e47?Connection[][uri]=http://172.27.0.2:32400&httpsEnabled=1&httpsRequired=0&dnsRebindingProtection=0&natLoopbackSupported=0&X-Plex-Token=xxxxxxxxxxxxxxxxxxxx (reused)
Dec 12, 2025 23:31:40.032 [139790907190072] DEBUG - NAT: UPnP, didn't find usable IGD.
Dec 12, 2025 23:31:40.032 [139790907190072] DEBUG - PublicAddressManager: Mapping failed.
Dec 12, 2025 23:31:40.033 [139790907190072] DEBUG - MyPlex: mapping state set to 'Mapped - Not Published'.
Dec 12, 2025 23:31:40.033 [139790907190072] DEBUG - MyPlex: sendMapping resetting state - previous mapping state: 'Mapped - Not Published'.
Dec 12, 2025 23:31:40.033 [139790907190072] DEBUG - MyPlex: mapping state set to 'Unknown'.
Dec 12, 2025 23:31:40.042 [139790907190072] DEBUG - MyPlex: Sending Server Info to myPlex (user=amj16012004@gmail.com, ip=185.182.126.187, port=0)
Dec 12, 2025 23:31:40.043 [139790907190072] DEBUG - [HCl#29] HTTP requesting POST https://plex.tv/servers.xml?auth_token=xxxxxxxxxxxxxxxxxxxx
Dec 12, 2025 23:31:40.536 [139790917962552] DEBUG - [HttpClient/HCl#29] HTTP/1.1 (0.5s) 422 response from POST https://plex.tv/servers.xml?auth_token=xxxxxxxxxxxxxxxxxxxx
Dec 12, 2025 23:31:40.537 [139790907190072] DEBUG - MyPlex: Published Mapping State response was 422
Dec 12, 2025 23:31:40.537 [139790907190072] DEBUG - MyPlex: Got response for ee184565d045d16e3b69df5ffe0e3bed7a8c8e47 ~ registered :0
Dec 12, 2025 23:31:40.537 [139790907190072] DEBUG - MyPlex: updating mapped state - current state: 'Mapped - Not Published'
Dec 12, 2025 23:31:40.537 [139790907190072] DEBUG - MyPlex: mapping state set to 'Mapped - Publishing'.
Dec 12, 2025 23:31:40.537 [139790907190072] DEBUG - MyPlex: async reachability check - current mapped state: 'Mapped - Publishing'.
Dec 12, 2025 23:31:40.537 [139790907190072] DEBUG - MyPlex: Requesting reachability check.
Dec 12, 2025 23:31:40.538 [139790907190072] DEBUG - [HCl#2a] HTTP requesting PUT https://plex.tv/api/servers/ee184565d045d16e3b69df5ffe0e3bed7a8c8e47/connectivity?X-Plex-Token=xxxxxxxxxxxxxxxxxxxx&asyncIdentifier=76b5176c-2fc4-4113-9f93-e68edb0e3134
Dec 12, 2025 23:31:40.683 [139790917962552] DEBUG - [HttpClient/HCl#2a] HTTP/1.1 (0.1s) 200 response from PUT https://plex.tv/api/servers/ee184565d045d16e3b69df5ffe0e3bed7a8c8e47/connectivity?X-Plex-Token=xxxxxxxxxxxxxxxxxxxx&asyncIdentifier=76b5176c-2fc4-4113-9f93-e68edb0e3134 (reused)
Dec 12, 2025 23:31:40.687 [139790907190072] DEBUG - MyPlex: Last published value didn't change, we're done.
Dec 12, 2025 23:31:40.787 [139790927276856] DEBUG - [EventSourceClient/pubsub/176.58.107.84:443] EventSource: Got event [data] '<Message address="" port="0" asyncIdentifier="76b5176c-2fc4-4113-9f93-e68edb0e3134" connectivity="0" command="notifyConnectivity"/>'
Dec 12, 2025 23:31:40.787 [139790927276856] DEBUG - [EventSourceClient/pubsub/176.58.107.84:443] PubSub: Got notified of reachability for async identifier 76b5176c-2fc4-4113-9f93-e68edb0e3134: 0 for :0 (responded in 103 ms)
Dec 12, 2025 23:31:40.788 [139790927276856] DEBUG - [EventSourceClient/pubsub/176.58.107.84:443] MyPlex: reachability check - current mapping state: 'Mapped - Publishing'.
Dec 12, 2025 23:31:40.788 [139790927276856] DEBUG - [EventSourceClient/pubsub/176.58.107.84:443] MyPlex: mapping state set to 'Mapped - Not Published (Not Reachable)'.
Dec 12, 2025 23:31:43.081 [139790890314552] DEBUG - [HCl#2b] HTTP requesting GET https://plex.tv/api/v2/shared_sources/owned?machineIdentifier=ee184565d045d16e3b69df5ffe0e3bed7a8c8e47
Dec 12, 2025 23:31:43.245 [139790917962552] DEBUG - [HttpClient/HCl#2b] HTTP/1.1 (0.2s) 200 response from GET https://plex.tv/api/v2/shared_sources/owned?machineIdentifier=ee184565d045d16e3b69df5ffe0e3bed7a8c8e47 (reused)
Dec 12, 2025 23:31:43.246 [139790890314552] DEBUG - [HCl#2c] HTTP requesting GET https://plex.tv/api/v2/server/access_tokens?auth_token=xxxxxxxxxxxxxxxxxxxx
Dec 12, 2025 23:31:43.395 [139790917962552] DEBUG - [HttpClient/HCl#2c] HTTP/1.1 (0.1s) 200 response from GET https://plex.tv/api/v2/server/access_tokens?auth_token=xxxxxxxxxxxxxxxxxxxx (reused)
Dec 12, 2025 23:31:43.396 [139790890314552] DEBUG - MyPlex: updating with 2 access tokens
Dec 12, 2025 23:31:43.397 [139790890314552] DEBUG - [HCl#2d] HTTP requesting GET https://plex.tv/api/v2/server/users?auth_token=xxxxxxxxxxxxxxxxxxxx
Dec 12, 2025 23:31:43.551 [139790917962552] DEBUG - [HttpClient/HCl#2d] HTTP/1.1 (0.2s) 200 response from GET https://plex.tv/api/v2/server/users?auth_token=xxxxxxxxxxxxxxxxxxxx (reused)
Dec 12, 2025 23:31:43.553 [139790909299512] DEBUG - [HCl#2e] HTTP requesting GET https://plex.tv/api/v2/server/users/subscriptions?auth_token=xxxxxxxxxxxxxxxxxxxx
Dec 12, 2025 23:31:43.716 [139790917962552] DEBUG - [HttpClient/HCl#2e] HTTP/1.1 (0.2s) 200 response from GET https://plex.tv/api/v2/server/users/subscriptions?auth_token=xxxxxxxxxxxxxxxxxxxx (reused)
Dec 12, 2025 23:31:43.718 [139790909299512] DEBUG - MyPlex: using cached data for request for https://plex.tv/api/v2/server/users/services?auth_token=xxxxxxxxxxxxxxxxxxxx
Dec 12, 2025 23:31:46.397 [139790856563512] DEBUG - [MediaProviderManager] Refreshing media providers
Dec 12, 2025 23:31:46.398 [139790856563512] DEBUG - [MediaProviderManager/Response::fetch/HCl#2f] HTTP requesting GET https://plex.tv/media/providers
Dec 12, 2025 23:31:46.568 [139790917962552] DEBUG - [HttpClient/HCl#2f] HTTP/1.1 (0.2s) 200 response from GET https://plex.tv/media/providers (reused)
Dec 12, 2025 23:31:46.568 [139790856563512] DEBUG - [MediaProviderManager] discovered cloud provider (Movies & Shows)
Dec 12, 2025 23:31:46.568 [139790856563512] DEBUG - [MediaProviderManager] discovered cloud provider (Metadata)
Dec 12, 2025 23:31:46.568 [139790856563512] DEBUG - [MediaProviderManager] loading cloud provider details (Metadata) (alive: 1)
Dec 12, 2025 23:31:46.568 [139790856563512] DEBUG - [MediaProviderManager] loading cloud provider details (Movies & Shows) (alive: 1)
Dec 12, 2025 23:31:46.568 [139790856563512] DEBUG - [MediaProviderManager] we had 2 cloud providers online, we now have 2
Dec 12, 2025 23:31:46.568 [139790856563512] DEBUG - [MediaProviderManager] cloud provider (Metadata) is online and available
Dec 12, 2025 23:31:46.568 [139790856563512] DEBUG - [MediaProviderManager] cloud provider (Movies & Shows) is online and available
Dec 12, 2025 23:31:46.568 [139790856563512] DEBUG - [MediaProviderManager] Media provider refresh complete
Dec 12, 2025 23:31:57.612 [139790905080632] DEBUG - Request: [172.27.0.1:41992 (Subnet)] GET /media/providers (2 live) #1d GZIP Signed-in Token (amj1603)
Dec 12, 2025 23:31:57.620 [139790925167416] DEBUG - Completed: [172.27.0.1:41992] 200 GET /media/providers (2 live) #1d GZIP 8ms 4352 bytes (pipelined: 1)
Dec 12, 2025 23:31:57.665 [139790905080632] DEBUG - Request: [172.27.0.1:41992 (Subnet)] GET /status/sessions (2 live) #2e GZIP Signed-in Token (amj1603)
Dec 12, 2025 23:31:57.665 [139790905080632] DEBUG - [Req#2e] [Now] Adding 0 sessions.
Dec 12, 2025 23:31:57.667 [139790927276856] DEBUG - Completed: [172.27.0.1:41992] 200 GET /status/sessions (2 live) #2e GZIP 2ms 350 bytes (pipelined: 2)
Dec 12, 2025 23:31:57.678 [139790905080632] DEBUG - Request: [172.27.0.1:41992 (Subnet)] GET /updater/status (2 live) #2f GZIP Signed-in Token (amj1603)
Dec 12, 2025 23:31:57.679 [139790925167416] DEBUG - Completed: [172.27.0.1:41992] 200 GET /updater/status (2 live) #2f GZIP 0ms 433 bytes (pipelined: 3)
Dec 12, 2025 23:31:57.681 [139790905080632] DEBUG - Request: [172.27.0.1:42004 (Subnet)] GET /:/websockets/notifications (3 live) #2c GZIP Signed-in Token (amj1603)
Dec 12, 2025 23:31:57.681 [139790905080632] DEBUG - WebSocket: Performing handshake from origin http://127.0.0.1:32400
Dec 12, 2025 23:31:57.681 [139790905080632] DEBUG - Beginning read from WebSocket
Dec 12, 2025 23:31:57.728 [139790905080632] DEBUG - Request: [172.27.0.1:41992 (Subnet)] PUT /updater/check?download=0 (3 live) #30 GZIP Signed-in Token (amj1603)
Dec 12, 2025 23:31:57.728 [139790905080632] DEBUG - [Req#30] AutoUpdate: requesting check endpoint: /updater/products/5/check.xml?build=linux-x86_64&channel=16&distribution=debian&version=1.42.2.10156-f737b826c, download: NO
Dec 12, 2025 23:31:57.728 [139790905080632] DEBUG - [Req#30] Downloading document https://plex.tv/updater/products/5/check.xml?build=linux-x86_64&channel=16&distribution=debian&version=1.42.2.10156-f737b826c
Dec 12, 2025 23:31:57.728 [139790905080632] DEBUG - [Req#30/HCl#30] HTTP requesting GET https://plex.tv/updater/products/5/check.xml?build=linux-x86_64&channel=16&distribution=debian&version=1.42.2.10156-f737b826c
Dec 12, 2025 23:31:57.729 [139790909299512] DEBUG - Request: [172.27.0.1:42008 (Subnet)] GET /activities (4 live) #31 GZIP Signed-in Token (amj1603)
Dec 12, 2025 23:31:57.729 [139790927276856] DEBUG - Completed: [172.27.0.1:42008] 200 GET /activities (4 live) #31 GZIP 0ms 350 bytes (pipelined: 1)
Dec 12, 2025 23:31:58.171 [139790917962552] DEBUG - [HttpClient/HCl#30] HTTP/1.1 (0.4s) 200 response from GET https://plex.tv/updater/products/5/check.xml?build=linux-x86_64&channel=16&distribution=debian&version=1.42.2.10156-f737b826c
Dec 12, 2025 23:31:58.171 [139790905080632] INFO - [Req#30] AutoUpdate: no updates available
Dec 12, 2025 23:31:58.171 [139790925167416] DEBUG - Completed: [172.27.0.1:41992] 200 PUT /updater/check?download=0 (4 live) #30 GZIP 443ms 323 bytes (pipelined: 4)
Dec 12, 2025 23:31:58.306 [139790927276856] DEBUG - [EventSourceClient/pubsub/176.58.107.84:443] EventSource: Got event [data] '<Message host="178.79.172.216" port="443" command="startRelay"/>'
Dec 12, 2025 23:31:58.306 [139790927276856] DEBUG - [EventSourceClient/pubsub/176.58.107.84:443/HCl#31] HTTP requesting GET https://downloads.plex.tv/relay/relay_v1.pub
Dec 12, 2025 23:31:58.472 [139790917962552] DEBUG - [HttpClient/HCl#31] HTTP/2.0 (0.2s) 200 response from GET https://downloads.plex.tv/relay/relay_v1.pub
Dec 12, 2025 23:31:58.472 [139790927276856] DEBUG - [EventSourceClient/pubsub/176.58.107.84:443] Relay: refreshed host key from https://downloads.plex.tv/relay/relay_v1.pub
Dec 12, 2025 23:31:58.473 [139790927276856] DEBUG - [EventSourceClient/pubsub/176.58.107.84:443] Relay: starting relay.
Dec 12, 2025 23:31:58.473 [139790927276856] DEBUG - [EventSourceClient/pubsub/176.58.107.84:443/JobRunner] Job running: PLEXTOKEN=xxxxxxxxxxxxxxxxxxxx "/usr/lib/plexmediaserver/Plex Relay" -p 443 -N -R 0:127.0.0.1:32401 -o StrictHostKeyChecking=yes -o "UserKnownHostsFile=/config/Library/Application Support/Plex Media Server/Cache/relayHostKey.txt" -o LogLevel=VERBOSE -o PreferredAuthentications=password -o PubkeyAuthentication=no -l amj1603 -F /dev/null 178.79.172.216
Dec 12, 2025 23:31:58.480 [139790927276856] DEBUG - [EventSourceClient/pubsub/176.58.107.84:443/JobRunner] Jobs: Starting child process with pid 353
Dec 12, 2025 23:31:59.252 [139790909299512] DEBUG - [Req#32] [PlexRelay] Authenticated to 178.79.172.216 ([178.79.172.216]:443).
Dec 12, 2025 23:31:59.668 [139790905080632] INFO - [Req#37] [PlexRelay] Allocated port 32635 for remote forward to 127.0.0.1:32401
Dec 12, 2025 23:31:59.932 [139790909299512] DEBUG - Request: [127.0.0.1:50796 (WAN)] GET /media/providers (5 live) #2 TLS GZIP Signed-in Token (amj1603)
Dec 12, 2025 23:31:59.937 [139790927276856] DEBUG - Completed: [127.0.0.1:50796] 200 GET /media/providers (5 live) #2 TLS GZIP 5ms 4561 bytes (pipelined: 1)
Dec 12, 2025 23:33:12.956 [139790907190072] DEBUG - BPQ: [Starting] -> [Processing]
Dec 12, 2025 23:33:12.957 [139790907190072] DEBUG - BPQ: generating queue items from 0 generator(s)
Dec 12, 2025 23:33:12.957 [139790907190072] DEBUG - BPQ: generated 0 item(s) for queue
Dec 12, 2025 23:33:12.957 [139790907190072] DEBUG - BPQ: [Processing] -> [Idle]
Dec 12, 2025 23:33:15.733 [139790909299512] DEBUG - Request: [127.0.0.1:40724 (Loopback)] GET /servers (3 live) #3a GZIP Signed-in Token (amj1603)
Dec 12, 2025 23:33:15.735 [139790925167416] DEBUG - Completed: [127.0.0.1:40724] 200 GET /servers (3 live) #3a GZIP 1ms 488 bytes
Dec 12, 2025 23:33:15.743 [139790909299512] DEBUG - Request: [127.0.0.1:40728 (Loopback)] GET / (3 live) #45 GZIP Signed-in Token (amj1603)
Dec 12, 2025 23:33:15.746 [139790925167416] DEBUG - Completed: [127.0.0.1:40728] 200 GET / (3 live) #45 GZIP 3ms 3953 bytes
Dec 12, 2025 23:33:15.754 [139790909299512] DEBUG - Request: [127.0.0.1:40740 (Loopback)] GET /library/sections (3 live) #47 GZIP Signed-in Token (amj1603)
Dec 12, 2025 23:33:15.759 [139790927276856] DEBUG - Completed: [127.0.0.1:40740] 200 GET /library/sections (3 live) #47 GZIP 5ms 715 bytes
Dec 12, 2025 23:33:15.760 [139790909299512] DEBUG - Request: [127.0.0.1:40756 (Loopback)] GET /channels/all (3 live) #49 GZIP Signed-in Token (amj1603)
Dec 12, 2025 23:33:15.761 [139790927276856] DEBUG - Completed: [127.0.0.1:40756] 200 GET /channels/all (3 live) #49 GZIP 0ms 387 bytes
Dec 12, 2025 23:33:15.764 [139790909299512] DEBUG - Request: [127.0.0.1:40764 (Loopback)] GET /library/sections (3 live) #4b GZIP Signed-in Token (amj1603)
Dec 12, 2025 23:33:15.764 [139790927276856] DEBUG - Completed: [127.0.0.1:40764] 200 GET /library/sections (3 live) #4b GZIP 0ms 715 bytes
Dec 12, 2025 23:33:15.766 [139790909299512] DEBUG - Request: [127.0.0.1:40772 (Loopback)] GET /channels/all (3 live) #4d GZIP Signed-in Token (amj1603)
Dec 12, 2025 23:33:15.766 [139790927276856] DEBUG - Completed: [127.0.0.1:40772] 200 GET /channels/all (3 live) #4d GZIP 0ms 387 bytes
