Dec 12, 2025 22:48:36.865 [140500454431544] INFO - Plex Media Server v1.42.2.10156-f737b826c - Docker Docker Container (LinuxServer.io) x86_64 - build: linux-x86_64 debian - GMT 01:00
Dec 12, 2025 22:48:36.866 [140500454431544] INFO - Linux version: 6.12.57+deb13-amd64, language: en-US
Dec 12, 2025 22:48:36.866 [140500454431544] INFO - Processor: 8-core Intel(R) Core(TM) i5-8250U CPU @ 1.60GHz
Dec 12, 2025 22:48:36.866 [140500454431544] INFO - Compiler is - Clang 11.0.1 (https://plex.tv 9b997da8e5b47bdb4a9425b3a3b290be393b4b1f)
Dec 12, 2025 22:48:36.866 [140500454431544] INFO - /usr/lib/plexmediaserver/Plex Media Server
Dec 12, 2025 22:48:36.866 [140500456974992] DEBUG - BPQ: [Idle] -> [Starting]
Dec 12, 2025 22:48:36.866 [140500456974992] DEBUG - FeatureManager: Using cached data for features list
Dec 12, 2025 22:48:36.870 [140500456974992] DEBUG - MyPlex: mapping state set to 'Unknown'.
Dec 12, 2025 22:48:36.870 [140500456974992] DEBUG - Relay: read 0 cached entries from hosts file
Dec 12, 2025 22:48:36.870 [140500456974992] DEBUG - Opening 20 database sessions to library (com.plexapp.plugins.library), SQLite 3.39.4, threadsafe=1
Dec 12, 2025 22:48:36.910 [140500456974992] DEBUG - MyPlex: using cached data for request for https://plex.tv/api/v2/server/users/features
Dec 12, 2025 22:48:36.933 [140500456974992] DEBUG - [CERT] Subject name is /CN=*.036b8d5a435641438a27a6d5652b4219.plex.direct
Dec 12, 2025 22:48:36.934 [140500456974992] DEBUG - [CERT] Installed certificate with fingerprint 05:4b:96:05:e1:1a:53:68:a7:b1:06:3e:d0:0d:07:80:12:ff:0f:3c.
Dec 12, 2025 22:48:36.934 [140500456974992] DEBUG - [CERT/OCSP] no URL available
Dec 12, 2025 22:48:36.934 [140500456974992] WARN - [CERT/OCSP] getCertInfo failed; skipping stapling
Dec 12, 2025 22:48:36.934 [140500456974992] DEBUG - HttpServer: Listening on IPv6 as well as IPv4.
Dec 12, 2025 22:48:36.934 [140500456974992] DEBUG - HttpServer: Listening on port 32400.
Dec 12, 2025 22:48:36.934 [140500456974992] DEBUG - HttpServer: Listening on port 32401.
Dec 12, 2025 22:48:36.934 [140500456974992] DEBUG - Running server...
Dec 12, 2025 22:48:36.934 [140500436650808] DEBUG - HttpServer: Set up a thread pool with 2 threads.
Dec 12, 2025 22:48:36.934 [140500456974992] INFO - Running migrations. (EPG 0)
Dec 12, 2025 22:48:36.934 [140500456974992] DEBUG - Captured session 0.
Dec 12, 2025 22:48:36.934 [140500456974992] DEBUG - Captured session 1.
Dec 12, 2025 22:48:36.934 [140500456974992] DEBUG - Captured session 2.
Dec 12, 2025 22:48:36.934 [140500456974992] DEBUG - Captured session 3.
Dec 12, 2025 22:48:36.934 [140500456974992] DEBUG - Captured session 4.
Dec 12, 2025 22:48:36.934 [140500456974992] DEBUG - Captured session 5.
Dec 12, 2025 22:48:36.934 [140500456974992] DEBUG - Captured session 6.
Dec 12, 2025 22:48:36.934 [140500456974992] DEBUG - Captured session 7.
Dec 12, 2025 22:48:36.934 [140500456974992] DEBUG - Captured session 8.
Dec 12, 2025 22:48:36.934 [140500456974992] DEBUG - Captured session 9.
Dec 12, 2025 22:48:36.934 [140500456974992] DEBUG - Captured session 10.
Dec 12, 2025 22:48:36.934 [140500456974992] DEBUG - Captured session 11.
Dec 12, 2025 22:48:36.934 [140500456974992] DEBUG - Captured session 12.
Dec 12, 2025 22:48:36.934 [140500456974992] DEBUG - Captured session 13.
Dec 12, 2025 22:48:36.934 [140500456974992] DEBUG - Captured session 14.
Dec 12, 2025 22:48:36.934 [140500456974992] DEBUG - Captured session 15.
Dec 12, 2025 22:48:36.934 [140500456974992] DEBUG - Captured session 16.
Dec 12, 2025 22:48:36.934 [140500456974992] DEBUG - Captured session 17.
Dec 12, 2025 22:48:36.934 [140500456974992] DEBUG - Captured session 18.
Dec 12, 2025 22:48:36.934 [140500456974992] DEBUG - Captured session 19.
Dec 12, 2025 22:48:36.937 [140500456974992] DEBUG - ChangestampAllocator: initialized to 0
Dec 12, 2025 22:48:36.937 [140500456974992] DEBUG - Opening 2 database sessions to library (com.plexapp.plugins.library.blobs), SQLite 3.39.4, threadsafe=1
Dec 12, 2025 22:48:36.940 [140500456974992] INFO - Running migrations. (EPG 0)
Dec 12, 2025 22:48:36.940 [140500456974992] DEBUG - Captured session 0.
Dec 12, 2025 22:48:36.940 [140500456974992] DEBUG - Captured session 1.
Dec 12, 2025 22:48:36.964 [140500449680184] DEBUG - Grabber: Cleaning up orphaned grabs.
Dec 12, 2025 22:48:36.964 [140500449680184] DEBUG - Grabber: Cleaned up 0 decrepit directories in 0.0 sec.
Dec 12, 2025 22:48:36.964 [140500456974992] DEBUG - Media Provider: Registering provider com.plexapp.plugins.library
Dec 12, 2025 22:48:36.964 [140500456974992] DEBUG - Auth: Refreshing tokens inside the token-based authentication filter.
Dec 12, 2025 22:48:36.964 [140500456974992] DEBUG - MyPlex: using cached data for request for https://plex.tv/api/v2/server/access_tokens?auth_token=xxxxxxxxxxxxxxxxxxxx
Dec 12, 2025 22:48:36.964 [140500456974992] DEBUG - MyPlex: updating with 2 access tokens
Dec 12, 2025 22:48:36.965 [140500456974992] DEBUG - MyPlex: using cached data for request for https://plex.tv/api/v2/server/users?auth_token=xxxxxxxxxxxxxxxxxxxx
Dec 12, 2025 22:48:36.965 [140500456974992] DEBUG - MyPlex: using cached data for request for https://plex.tv/api/v2/server/users/subscriptions?auth_token=xxxxxxxxxxxxxxxxxxxx
Dec 12, 2025 22:48:36.965 [140500456974992] DEBUG - MyPlex: using cached data for request for https://plex.tv/api/v2/server/users/services?auth_token=xxxxxxxxxxxxxxxxxxxx
Dec 12, 2025 22:48:36.965 [140500449680184] DEBUG - Auth: Refreshing tokens inside the token-based authentication filter.
Dec 12, 2025 22:48:36.965 [140500449680184] DEBUG - [HCl#1] HTTP requesting GET https://plex.tv/api/v2/server/access_tokens?auth_token=xxxxxxxxxxxxxxxxxxxx
Dec 12, 2025 22:48:36.966 [140500456974992] DEBUG - Opening 1 database sessions to library (), SQLite 3.39.4, threadsafe=1
Dec 12, 2025 22:48:36.969 [140500428241720] DEBUG - File "/usr/lib/plexmediaserver/Resources/Plug-ins-f737b826c" changed: -1 => 2025-11-24 10:32:52 (1763976772).
Dec 12, 2025 22:48:36.969 [140500428241720] DEBUG - File "/config/Library/Application Support/Plex Media Server/Plug-ins" changed: -1 => 2025-12-12 16:37:54 (1765553874).
Dec 12, 2025 22:48:36.969 [140500428241720] DEBUG - Scanning for plug-ins in "/usr/lib/plexmediaserver/Resources/Plug-ins-f737b826c"
Dec 12, 2025 22:48:36.971 [140500428241720] DEBUG - Scanning for plug-ins in "/config/Library/Application Support/Plex Media Server/Plug-ins"
Dec 12, 2025 22:48:36.971 [140500428241720] DEBUG - PluginRepository::setStartState: 1, startingSystem
Dec 12, 2025 22:48:36.971 [140500428241720] DEBUG - Starting plug-in /usr/lib/plexmediaserver/Resources/Plug-ins-f737b826c/System.bundle.
Dec 12, 2025 22:48:36.972 [140500428241720] DEBUG - [com.plexapp.system] Setting plug-in to always running (daemon mode).
Dec 12, 2025 22:48:36.972 [140500428241720] DEBUG - Starting file watcher for com.plexapp.system
Dec 12, 2025 22:48:36.972 [140500428241720] DEBUG - Plugin: setting environment variable: 'PYTHONHOME=/usr/lib/plexmediaserver/Resources/Python'
Dec 12, 2025 22:48:36.972 [140500428241720] DEBUG - Plugin: setting environment variable: 'PYTHONPATH=/usr/lib/plexmediaserver/Resources/Python/python27.zip:/usr/lib/plexmediaserver/Resources/Python/lib/python2.7/site-packages'
Dec 12, 2025 22:48:36.973 [140500428241720] DEBUG - Spawned plug-in com.plexapp.system with PID 213
Dec 12, 2025 22:48:36.973 [140500428241720] DEBUG - [com.plexapp.system] Sending command: GET /:/prefixes
Dec 12, 2025 22:48:37.515 [140500432681784] DEBUG - [HttpClient/HCl#1] HTTP/1.1 (0.5s) 200 response from GET https://plex.tv/api/v2/server/access_tokens?auth_token=xxxxxxxxxxxxxxxxxxxx
Dec 12, 2025 22:48:37.516 [140500449680184] DEBUG - MyPlex: updating with 2 access tokens
Dec 12, 2025 22:48:37.516 [140500449680184] DEBUG - [HCl#2] HTTP requesting GET https://plex.tv/api/v2/server/users?auth_token=xxxxxxxxxxxxxxxxxxxx
Dec 12, 2025 22:48:37.710 [140500432681784] DEBUG - [HttpClient/HCl#2] HTTP/1.1 (0.2s) 200 response from GET https://plex.tv/api/v2/server/users?auth_token=xxxxxxxxxxxxxxxxxxxx (reused)
Dec 12, 2025 22:48:37.711 [140500424022840] DEBUG - [HCl#3] HTTP requesting GET https://plex.tv/api/v2/server/users/subscriptions?auth_token=xxxxxxxxxxxxxxxxxxxx
Dec 12, 2025 22:48:37.858 [140500441996088] DEBUG - Request: didn't get any data from [::1]:35248: End of file
Dec 12, 2025 22:48:37.899 [140500419803960] DEBUG - Request: [127.0.0.1:48004 (Loopback)] GET /:/plugins/com.plexapp.system/messaging/function/X0J1bmRsZVNlcnZpY2U6QWxsU2VydmljZXM_/Y2VyZWFsMQoxCmxpc3QKMApyMAo_/Y2VyZWFsMQoxCmRpY3QKMApyMAo_ (3 live) #3 GZIP Token ()
Dec 12, 2025 22:48:37.900 [140500439886648] DEBUG - Completed: [127.0.0.1:48004] 503 GET /:/plugins/com.plexapp.system/messaging/function/X0J1bmRsZVNlcnZpY2U6QWxsU2VydmljZXM_/Y2VyZWFsMQoxCmxpc3QKMApyMAo_/Y2VyZWFsMQoxCmRpY3QKMApyMAo_ (3 live) #3 GZIP 0ms 436 bytes
Dec 12, 2025 22:48:37.900 [140500419803960] DEBUG - Request: [127.0.0.1:48010 (Loopback)] GET / (3 live) #4 GZIP Token ()
Dec 12, 2025 22:48:37.900 [140500441996088] DEBUG - Completed: [127.0.0.1:48010] 503 GET / (3 live) #4 GZIP 0ms 436 bytes
Dec 12, 2025 22:48:37.905 [140500432681784] DEBUG - [HttpClient/HCl#3] HTTP/1.1 (0.2s) 200 response from GET https://plex.tv/api/v2/server/users/subscriptions?auth_token=xxxxxxxxxxxxxxxxxxxx (reused)
Dec 12, 2025 22:48:37.905 [140500424022840] DEBUG - MyPlex: using cached data for request for https://plex.tv/api/v2/server/users/services?auth_token=xxxxxxxxxxxxxxxxxxxx
Dec 12, 2025 22:48:38.563 [140500419803960] DEBUG - Request: [127.0.0.1:48332 (Loopback)] GET /servers (3 live) #5 GZIP Token ()
Dec 12, 2025 22:48:38.563 [140500441996088] DEBUG - Completed: [127.0.0.1:48332] 503 GET /servers (3 live) #5 GZIP 0ms 436 bytes
Dec 12, 2025 22:48:38.577 [140500428241720] DEBUG - Reading 486 bytes in the body, code is 200
Dec 12, 2025 22:48:38.577 [140500428241720] DEBUG - [com.plexapp.system] Plug-in running on port 46761.
Dec 12, 2025 22:48:38.577 [140500428241720] DEBUG -  * Plug-in handles prefix: /system
Dec 12, 2025 22:48:38.577 [140500428241720] DEBUG -  * Plug-in handles prefix: /player
Dec 12, 2025 22:48:38.577 [140500428241720] DEBUG - Read configuration for [com.plexapp.system], had 2 prefixes
Dec 12, 2025 22:48:38.577 [140500428241720] DEBUG - Done with 1 synchronous plug-in starts, starting the rest in parallel.
Dec 12, 2025 22:48:38.577 [140500428241720] DEBUG - PluginRepository::setStartState: 2, startingPlugins
Dec 12, 2025 22:48:38.577 [140500428241720] DEBUG - Updating the list of agents known by the system.
Dec 12, 2025 22:48:38.577 [140500428241720] DEBUG - [com.plexapp.system] Sending command over HTTP (GET): /system/agents
Dec 12, 2025 22:48:38.577 [140500428241720] DEBUG - [HCl#4] HTTP requesting GET http://127.0.0.1:46761/system/agents
Dec 12, 2025 22:48:38.577 [140500456974992] DEBUG - Image transcode cache directory: "/config/Library/Application Support/Plex Media Server/Cache/PhotoTranscoder"
Dec 12, 2025 22:48:38.578 [140500456974992] DEBUG - Transcoder: Cleaning old transcode directories.
Dec 12, 2025 22:48:38.579 [140500456974992] DEBUG - MyPlex: using cached data for request for https://plex.tv/api/v2/server/access_tokens?auth_token=xxxxxxxxxxxxxxxxxxxx
Dec 12, 2025 22:48:38.579 [140500456974992] DEBUG - MyPlex: updating with 2 access tokens
Dec 12, 2025 22:48:38.579 [140500456974992] DEBUG - MyPlex: using cached data for request for https://plex.tv/api/v2/server/users?auth_token=xxxxxxxxxxxxxxxxxxxx
Dec 12, 2025 22:48:38.579 [140500456974992] DEBUG - MyPlex: using cached data for request for https://plex.tv/api/v2/server/users/subscriptions?auth_token=xxxxxxxxxxxxxxxxxxxx
Dec 12, 2025 22:48:38.579 [140500456974992] DEBUG - MyPlex: using cached data for request for https://plex.tv/api/v2/server/users/services?auth_token=xxxxxxxxxxxxxxxxxxxx
Dec 12, 2025 22:48:38.579 [140500456974992] DEBUG - MyPlex: using cached data for request for https://plex.tv/api/v2/user?includeSubscriptions=1&includeProviders=1
Dec 12, 2025 22:48:38.580 [140500456974992] DEBUG - MyPlex: username is amj1603, login is amj16012004@gmail.com, home is 0, no pin
Dec 12, 2025 22:48:38.581 [140500456974992] DEBUG - MyPlex: start public ip check and mapping - current mapped state: 'Unknown'.
Dec 12, 2025 22:48:38.581 [140500456974992] DEBUG - MyPlex: mapping state set to 'Not Mapped'.
Dec 12, 2025 22:48:38.581 [140500456974992] DEBUG - PublicAddressManager: Starting.
Dec 12, 2025 22:48:38.581 [140500456974992] DEBUG - PublicAddressManager: Obtaining public address and mapping port.
Dec 12, 2025 22:48:38.581 [140500449680184] DEBUG - PublicAddressManager: Obtaining public IP.
Dec 12, 2025 22:48:38.581 [140500421913400] DEBUG - NAT: UPnP, attempting port mapping.
Dec 12, 2025 22:48:38.581 [140500449680184] DEBUG - [HCl#5] HTTP requesting GET https://v4.plex.tv/pms/:/ip
Dec 12, 2025 22:48:38.581 [140500415585080] DEBUG - [HCl#6] HTTP requesting GET https://plex.tv/api/v2/user?includeSubscriptions=1&includeProviders=1
Dec 12, 2025 22:48:38.582 [140500456974992] DEBUG - NetworkInterface: Starting watch thread.
Dec 12, 2025 22:48:38.582 [140500456974992] DEBUG - Network change.
Dec 12, 2025 22:48:38.582 [140500456974992] DEBUG - NetworkInterface: Notified of network changed (force=0)
Dec 12, 2025 22:48:38.582 [140500411366200] DEBUG - NetworkInterface: Watching for changes on the interfaces.
Dec 12, 2025 22:48:38.582 [140500456974992] DEBUG - Detected primary interface: 172.27.0.2
Dec 12, 2025 22:48:38.582 [140500456974992] DEBUG - Network interfaces:
Dec 12, 2025 22:48:38.582 [140500456974992] DEBUG -  * 1 lo (127.0.0.1) (00-00-00-00-00-00) (loopback: 1)
Dec 12, 2025 22:48:38.582 [140500456974992] DEBUG -  * 2 eth0 (172.27.0.2) (DA-72-B5-C4-31-3F) (loopback: 0)
Dec 12, 2025 22:48:38.582 [140500456974992] DEBUG -  * 1 lo (::1) (00-00-00-00-00-00) (loopback: 1)
Dec 12, 2025 22:48:38.582 [140500456974992] DEBUG - Creating NetworkServices singleton.
Dec 12, 2025 22:48:38.582 [140500456974992] DEBUG - NetworkServices: Initializing...
Dec 12, 2025 22:48:38.582 [140500456974992] DEBUG - NetworkService: Creating new service.
Dec 12, 2025 22:48:38.582 [140500456974992] DEBUG - NetworkService: Got notification of changed network (first change: 1)
Dec 12, 2025 22:48:38.582 [140500456974992] DEBUG - NetworkService: Quick dispatch of network change.
Dec 12, 2025 22:48:38.582 [140500409256760] DEBUG - Network change for advertiser.
Dec 12, 2025 22:48:38.582 [140500456974992] DEBUG - NetworkService: Creating new service.
Dec 12, 2025 22:48:38.582 [140500456974992] DEBUG - NetworkService: Got notification of changed network (first change: 1)
Dec 12, 2025 22:48:38.582 [140500456974992] DEBUG - NetworkService: Quick dispatch of network change.
Dec 12, 2025 22:48:38.582 [140500456974992] DEBUG - NetworkService: Creating new service.
Dec 12, 2025 22:48:38.582 [140500409256760] DEBUG - NetworkService: Setting up multicast listener on 0.0.0.0:32414
Dec 12, 2025 22:48:38.582 [140500456974992] DEBUG - NetworkService: Got notification of changed network (first change: 1)
Dec 12, 2025 22:48:38.582 [140500456974992] DEBUG - NetworkService: Quick dispatch of network change.
Dec 12, 2025 22:48:38.582 [140500456974992] DEBUG - NetworkService: Creating new service.
Dec 12, 2025 22:48:38.582 [140500456974992] DEBUG - NetworkService: Got notification of changed network (first change: 1)
Dec 12, 2025 22:48:38.582 [140500456974992] DEBUG - NetworkService: Quick dispatch of network change.
Dec 12, 2025 22:48:38.582 [140500456974992] DEBUG - NetworkService: Creating new service.
Dec 12, 2025 22:48:38.582 [140500456974992] DEBUG - NetworkService: Got notification of changed network (first change: 1)
Dec 12, 2025 22:48:38.582 [140500456974992] DEBUG - NetworkService: Quick dispatch of network change.
Dec 12, 2025 22:48:38.582 [140500456974992] DEBUG - NetworkService: Creating new service.
Dec 12, 2025 22:48:38.582 [140500456974992] DEBUG - NetworkService: Got notification of changed network (first change: 1)
Dec 12, 2025 22:48:38.582 [140500456974992] DEBUG - NetworkService: Quick dispatch of network change.
Dec 12, 2025 22:48:38.582 [140500409256760] DEBUG - Network change for advertiser.
Dec 12, 2025 22:48:38.582 [140500409256760] DEBUG - NetworkService: Setting up multicast listener on 0.0.0.0:32410
Dec 12, 2025 22:48:38.582 [140500409256760] DEBUG - Network change for advertiser.
Dec 12, 2025 22:48:38.582 [140500409256760] DEBUG - NetworkService: Setting up multicast listener on 0.0.0.0:32412
Dec 12, 2025 22:48:38.582 [140500409256760] DEBUG - NetworkService: Network change for browser (polled=0), closing 0 browse sockets.
Dec 12, 2025 22:48:38.582 [140500409256760] DEBUG - NetworkService: Setting up multicast listener on 0.0.0.0:32413
Dec 12, 2025 22:48:38.582 [140500409256760] DEBUG - NetworkService: Browsing on interface 127.0.0.1 on broadcast address 127.255.255.255 (index: 0)
Dec 12, 2025 22:48:38.583 [140500409256760] DEBUG - NetworkService: Browsing on interface 172.27.0.2 on broadcast address 172.27.255.255 (index: 1)
Dec 12, 2025 22:48:38.583 [140500409256760] DEBUG - NetworkService: Network change for browser (polled=1), closing 0 browse sockets.
Dec 12, 2025 22:48:38.583 [140500409256760] DEBUG - NetworkService: Browsing on interface 127.0.0.1 on broadcast address 127.255.255.255 (index: 0)
Dec 12, 2025 22:48:38.583 [140500409256760] DEBUG - NetworkService: Browsing on interface 172.27.0.2 on broadcast address 172.27.255.255 (index: 1)
Dec 12, 2025 22:48:38.583 [140500409256760] DEBUG - NetworkService: Network change for browser (polled=0), closing 0 browse sockets.
Dec 12, 2025 22:48:38.583 [140500409256760] DEBUG - NetworkService: Setting up multicast listener on 0.0.0.0:1901
Dec 12, 2025 22:48:38.583 [140500409256760] DEBUG - NetworkService: Browsing on interface 172.27.0.2 on broadcast address 239.255.255.250 (index: 0)
Dec 12, 2025 22:48:38.583 [140500405037880] DEBUG - [HCl#7] HTTP requesting GET https://plex.tv/api/taas/profile
Dec 12, 2025 22:48:38.584 [140500402928440] DEBUG - [ChildProcessMonitor] Plex Tuner Service starting.
Dec 12, 2025 22:48:38.584 [140500400819000] DEBUG - [DatabaseFixups] Running fix-ups.
Dec 12, 2025 22:48:38.584 [140500402928440] DEBUG - [ChildProcessMonitor/JobRunner] Job running: "/usr/lib/plexmediaserver/Plex Tuner Service" /usr/lib/plexmediaserver/Resources/Tuner/Private /usr/lib/plexmediaserver/Resources/Tuner/Shared 1.42.2.10156-f737b826c 32600
Dec 12, 2025 22:48:38.584 [140500400819000] DEBUG - [DatabaseFixups/31DatabaseFixupsCleanupRetroGames] Executing fixup
Dec 12, 2025 22:48:38.584 [140500400819000] DEBUG - [DatabaseFixups/31DatabaseFixupsCleanupRetroGames] Fixup completed
Dec 12, 2025 22:48:38.584 [140500400819000] DEBUG - [DatabaseFixups/39DatabaseFixupsEnsureLibrarySectionUuids] Executing fixup
Dec 12, 2025 22:48:38.584 [140500407147320] DEBUG - [HCl#8] HTTP requesting GET https://plex.tv/api/v2/release_channels?X-Plex-Token=xxxxxxxxxxxxxxxxxxxx
Dec 12, 2025 22:48:38.584 [140500398709560] DEBUG - [HCl#9] HTTP requesting GET https://plex.tv/api/v2/user/privacy?X-Plex-Token=xxxxxxxxxxxxxxxxxxxx
Dec 12, 2025 22:48:38.584 [140500402928440] DEBUG - [ChildProcessMonitor/JobRunner] Jobs: Starting child process with pid 275
Dec 12, 2025 22:48:38.585 [140500456974992] DEBUG - Waiting for server condition to be signaled.
Dec 12, 2025 22:48:38.585 [140500386052920] DEBUG - DVR: Starting up.
Dec 12, 2025 22:48:38.585 [140500400819000] DEBUG - [DatabaseFixups/39DatabaseFixupsEnsureLibrarySectionUuids] Fixup completed
Dec 12, 2025 22:48:38.585 [140500400819000] DEBUG - [DatabaseFixups/38DatabaseFixupsEnsureMetadataItemHashes] Executing fixup
Dec 12, 2025 22:48:38.585 [140500400819000] DEBUG - [DatabaseFixups/38DatabaseFixupsEnsureMetadataItemHashes] Fixup completed
Dec 12, 2025 22:48:38.585 [140500400819000] DEBUG - [DatabaseFixups/39DatabaseFixupsSetDefaultAccountLanguage] Executing fixup
Dec 12, 2025 22:48:38.585 [140500400819000] DEBUG - [DatabaseFixups/39DatabaseFixupsSetDefaultAccountLanguage] Fixup completed
Dec 12, 2025 22:48:38.585 [140500400819000] DEBUG - [DatabaseFixups/52DatabaseFixupsCreateDefaultMediaProcessingTargetTags] Executing fixup
Dec 12, 2025 22:48:38.585 [140500392381240] DEBUG - [HCl#a] HTTP requesting GET https://plex.tv/api/v2/features?X-Plex-Token=xxxxxxxxxxxxxxxxxxxx
Dec 12, 2025 22:48:38.585 [140500386052920] DEBUG - Activity: registered new activity 7cb2ce9e-dbe2-440e-aa29-aca1995ae5dd - "Processing subscriptions"
Dec 12, 2025 22:48:38.586 [140500400819000] DEBUG - [DatabaseFixups/52DatabaseFixupsCreateDefaultMediaProcessingTargetTags] Fixup completed
Dec 12, 2025 22:48:38.586 [140500400819000] DEBUG - [DatabaseFixups/43DatabaseFixupsUpdateAutomaticLibraryFolders] Executing fixup
Dec 12, 2025 22:48:38.586 [140500400819000] DEBUG - [DatabaseFixups/43DatabaseFixupsUpdateAutomaticLibraryFolders] Fixup completed
Dec 12, 2025 22:48:38.586 [140500400819000] DEBUG - [DatabaseFixups/29DatabaseFixupsSyncCollections] Executing fixup
Dec 12, 2025 22:48:38.586 [140500400819000] DEBUG - [DatabaseFixups/29DatabaseFixupsSyncCollections] Collections: Found 0 collections tags in section 1.
Dec 12, 2025 22:48:38.586 [140500400819000] DEBUG - [DatabaseFixups/29DatabaseFixupsSyncCollections] Collections: We had 0 collections in the library already.
Dec 12, 2025 22:48:38.586 [140500400819000] DEBUG - [DatabaseFixups/29DatabaseFixupsSyncCollections] Collections: Synced tags in section 1 in 0ms.
Dec 12, 2025 22:48:38.588 [140500400819000] DEBUG - [DatabaseFixups/29DatabaseFixupsSyncCollections] Collections: Refreshed attributes for 0 collections in section 1 in 1ms.
Dec 12, 2025 22:48:38.588 [140500400819000] DEBUG - [DatabaseFixups/29DatabaseFixupsSyncCollections] Collection: Refreshed visibility in section 1 in 0ms.
Dec 12, 2025 22:48:38.588 [140500400819000] DEBUG - [DatabaseFixups/29DatabaseFixupsSyncCollections] Collections: Found 0 collections tags in section 2.
Dec 12, 2025 22:48:38.588 [140500400819000] DEBUG - [DatabaseFixups/29DatabaseFixupsSyncCollections] Collections: We had 0 collections in the library already.
Dec 12, 2025 22:48:38.588 [140500400819000] DEBUG - [DatabaseFixups/29DatabaseFixupsSyncCollections] Collections: Synced tags in section 2 in 0ms.
Dec 12, 2025 22:48:38.589 [140500400819000] DEBUG - [DatabaseFixups/29DatabaseFixupsSyncCollections] Collections: Found 0 collections tags in section 2.
Dec 12, 2025 22:48:38.589 [140500400819000] DEBUG - [DatabaseFixups/29DatabaseFixupsSyncCollections] Collections: We had 0 collections in the library already.
Dec 12, 2025 22:48:38.589 [140500400819000] DEBUG - [DatabaseFixups/29DatabaseFixupsSyncCollections] Collections: Synced tags in section 2 in 0ms.
Dec 12, 2025 22:48:38.589 [140500400819000] DEBUG - [DatabaseFixups/29DatabaseFixupsSyncCollections] Collections: Found 0 collections tags in section 2.
Dec 12, 2025 22:48:38.589 [140500400819000] DEBUG - [DatabaseFixups/29DatabaseFixupsSyncCollections] Collections: We had 0 collections in the library already.
Dec 12, 2025 22:48:38.589 [140500400819000] DEBUG - [DatabaseFixups/29DatabaseFixupsSyncCollections] Collections: Synced tags in section 2 in 0ms.
Dec 12, 2025 22:48:38.591 [140500400819000] DEBUG - [DatabaseFixups/29DatabaseFixupsSyncCollections] Collections: Refreshed attributes for 0 collections in section 2 in 1ms.
Dec 12, 2025 22:48:38.591 [140500400819000] DEBUG - [DatabaseFixups/29DatabaseFixupsSyncCollections] Collection: Refreshed visibility in section 2 in 0ms.
Dec 12, 2025 22:48:38.591 [140500400819000] DEBUG - [DatabaseFixups/29DatabaseFixupsSyncCollections] Fixup completed
Dec 12, 2025 22:48:38.591 [140500400819000] DEBUG - [DatabaseFixups/31DatabaseFixupsCleanupActivities] Executing fixup
Dec 12, 2025 22:48:38.591 [140500400819000] DEBUG - [DatabaseFixups/31DatabaseFixupsCleanupActivities] Fixup completed
Dec 12, 2025 22:48:38.591 [140500400819000] DEBUG - [DatabaseFixups/35DatabaseFixupsConsolidatePeopleTags] Executing fixup
Dec 12, 2025 22:48:38.592 [140500400819000] DEBUG - [DatabaseFixups/35DatabaseFixupsConsolidatePeopleTags] Fixup completed
Dec 12, 2025 22:48:38.592 [140500400819000] DEBUG - [DatabaseFixups/54DatabaseFixupsGarbageCollectTransientMetadataRelations] Executing fixup
Dec 12, 2025 22:48:38.592 [140500400819000] DEBUG - [DatabaseFixups/54DatabaseFixupsGarbageCollectTransientMetadataRelations] Fixup completed
Dec 12, 2025 22:48:38.592 [140500400819000] DEBUG - [DatabaseFixups/48DatabaseFixupsResetCorruptedMetadataItemClusters] Executing fixup
Dec 12, 2025 22:48:38.592 [140500400819000] DEBUG - [DatabaseFixups/48DatabaseFixupsResetCorruptedMetadataItemClusters] Fixup completed
Dec 12, 2025 22:48:38.592 [140500400819000] DEBUG - [DatabaseFixups] Running database fix-ups completed in 0.0 seconds.
Dec 12, 2025 22:48:38.629 [140500432681784] DEBUG - [HttpClient/HCl#4] HTTP/1.1 (0.1s) 200 response from GET http://127.0.0.1:46761/system/agents
Dec 12, 2025 22:48:38.629 [140500428241720] DEBUG - [com.plexapp.system] HTTP reply status 200, with 8986 bytes of content.
Dec 12, 2025 22:48:38.631 [140500428241720] DEBUG - The system knows about 12 agents.
Dec 12, 2025 22:48:38.631 [140500413475640] DEBUG - Starting plug-in /usr/lib/plexmediaserver/Resources/Plug-ins-f737b826c/HTbackdrops.bundle.
Dec 12, 2025 22:48:38.631 [140500381834040] DEBUG - Starting plug-in /usr/lib/plexmediaserver/Resources/Plug-ins-f737b826c/MoviePosterDB.bundle.
Dec 12, 2025 22:48:38.631 [140500379724600] DEBUG - Starting plug-in /usr/lib/plexmediaserver/Resources/Plug-ins-f737b826c/Scanners.bundle.
Dec 12, 2025 22:48:38.631 [140500428241720] DEBUG - Waiting for 16 plug-ins to finish starting.
Dec 12, 2025 22:48:38.632 [140500379724600] DEBUG - Starting plug-in /usr/lib/plexmediaserver/Resources/Plug-ins-f737b826c/TheMovieDB.bundle.
Dec 12, 2025 22:48:38.632 [140500381834040] DEBUG - Perfect cache hit, we don't need to start [com.plexapp.agents.movieposterdb] yet.
Dec 12, 2025 22:48:38.632 [140500381834040] DEBUG - Starting plug-in /usr/lib/plexmediaserver/Resources/Plug-ins-f737b826c/Fanart-TV.bundle.
Dec 12, 2025 22:48:38.632 [140500413475640] DEBUG - Perfect cache hit, we don't need to start [com.plexapp.agents.htbackdrops] yet.
Dec 12, 2025 22:48:38.632 [140500413475640] DEBUG - Starting plug-in /usr/lib/plexmediaserver/Resources/Plug-ins-f737b826c/LocalMedia.bundle.
Dec 12, 2025 22:48:38.633 [140500381834040] DEBUG - Perfect cache hit, we don't need to start [com.plexapp.agents.fanarttv] yet.
Dec 12, 2025 22:48:38.633 [140500379724600] DEBUG - Perfect cache hit, we don't need to start [com.plexapp.agents.themoviedb] yet.
Dec 12, 2025 22:48:38.633 [140500379724600] DEBUG - Starting plug-in /usr/lib/plexmediaserver/Resources/Plug-ins-f737b826c/WebClient.bundle.
Dec 12, 2025 22:48:38.633 [140500413475640] DEBUG - Perfect cache hit, we don't need to start [com.plexapp.agents.localmedia] yet.
Dec 12, 2025 22:48:38.633 [140500381834040] DEBUG - Starting plug-in /usr/lib/plexmediaserver/Resources/Plug-ins-f737b826c/Musicbrainz.bundle.
Dec 12, 2025 22:48:38.633 [140500413475640] DEBUG - Starting plug-in /usr/lib/plexmediaserver/Resources/Plug-ins-f737b826c/PersonalMedia.bundle.
Dec 12, 2025 22:48:38.635 [140500381834040] DEBUG - Perfect cache hit, we don't need to start [org.musicbrainz.agents.music] yet.
Dec 12, 2025 22:48:38.635 [140500413475640] DEBUG - Perfect cache hit, we don't need to start [com.plexapp.agents.none] yet.
Dec 12, 2025 22:48:38.635 [140500381834040] DEBUG - Starting plug-in /usr/lib/plexmediaserver/Resources/Plug-ins-f737b826c/LyricFind.bundle.
Dec 12, 2025 22:48:38.635 [140500413475640] DEBUG - Starting plug-in /usr/lib/plexmediaserver/Resources/Plug-ins-f737b826c/TheTVDBv4.bundle.
Dec 12, 2025 22:48:38.635 [140500379724600] DEBUG - Starting plug-in /usr/lib/plexmediaserver/Resources/Plug-ins-f737b826c/PlexMovie.bundle.
Dec 12, 2025 22:48:38.637 [140500381834040] DEBUG - Perfect cache hit, we don't need to start [com.plexapp.agents.lyricfind] yet.
Dec 12, 2025 22:48:38.637 [140500379724600] DEBUG - Perfect cache hit, we don't need to start [com.plexapp.agents.imdb] yet.
Dec 12, 2025 22:48:38.637 [140500381834040] DEBUG - Starting plug-in /usr/lib/plexmediaserver/Resources/Plug-ins-f737b826c/Media-Flags.bundle.
Dec 12, 2025 22:48:38.637 [140500379724600] DEBUG - Starting plug-in /usr/lib/plexmediaserver/Resources/Plug-ins-f737b826c/PlexThemeMusic.bundle.
Dec 12, 2025 22:48:38.637 [140500413475640] DEBUG - Perfect cache hit, we don't need to start [com.plexapp.agents.thetvdb] yet.
Dec 12, 2025 22:48:38.637 [140500413475640] DEBUG - Starting plug-in /usr/lib/plexmediaserver/Resources/Plug-ins-f737b826c/LastFM.bundle.
Dec 12, 2025 22:48:38.638 [140500381834040] DEBUG - Starting plug-in /usr/lib/plexmediaserver/Resources/Plug-ins-f737b826c/Framework.bundle.
Dec 12, 2025 22:48:38.639 [140500379724600] DEBUG - Perfect cache hit, we don't need to start [com.plexapp.agents.plexthememusic] yet.
Dec 12, 2025 22:48:38.639 [140500413475640] DEBUG - Perfect cache hit, we don't need to start [com.plexapp.agents.lastfm] yet.
Dec 12, 2025 22:48:38.640 [140500428241720] DEBUG - Starting scheduled updates, every 3600 seconds
Dec 12, 2025 22:48:38.640 [140500428241720] INFO - LibraryUpdateManager path watching is disabled
Dec 12, 2025 22:48:38.640 [140500428241720] DEBUG - Done waiting for all plug-ins to start.
Dec 12, 2025 22:48:38.640 [140500364958520] DEBUG - Downloading document http://127.0.0.1:32400/:/plugins/com.plexapp.agents.imdb/prefs
Dec 12, 2025 22:48:38.640 [140500428241720] DEBUG - PluginRepository::setStartState: 3, complete
Dec 12, 2025 22:48:38.640 [140500364958520] DEBUG - Translator: Found locale de
Dec 12, 2025 22:48:38.640 [140500364958520] DEBUG - Translator: Found locale ru
Dec 12, 2025 22:48:38.640 [140500364958520] DEBUG - Translator: Found locale es
Dec 12, 2025 22:48:38.640 [140500364958520] DEBUG - Translator: Found locale ar
Dec 12, 2025 22:48:38.640 [140500364958520] DEBUG - Translator: Found locale uk
Dec 12, 2025 22:48:38.640 [140500364958520] DEBUG - Translator: Found locale en
Dec 12, 2025 22:48:38.640 [140500364958520] DEBUG - Translator: Found locale ja_JP
Dec 12, 2025 22:48:38.640 [140500364958520] DEBUG - Translator: Found locale sr
Dec 12, 2025 22:48:38.640 [140500364958520] DEBUG - Translator: Found locale pl
Dec 12, 2025 22:48:38.640 [140500364958520] DEBUG - Translator: Found locale da
Dec 12, 2025 22:48:38.640 [140500364958520] DEBUG - Translator: Found locale sv
Dec 12, 2025 22:48:38.640 [140500364958520] DEBUG - Translator: Found locale pt_BR
Dec 12, 2025 22:48:38.640 [140500364958520] DEBUG - Translator: Found locale sk
Dec 12, 2025 22:48:38.640 [140500364958520] DEBUG - Translator: Found locale hu_HU
Dec 12, 2025 22:48:38.640 [140500364958520] DEBUG - Translator: Found locale hr_HR
Dec 12, 2025 22:48:38.640 [140500364958520] DEBUG - Translator: Found locale it
Dec 12, 2025 22:48:38.640 [140500364958520] DEBUG - Translator: Found locale ko
Dec 12, 2025 22:48:38.640 [140500364958520] DEBUG - Translator: Found locale pt
Dec 12, 2025 22:48:38.640 [140500364958520] DEBUG - Translator: Found locale he
Dec 12, 2025 22:48:38.640 [140500364958520] DEBUG - Translator: Found locale cs_CZ
Dec 12, 2025 22:48:38.640 [140500364958520] DEBUG - Translator: Found locale fi
Dec 12, 2025 22:48:38.640 [140500364958520] DEBUG - Translator: Found locale hu
Dec 12, 2025 22:48:38.640 [140500364958520] DEBUG - Translator: Found locale fr
Dec 12, 2025 22:48:38.640 [140500364958520] DEBUG - Translator: Found locale et_EE
Dec 12, 2025 22:48:38.640 [140500364958520] DEBUG - Translator: Found locale af
Dec 12, 2025 22:48:38.640 [140500364958520] DEBUG - Translator: Found locale nl
Dec 12, 2025 22:48:38.640 [140500364958520] DEBUG - Translator: Found locale nl_BE
Dec 12, 2025 22:48:38.640 [140500364958520] DEBUG - Translator: Found locale ro
Dec 12, 2025 22:48:38.640 [140500364958520] DEBUG - Translator: Found locale zh_CN
Dec 12, 2025 22:48:38.640 [140500364958520] DEBUG - Translator: Found locale sl
Dec 12, 2025 22:48:38.640 [140500364958520] DEBUG - Translator: Found locale no
Dec 12, 2025 22:48:38.640 [140500364958520] DEBUG - Translator: Found locale lt
Dec 12, 2025 22:48:38.645 [140500364958520] DEBUG - [Req#b] Starting file watcher for com.plexapp.agents.imdb
Dec 12, 2025 22:48:38.645 [140500364958520] DEBUG - [Req#b] Plugin: setting environment variable: 'PYTHONHOME=/usr/lib/plexmediaserver/Resources/Python'
Dec 12, 2025 22:48:38.645 [140500364958520] DEBUG - [Req#b] Plugin: setting environment variable: 'PYTHONPATH=/usr/lib/plexmediaserver/Resources/Python/python27.zip:/usr/lib/plexmediaserver/Resources/Python/lib/python2.7/site-packages'
Dec 12, 2025 22:48:38.646 [140500364958520] DEBUG - [Req#b] Spawned plug-in com.plexapp.agents.imdb with PID 315
Dec 12, 2025 22:48:38.646 [140500364958520] DEBUG - [Req#b] [com.plexapp.agents.imdb] Sending command: GET /:/prefixes
Dec 12, 2025 22:48:38.702 [140500390271800] DEBUG - PublicAddressManager: Obtaining public address and mapping port.
Dec 12, 2025 22:48:38.819 [140500432681784] DEBUG - [HttpClient/HCl#6] HTTP/1.1 (0.2s) 200 response from GET https://plex.tv/api/v2/user?includeSubscriptions=1&includeProviders=1 (reused)
Dec 12, 2025 22:48:38.820 [140500424022840] DEBUG - MyPlex: username is amj1603, login is amj16012004@gmail.com, home is 0, no pin
Dec 12, 2025 22:48:38.820 [140500415585080] DEBUG - [HCl#b] HTTP requesting GET https://plex.tv/api/v2/geoip
Dec 12, 2025 22:48:38.865 [140500394490680] DEBUG - [JobRunner] Job running: /usr/lib/plexmediaserver/CrashUploader "--directory=/config/Library/Application Support/Plex Media Server/Crash Reports/1.42.2.10156-f737b826c" --version=1.42.2.10156-f737b826c --platform=Linux --platformVersion=6.12.57+deb13-amd64 --serverUuid=ee184565d045d16e3b69df5ffe0e3bed7a8c8e47 --userId=amj16012004@gmail.com --sentryUrl=https://o17675.ingest.sentry.io/api/1233455/ --sentryKey=xxxxxxxxxxxxxxxxxxxxxxxxxxxxxxxx --vendor=Docker --model=x86_64 "--device=Docker Container (LinuxServer.io)"
Dec 12, 2025 22:48:38.865 [140500394490680] DEBUG - [JobRunner] Jobs: Starting child process with pid 316
Dec 12, 2025 22:48:38.872 [140500452231992] DEBUG - Jobs: '/usr/lib/plexmediaserver/CrashUploader' exit code for process 316 is 0 (success)
Dec 12, 2025 22:48:38.959 [140500432681784] DEBUG - [HttpClient/HCl#b] HTTP/1.1 (0.1s) 200 response from GET https://plex.tv/api/v2/geoip (reused)
Dec 12, 2025 22:48:38.959 [140500396600120] DEBUG - [HCl#c] HTTP requesting GET https://plex.tv/api/v2/server/webhooks?X-Plex-Token=xxxxxxxxxxxxxxxxxxxx
Dec 12, 2025 22:48:38.959 [140500439886648] DEBUG - [EventSourceClient/pubsub/176.58.107.84:443] Resolving 176.58.107.84 port 443
Dec 12, 2025 22:48:38.959 [140500439886648] DEBUG - [EventSourceClient/pubsub/176.58.107.84:443] Resolved 176.58.107.84 to 176.58.107.84:443
Dec 12, 2025 22:48:38.960 [140500415585080] DEBUG - [HCl#d] HTTP requesting GET https://plex.tv/api/v2/user/privacy?X-Plex-Token=xxxxxxxxxxxxxxxxxxxx
Dec 12, 2025 22:48:39.018 [140500432681784] DEBUG - [HttpClient/HCl#9] HTTP/1.1 (0.4s) 200 response from GET https://plex.tv/api/v2/user/privacy?X-Plex-Token=xxxxxxxxxxxxxxxxxxxx
Dec 12, 2025 22:48:39.025 [140500432681784] DEBUG - [HttpClient/HCl#8] HTTP/1.1 (0.4s) 200 response from GET https://plex.tv/api/v2/release_channels?X-Plex-Token=xxxxxxxxxxxxxxxxxxxx
Dec 12, 2025 22:48:39.064 [140500432681784] DEBUG - [HttpClient/HCl#5] HTTP/1.1 (0.5s) 200 response from GET https://v4.plex.tv/pms/:/ip
Dec 12, 2025 22:48:39.064 [140500449680184] DEBUG - PublicAddressManager: Got public IP from v4.plex.tv: 185.182.126.187
Dec 12, 2025 22:48:39.100 [140500439886648] DEBUG - [EventSourceClient/pubsub/176.58.107.84:443] Connected in 141 ms.
Dec 12, 2025 22:48:39.101 [140500439886648] DEBUG - [EventSourceClient/pubsub/176.58.107.84:443] Wrote data, reading reply.
Dec 12, 2025 22:48:39.103 [140500432681784] DEBUG - [HttpClient/HCl#a] HTTP/1.1 (0.5s) 200 response from GET https://plex.tv/api/v2/features?X-Plex-Token=xxxxxxxxxxxxxxxxxxxx
Dec 12, 2025 22:48:39.103 [140500392381240] DEBUG - [HCl#e] HTTP requesting GET https://plex.tv/api/v2/server/users/features
Dec 12, 2025 22:48:39.119 [140500432681784] DEBUG - [HttpClient/HCl#c] HTTP/1.1 (0.2s) 200 response from GET https://plex.tv/api/v2/server/webhooks?X-Plex-Token=xxxxxxxxxxxxxxxxxxxx (reused)
Dec 12, 2025 22:48:39.141 [140500432681784] DEBUG - [HttpClient/HCl#7] HTTP/1.1 (0.6s) 200 response from GET https://plex.tv/api/taas/profile
Dec 12, 2025 22:48:39.261 [140500432681784] DEBUG - [HttpClient/HCl#e] HTTP/1.1 (0.2s) 200 response from GET https://plex.tv/api/v2/server/users/features (reused)
Dec 12, 2025 22:48:39.447 [140500432681784] DEBUG - [HttpClient/HCl#d] HTTP/1.1 (0.5s) 200 response from GET https://plex.tv/api/v2/user/privacy?X-Plex-Token=xxxxxxxxxxxxxxxxxxxx
Dec 12, 2025 22:48:39.449 [140500415585080] DEBUG - [HCl#f] HTTP requesting GET https://plex.tv/api/v2/release_channels?X-Plex-Token=xxxxxxxxxxxxxxxxxxxx
Dec 12, 2025 22:48:39.464 [140500419803960] DEBUG - Request: [127.0.0.1:48338 (Loopback)] GET /system/messaging/clear_events/com.plexapp.agents.imdb (3 live) #9 GZIP Signed-in Token (amj1603)
Dec 12, 2025 22:48:39.464 [140500419803960] DEBUG - [Req#9] [com.plexapp.system] Sending command over HTTP (GET): /system/messaging/clear_events/com.plexapp.agents.imdb
Dec 12, 2025 22:48:39.464 [140500419803960] DEBUG - [Req#9/HCl#10] HTTP requesting GET http://127.0.0.1:46761/system/messaging/clear_events/com.plexapp.agents.imdb
Dec 12, 2025 22:48:39.482 [140500432681784] DEBUG - [HttpClient/HCl#10] HTTP/1.1 (0.0s) 200 response from GET http://127.0.0.1:46761/system/messaging/clear_events/com.plexapp.agents.imdb
Dec 12, 2025 22:48:39.482 [140500419803960] DEBUG - [Req#9] [com.plexapp.system] HTTP reply status 200, with 0 bytes of content.
Dec 12, 2025 22:48:39.482 [140500439886648] DEBUG - Completed: [127.0.0.1:48338] 200 GET /system/messaging/clear_events/com.plexapp.agents.imdb (3 live) #9 GZIP 17ms 280 bytes
Dec 12, 2025 22:48:39.496 [140500441996088] DEBUG - [EventSourceClient/pubsub/176.58.107.84:443] Read HTTP reply header.
Dec 12, 2025 22:48:39.496 [140500441996088] DEBUG - [EventSourceClient/pubsub/176.58.107.84:443] MyPlex: We appear to have regained Internet connectivity.
Dec 12, 2025 22:48:39.530 [140500441996088] DEBUG - [EventSourceClient/pubsub/176.58.107.84:443] PublicAddressManager: Obtaining public address and mapping port.
Dec 12, 2025 22:48:39.530 [140500441996088] DEBUG - [EventSourceClient/pubsub/176.58.107.84:443] MyPlex: async reachability check - current mapped state: 'Not Mapped'.
Dec 12, 2025 22:48:39.530 [140500441996088] WARN - [EventSourceClient/pubsub/176.58.107.84:443] MyPlex: attempted a reachability check but we're not yet mapped.
Dec 12, 2025 22:48:39.530 [140500441996088] DEBUG - [EventSourceClient/pubsub/176.58.107.84:443] Successfully connected to 176.58.107.84.
Dec 12, 2025 22:48:39.574 [140500419803960] DEBUG - Request: [127.0.0.1:48340 (Loopback)] GET /:/plugins/com.plexapp.system/resourceHashes (3 live) #c GZIP Signed-in Token (amj1603)
Dec 12, 2025 22:48:39.574 [140500419803960] DEBUG - [Req#c] [com.plexapp.system] Sending command over HTTP (GET): /:/plugins/com.plexapp.system/resourceHashes
Dec 12, 2025 22:48:39.575 [140500419803960] DEBUG - [Req#c/HCl#11] HTTP requesting GET http://127.0.0.1:46761/:/plugins/com.plexapp.system/resourceHashes
Dec 12, 2025 22:48:39.576 [140500432681784] DEBUG - [HttpClient/HCl#f] HTTP/1.1 (0.1s) 200 response from GET https://plex.tv/api/v2/release_channels?X-Plex-Token=xxxxxxxxxxxxxxxxxxxx (reused)
Dec 12, 2025 22:48:39.576 [140500415585080] DEBUG - [HCl#12] HTTP requesting GET https://plex.tv/api/v2/features?X-Plex-Token=xxxxxxxxxxxxxxxxxxxx
Dec 12, 2025 22:48:39.756 [140500432681784] DEBUG - [HttpClient/HCl#11] HTTP/1.1 (0.2s) 404 response from GET http://127.0.0.1:46761/:/plugins/com.plexapp.system/resourceHashes
Dec 12, 2025 22:48:39.756 [140500419803960] DEBUG - [Req#c] [com.plexapp.system] HTTP reply status 404, with 0 bytes of content.
Dec 12, 2025 22:48:39.756 [140500441996088] DEBUG - Completed: [127.0.0.1:48340] 404 GET /:/plugins/com.plexapp.system/resourceHashes (3 live) #c GZIP 181ms 261 bytes
Dec 12, 2025 22:48:39.766 [140500419803960] DEBUG - Request: [127.0.0.1:48344 (Loopback)] GET /:/plugins/com.plexapp.system/messaging/function/X0J1bmRsZVNlcnZpY2U6QWxsU2VydmljZXM_/Y2VyZWFsMQoxCmxpc3QKMApyMAo_/Y2VyZWFsMQoxCmRpY3QKMApyMAo_ (3 live) #e GZIP Signed-in Token (amj1603)
Dec 12, 2025 22:48:39.766 [140500419803960] DEBUG - [Req#e] [com.plexapp.system] Sending command over HTTP (GET): /:/plugins/com.plexapp.system/messaging/function/X0J1bmRsZVNlcnZpY2U6QWxsU2VydmljZXM_/Y2VyZWFsMQoxCmxpc3QKMApyMAo_/Y2VyZWFsMQoxCmRpY3QKMApyMAo_
Dec 12, 2025 22:48:39.766 [140500419803960] DEBUG - [Req#e/HCl#13] HTTP requesting GET http://127.0.0.1:46761/:/plugins/com.plexapp.system/messaging/function/X0J1bmRsZVNlcnZpY2U6QWxsU2VydmljZXM_/Y2VyZWFsMQoxCmxpc3QKMApyMAo_/Y2VyZWFsMQoxCmRpY3QKMApyMAo_
Dec 12, 2025 22:48:39.769 [140500432681784] DEBUG - [HttpClient/HCl#13] HTTP/1.1 (0.0s) 200 response from GET http://127.0.0.1:46761/:/plugins/com.plexapp.system/messaging/function/X0J1bmRsZVNlcnZpY2U6QWxsU2VydmljZXM_/Y2VyZWFsMQoxCmxpc3QKMApyMAo_/Y2VyZWFsMQoxCmRpY3QKMApyMAo_
Dec 12, 2025 22:48:39.770 [140500419803960] DEBUG - [Req#e] [com.plexapp.system] HTTP reply status 200, with 516 bytes of content.
Dec 12, 2025 22:48:39.770 [140500441996088] DEBUG - Completed: [127.0.0.1:48344] 200 GET /:/plugins/com.plexapp.system/messaging/function/X0J1bmRsZVNlcnZpY2U6QWxsU2VydmljZXM_/Y2VyZWFsMQoxCmxpc3QKMApyMAo_/Y2VyZWFsMQoxCmRpY3QKMApyMAo_ (4 live) #e GZIP 4ms 746 bytes
Dec 12, 2025 22:48:39.774 [140500432681784] DEBUG - [HttpClient/HCl#12] HTTP/1.1 (0.2s) 200 response from GET https://plex.tv/api/v2/features?X-Plex-Token=xxxxxxxxxxxxxxxxxxxx (reused)
Dec 12, 2025 22:48:39.775 [140500415585080] DEBUG - [HCl#14] HTTP requesting GET https://plex.tv/api/v2/server/users/features
Dec 12, 2025 22:48:39.795 [140500419803960] DEBUG - Request: [127.0.0.1:48352 (Loopback)] GET / (3 live) #10 GZIP Signed-in Token (amj1603)
Dec 12, 2025 22:48:39.797 [140500441996088] DEBUG - Completed: [127.0.0.1:48352] 200 GET / (3 live) #10 GZIP 1ms 3954 bytes
Dec 12, 2025 22:48:39.920 [140500432681784] DEBUG - [HttpClient/HCl#14] HTTP/1.1 (0.1s) 200 response from GET https://plex.tv/api/v2/server/users/features (reused)
Dec 12, 2025 22:48:39.925 [140500415585080] DEBUG - CERT: Certificate will not expire soon; we'll check again in a week.
Dec 12, 2025 22:48:39.925 [140500358576952] DEBUG - MyPlex: sendMapping resetting state - previous mapping state: 'Not Mapped'.
Dec 12, 2025 22:48:39.925 [140500358576952] DEBUG - MyPlex: mapping state set to 'Unknown'.
Dec 12, 2025 22:48:39.925 [140500415585080] DEBUG - MyPlex: Updating device connections (from timer: 0)
Dec 12, 2025 22:48:39.925 [140500415585080] DEBUG - [HCl#15] HTTP requesting PUT https://plex.tv/devices/ee184565d045d16e3b69df5ffe0e3bed7a8c8e47?Connection[][uri]=http://172.27.0.2:32400&httpsEnabled=1&httpsRequired=0&dnsRebindingProtection=0&X-Plex-Token=xxxxxxxxxxxxxxxxxxxx
Dec 12, 2025 22:48:39.925 [140500358576952] DEBUG - MyPlex: Sending Server Info to myPlex (user=amj16012004@gmail.com, ip=, port=0)
Dec 12, 2025 22:48:39.925 [140500358576952] DEBUG - [HCl#16] HTTP requesting POST https://plex.tv/servers.xml?auth_token=xxxxxxxxxxxxxxxxxxxx
Dec 12, 2025 22:48:40.107 [140500432681784] DEBUG - [HttpClient/HCl#15] HTTP/1.1 (0.2s) 200 response from PUT https://plex.tv/devices/ee184565d045d16e3b69df5ffe0e3bed7a8c8e47?Connection[][uri]=http://172.27.0.2:32400&httpsEnabled=1&httpsRequired=0&dnsRebindingProtection=0&X-Plex-Token=xxxxxxxxxxxxxxxxxxxx (reused)
Dec 12, 2025 22:48:40.111 [140500432681784] DEBUG - [HttpClient/HCl#16] HTTP/1.1 (0.2s) 422 response from POST https://plex.tv/servers.xml?auth_token=xxxxxxxxxxxxxxxxxxxx (reused)
Dec 12, 2025 22:48:40.111 [140500358576952] DEBUG - MyPlex: Published Mapping State response was 422
Dec 12, 2025 22:48:40.111 [140500358576952] DEBUG - MyPlex: Got response for ee184565d045d16e3b69df5ffe0e3bed7a8c8e47 ~ registered :0
Dec 12, 2025 22:48:40.111 [140500358576952] DEBUG - MyPlex: updating mapped state - current state: 'Not Mapped'
Dec 12, 2025 22:48:40.111 [140500358576952] DEBUG - MyPlex: mapping state set to 'Not Mapped'.
Dec 12, 2025 22:48:40.285 [140500419803960] DEBUG - Request: [127.0.0.1:48364 (Loopback)] GET /:/plugins/com.plexapp.system/messaging/function/X0FnZW50U2VydmljZTpVcGRhdGVJbmZv/Y2VyZWFsMQoxCmxpc3QKMApyMAo_/Y2VyZWFsMQo3CmRpY3QKbGlzdApkaWN0Cmxpc3QKbGlzdApsaXN0Cmxpc3QKMgpzMjMKY29tLnBsZXhhcHAuYWdlbnRzLmltZGJzMTAKaWRlbnRpZmllcnIxCnMxMAphZ2VudF9pbmZvMQpyMgoxMApyMwpzMTEKbWVkaWFfdHlwZXNyNApzMTIKYWNjZXB0c19mcm9tbnMxNApmYWxsYmFja19hZ2VudHI1CnMxNApjb250cmlidXRlc190b3I2CnM5Cmxhbmd1YWdlc2IxczIwCnBlcnNpc3Rfc3RvcmVkX2ZpbGVzaTAKczcKdmVyc2lvbmIxczE2CnByaW1hcnlfcHJvdmlkZXJiMXM1CnByZWZzczE5ClBsZXggTW92aWUgKExlZ2FjeSlzNApuYW1lMQpzNQpNb3ZpZTEKczI5CmNvbS5wbGV4YXBwLmFnZW50cy5sb2NhbG1lZGlhMQpzMjkKY29tLnBsZXhhcHAuYWdlbnRzLnRoZW1vdmllZGIzMwpzMgplbnMyCnN2czIKZnJzMgplc3MyCm5sczIKZGVzMgppdHMyCmRhczIKYXJzMgpjYXMyCnpoczIKY3NzMgpldHMyCmZpczIKZWxzMgpoZXMyCmhpczIKaHVzMgppZHMyCmphczIKa29zMgpsdnMyCm5vczIKZmFzMgpwbHMyCnB0czIKcm9zMgpydXMyCnNrczIKdGhzMgp0cnMyCnVrczIKdmlyMAo_ (3 live) #11 GZIP Signed-in Token (amj1603)
Dec 12, 2025 22:48:40.285 [140500419803960] DEBUG - [Req#11] [com.plexapp.system] Sending command over HTTP (GET): /:/plugins/com.plexapp.system/messaging/function/X0FnZW50U2VydmljZTpVcGRhdGVJbmZv/Y2VyZWFsMQoxCmxpc3QKMApyMAo_/Y2VyZWFsMQo3CmRpY3QKbGlzdApkaWN0Cmxpc3QKbGlzdApsaXN0Cmxpc3QKMgpzMjMKY29tLnBsZXhhcHAuYWdlbnRzLmltZGJzMTAKaWRlbnRpZmllcnIxCnMxMAphZ2VudF9pbmZvMQpyMgoxMApyMwpzMTEKbWVkaWFfdHlwZXNyNApzMTIKYWNjZXB0c19mcm9tbnMxNApmYWxsYmFja19hZ2VudHI1CnMxNApjb250cmlidXRlc190b3I2CnM5Cmxhbmd1YWdlc2IxczIwCnBlcnNpc3Rfc3RvcmVkX2ZpbGVzaTAKczcKdmVyc2lvbmIxczE2CnByaW1hcnlfcHJvdmlkZXJiMXM1CnByZWZzczE5ClBsZXggTW92aWUgKExlZ2FjeSlzNApuYW1lMQpzNQpNb3ZpZTEKczI5CmNvbS5wbGV4YXBwLmFnZW50cy5sb2NhbG1lZGlhMQpzMjkKY29tLnBsZXhhcHAuYWdlbnRzLnRoZW1vdmllZGIzMwpzMgplbnMyCnN2czIKZnJzMgplc3MyCm5sczIKZGVzMgppdHMyCmRhczIKYXJzMgpjYXMyCnpoczIKY3NzMgpldHMyCmZpczIKZWxzMgpoZXMyCmhpczIKaHVzMgppZHMyCmphczIKa29zMgpsdnMyCm5vczIKZmFzMgpwbHMyCnB0czIKcm9zMgpydXMyCnNrczIKdGhzMgp0cnMyCnVrczIKdmlyMAo_
Dec 12, 2025 22:48:40.285 [140500419803960] DEBUG - [Req#11/HCl#17] HTTP requesting GET http://127.0.0.1:46761/:/plugins/com.plexapp.system/messaging/function/X0FnZW50U2VydmljZTpVcGRhdGVJbmZv/Y2VyZWFsMQoxCmxpc3QKMApyMAo_/Y2VyZWFsMQo3CmRpY3QKbGlzdApkaWN0Cmxpc3QKbGlzdApsaXN0Cmxpc3QKMgpzMjMKY29tLnBsZXhhcHAuYWdlbnRzLmltZGJzMTAKaWRlbnRpZmllcnIxCnMxMAphZ2VudF9pbmZvMQpyMgoxMApyMwpzMTEKbWVkaWFfdHlwZXNyNApzMTIKYWNjZXB0c19mcm9tbnMxNApmYWxsYmFja19hZ2VudHI1CnMxNApjb250cmlidXRlc190b3I2CnM5Cmxhbmd1YWdlc2IxczIwCnBlcnNpc3Rfc3RvcmVkX2ZpbGVzaTAKczcKdmVyc2lvbmIxczE2CnByaW1hcnlfcHJvdmlkZXJiMXM1CnByZWZzczE5ClBsZXggTW92aWUgKExlZ2FjeSlzNApuYW1lMQpzNQpNb3ZpZTEKczI5CmNvbS5wbGV4YXBwLmFnZW50cy5sb2NhbG1lZGlhMQpzMjkKY29tLnBsZXhhcHAuYWdlbnRzLnRoZW1vdmllZGIzMwpzMgplbnMyCnN2czIKZnJzMgplc3MyCm5sczIKZGVzMgppdHMyCmRhczIKYXJzMgpjYXMyCnpoczIKY3NzMgpldHMyCmZpczIKZWxzMgpoZXMyCmhpczIKaHVzMgppZHMyCmphczIKa29zMgpsdnMyCm5vczIKZmFzMgpwbHMyCnB0czIKcm9zMgpydXMyCnNrczIKdGhzMgp0cnMyCnVrczIKdmlyMAo_
Dec 12, 2025 22:48:40.290 [140500432681784] DEBUG - [HttpClient/HCl#17] HTTP/1.1 (0.0s) 200 response from GET http://127.0.0.1:46761/:/plugins/com.plexapp.system/messaging/function/X0FnZW50U2VydmljZTpVcGRhdGVJbmZv/Y2VyZWFsMQoxCmxpc3QKMApyMAo_/Y2VyZWFsMQo3CmRpY3QKbGlzdApkaWN0Cmxpc3QKbGlzdApsaXN0Cmxpc3QKMgpzMjMKY29tLnBsZXhhcHAuYWdlbnRzLmltZGJzMTAKaWRlbnRpZmllcnIxCnMxMAphZ2VudF9pbmZvMQpyMgoxMApyMwpzMTEKbWVkaWFfdHlwZXNyNApzMTIKYWNjZXB0c19mcm9tbnMxNApmYWxsYmFja19hZ2VudHI1CnMxNApjb250cmlidXRlc190b3I2CnM5Cmxhbmd1YWdlc2IxczIwCnBlcnNpc3Rfc3RvcmVkX2ZpbGVzaTAKczcKdmVyc2lvbmIxczE2CnByaW1hcnlfcHJvdmlkZXJiMXM1CnByZWZzczE5ClBsZXggTW92aWUgKExlZ2FjeSlzNApuYW1lMQpzNQpNb3ZpZTEKczI5CmNvbS5wbGV4YXBwLmFnZW50cy5sb2NhbG1lZGlhMQpzMjkKY29tLnBsZXhhcHAuYWdlbnRzLnRoZW1vdmllZGIzMwpzMgplbnMyCnN2czIKZnJzMgplc3MyCm5sczIKZGVzMgppdHMyCmRhczIKYXJzMgpjYXMyCnpoczIKY3NzMgpldHMyCmZpczIKZWxzMgpoZXMyCmhpczIKaHVzMgppZHMyCmphczIKa29zMgpsdnMyCm5vczIKZmFzMgpwbHMyCnB0czIKcm9zMgpydXMyCnNrczIKdGhzMgp0cnMyCnVrczIKdmlyMAo_
Dec 12, 2025 22:48:40.290 [140500419803960] DEBUG - [Req#11] [com.plexapp.system] HTTP reply status 200, with 16 bytes of content.
Dec 12, 2025 22:48:40.290 [140500439886648] DEBUG - Completed: [127.0.0.1:48364] 200 GET /:/plugins/com.plexapp.system/messaging/function/X0FnZW50U2VydmljZTpVcGRhdGVJbmZv/Y2VyZWFsMQoxCmxpc3QKMApyMAo_/Y2VyZWFsMQo3CmRpY3QKbGlzdApkaWN0Cmxpc3QKbGlzdApsaXN0Cmxpc3QKMgpzMjMKY29tLnBsZXhhcHAuYWdlbnRzLmltZGJzMTAKaWRlbnRpZmllcnIxCnMxMAphZ2VudF9pbmZvMQpyMgoxMApyMwpzMTEKbWVkaWFfdHlwZXNyNApzMTIKYWNjZXB0c19mcm9tbnMxNApmYWxsYmFja19hZ2VudHI1CnMxNApjb250cmlidXRlc190b3I2CnM5Cmxhbmd1YWdlc2IxczIwCnBlcnNpc3Rfc3RvcmVkX2ZpbGVzaTAKczcKdmVyc2lvbmIxczE2CnByaW1hcnlfcHJvdmlkZXJiMXM1CnByZWZzczE5ClBsZXggTW92aWUgKExlZ2FjeSlzNApuYW1lMQpzNQpNb3ZpZTEKczI5CmNvbS5wbGV4YXBwLmFnZW50cy5sb2NhbG1lZGlhMQpzMjkKY29tLnBsZXhhcHAuYWdlbnRzLnRoZW1vdmllZGIzMwpzMgplbnMyCnN2czIKZnJzMgplc3MyCm5sczIKZGVzMgppdHMyCmRhczIKYXJzMgpjYXMyCnpoczIKY3NzMgpldHMyCmZpczIKZWxzMgpoZXMyCmhpczIKaHVzMgppZHMyCmphczIKa29zMgpsdnMyCm5vczIKZmFzMgpwbHMyCnB0czIKcm9zMgpydXMyCnNrczIKdGhzMgp0cnMyCnVrczIKdmlyMAo_ (3 live) #11 GZIP 5ms 415 bytes
Dec 12, 2025 22:48:40.293 [140500364958520] DEBUG - [Req#b] Reading 148 bytes in the body, code is 200
Dec 12, 2025 22:48:40.293 [140500364958520] DEBUG - [Req#b] [com.plexapp.agents.imdb] Plug-in running on port 43515.
Dec 12, 2025 22:48:40.293 [140500364958520] DEBUG - [Req#b] Read configuration for [com.plexapp.agents.imdb], had 0 prefixes
Dec 12, 2025 22:48:40.294 [140500364958520] DEBUG - [Req#b] [com.plexapp.agents.imdb] Sending command over HTTP (GET): /:/plugins/com.plexapp.agents.imdb/prefs
Dec 12, 2025 22:48:40.294 [140500364958520] DEBUG - [Req#b/HCl#18] HTTP requesting GET http://127.0.0.1:43515/:/plugins/com.plexapp.agents.imdb/prefs
Dec 12, 2025 22:48:40.308 [140500432681784] DEBUG - [HttpClient/HCl#18] HTTP/1.1 (0.0s) 200 response from GET http://127.0.0.1:43515/:/plugins/com.plexapp.agents.imdb/prefs
Dec 12, 2025 22:48:40.308 [140500364958520] DEBUG - [Req#b] [com.plexapp.agents.imdb] HTTP reply status 200, with 2224 bytes of content.
Dec 12, 2025 22:48:40.308 [140500364958520] DEBUG - Caching document http://127.0.0.1:32400/:/plugins/com.plexapp.agents.imdb/prefs as 92314e196dd81e4c80373f8c9c10d5189f1c2c09
Dec 12, 2025 22:48:40.308 [140500364958520] DEBUG - IVA: Downloading trailer lists.
Dec 12, 2025 22:48:40.591 [140500364958520] DEBUG - IVA: Downloaded 26 trailers for source 1.
Dec 12, 2025 22:48:40.653 [140500364958520] DEBUG - IVA: Downloaded 9 trailers for source 2.
Dec 12, 2025 22:48:41.960 [140500398709560] DEBUG - [MediaProviderManager] Refreshing media providers
Dec 12, 2025 22:48:41.961 [140500398709560] DEBUG - [MediaProviderManager/Response::fetch/HCl#1d] HTTP requesting GET https://plex.tv/media/providers
Dec 12, 2025 22:48:42.089 [140500432681784] DEBUG - [HttpClient/HCl#1d] HTTP/1.1 (0.1s) 200 response from GET https://plex.tv/media/providers (reused)
Dec 12, 2025 22:48:42.089 [140500398709560] DEBUG - [MediaProviderManager] discovered cloud provider (Movies & Shows)
Dec 12, 2025 22:48:42.090 [140500398709560] DEBUG - [MediaProviderManager] discovered cloud provider (Metadata)
Dec 12, 2025 22:48:42.090 [140500398709560] DEBUG - [MediaProviderManager] loading cloud provider details (Metadata) (alive: 0)
Dec 12, 2025 22:48:42.090 [140500377615160] DEBUG - [MediaProviderManager/HCl#21] HTTP requesting GET https://vod.provider.plex.tv?includePreferences=1
Dec 12, 2025 22:48:42.351 [140500398709560] DEBUG - [MediaProviderManager] loading cloud provider details (Movies & Shows) (alive: 0)
Dec 12, 2025 22:48:42.351 [140500398709560] DEBUG - [MediaProviderManager/HCl#23] HTTP requesting GET https://vod.provider.plex.tv?includePreferences=1
Dec 12, 2025 22:48:42.369 [140500432681784] DEBUG - [HttpClient/HCl#21] HTTP/2.0 (0.3s) 200 response from GET https://vod.provider.plex.tv?includePreferences=1
Dec 12, 2025 22:48:42.413 [140500432681784] DEBUG - [HttpClient/HCl#23] HTTP/2.0 (0.1s) 200 response from GET https://vod.provider.plex.tv?includePreferences=1 (reused)
Dec 12, 2025 22:48:42.415 [140500398709560] DEBUG - [MediaProviderManager] we had 0 cloud providers online, we now have 2
Dec 12, 2025 22:48:42.415 [140500398709560] DEBUG - [MediaProviderManager] cloud provider (Metadata) is online and available
Dec 12, 2025 22:48:42.415 [140500398709560] DEBUG - [MediaProviderManager] cloud provider (Movies & Shows) is online and available
Dec 12, 2025 22:48:42.416 [140500398709560] DEBUG - [MediaProviderManager/MetadataAgentManager] Found media provider for agent provider 'tv.plex.agents.movie' with source URI 'provider://tv.plex.provider.metadata'
Dec 12, 2025 22:48:42.417 [140500398709560] DEBUG - [MediaProviderManager/MetadataAgentManager] Found media provider for agent provider 'tv.plex.agents.series' with source URI 'provider://tv.plex.provider.metadata'
Dec 12, 2025 22:48:42.417 [140500398709560] DEBUG - [MediaProviderManager/MetadataAgentManager] Found media provider for agent provider 'tv.plex.agents.music' with source URI 'provider://tv.plex.provider.metadata'
Dec 12, 2025 22:48:42.417 [140500398709560] DEBUG - [MediaProviderManager/MetadataAgentManager] Found media provider for agent provider 'org.musicbrainz.agents.music' with source URI 'provider://tv.plex.provider.metadata'
Dec 12, 2025 22:48:42.417 [140500398709560] DEBUG - [MediaProviderManager] Media provider refresh complete
Dec 12, 2025 22:48:43.584 [140500409256760] DEBUG - [NSB] NetworkServiceBrowser: SERVER arrived: 127.0.0.1 (PLEX)
Dec 12, 2025 22:48:43.584 [140500409256760] DEBUG - [NSB] Notifying the system bundle an update to server /system/notify/serverUpdated?host=127.0.0.1
Dec 12, 2025 22:48:43.584 [140500409256760] DEBUG - [NSB] [com.plexapp.system] Sending command over HTTP (GET): /system/notify/serverUpdated?host=127.0.0.1
Dec 12, 2025 22:48:43.584 [140500409256760] DEBUG - [NSB/HCl#24] HTTP requesting GET http://127.0.0.1:46761/system/notify/serverUpdated?host=127.0.0.1
Dec 12, 2025 22:48:43.594 [140500419803960] DEBUG - Request: [127.0.0.1:48376 (Loopback)] GET /servers (3 live) #1a GZIP Signed-in Token (amj1603)
Dec 12, 2025 22:48:43.595 [140500439886648] DEBUG - Completed: [127.0.0.1:48376] 200 GET /servers (3 live) #1a GZIP 0ms 488 bytes
Dec 12, 2025 22:48:43.599 [140500432681784] DEBUG - [HttpClient/HCl#24] HTTP/1.1 (0.0s) 200 response from GET http://127.0.0.1:46761/system/notify/serverUpdated?host=127.0.0.1
Dec 12, 2025 22:48:43.599 [140500409256760] DEBUG - [NSB] [com.plexapp.system] HTTP reply status 200, with 0 bytes of content.
Dec 12, 2025 22:48:43.960 [140500407147320] DEBUG - [PubsubServerManager/process/HCl#25] HTTP requesting GET https://plex.tv/services/pubsub/servers
Dec 12, 2025 22:48:44.111 [140500432681784] DEBUG - [HttpClient/HCl#25] HTTP/1.1 (0.1s) 200 response from GET https://plex.tv/services/pubsub/servers (reused)
Dec 12, 2025 22:48:44.935 [140500407147320] DEBUG - [PubsubServerManager/process] Time to connect to 176.58.107.84 was 137 ms.
Dec 12, 2025 22:48:44.935 [140500407147320] DEBUG - [PubsubServerManager/process] Time to connect to 176.58.127.172 was 146 ms.
Dec 12, 2025 22:48:44.935 [140500407147320] DEBUG - [PubsubServerManager/process] Time to connect to 172.105.64.14 was 151 ms.
Dec 12, 2025 22:48:44.935 [140500407147320] DEBUG - [PubsubServerManager/process] Time to connect to 45.33.73.250 was 336 ms.
Dec 12, 2025 22:48:44.935 [140500407147320] DEBUG - [PubsubServerManager/process] Time to connect to 172.105.96.32 was 347 ms.
Dec 12, 2025 22:48:44.935 [140500407147320] DEBUG - [PubsubServerManager/process] Time to connect to 173.230.131.250 was 366 ms.
Dec 12, 2025 22:48:44.935 [140500407147320] DEBUG - [PubsubServerManager/process] Time to connect to 45.33.119.35 was 421 ms.
Dec 12, 2025 22:48:44.935 [140500407147320] DEBUG - [PubsubServerManager/process] Time to connect to 192.81.131.80 was 553 ms.
Dec 12, 2025 22:48:44.935 [140500407147320] DEBUG - [PubsubServerManager/process] Time to connect to 172.104.173.210 was 798 ms.
Dec 12, 2025 22:48:44.935 [140500407147320] DEBUG - [PubsubServerManager/process] Time to connect to 172.105.203.197 was 822 ms.
Dec 12, 2025 22:48:44.936 [140500407147320] DEBUG - [PubsubServerManager/process] Updating best ping time for 176.58.107.84 to 137 ms.
Dec 12, 2025 22:48:46.964 [140500386052920] DEBUG - DVR:Device: Discovering and refreshing all devices.
Dec 12, 2025 22:48:46.965 [140500386052920] DEBUG - Grabber: HDHomerun discovered 0 compatible devices.
Dec 12, 2025 22:48:46.965 [140500386052920] DEBUG - [HCl#26] HTTP requesting POST http://127.0.0.1:32600/devices/discover
Dec 12, 2025 22:48:48.586 [140500392381240] DEBUG - Grabber: Cleaning up orphaned grabs.
Dec 12, 2025 22:48:48.586 [140500392381240] DEBUG - Grabber: Cleaned up 0 decrepit directories in 0.0 sec.
Dec 12, 2025 22:48:48.587 [140500392381240] DEBUG - Activity: registered new activity cc0857ac-f584-4e2c-9de3-d9b8bb4ce87a - "Processing subscriptions"
Dec 12, 2025 22:48:48.587 [140500392381240] DEBUG - Subscription: Scheduling subscriptions.
Dec 12, 2025 22:48:48.588 [140500392381240] DEBUG - Subscription: Initialized 0 schedulers.
Dec 12, 2025 22:48:48.588 [140500392381240] DEBUG - Subscription: Starting with 0 grabs, scheduled 0 active ones preemptively.
Dec 12, 2025 22:48:48.588 [140500392381240] DEBUG - Subscription: Scheduled all subscriptions in 0 ms.
Dec 12, 2025 22:48:48.588 [140500392381240] DEBUG - Activity: Ended activity cc0857ac-f584-4e2c-9de3-d9b8bb4ce87a.
Dec 12, 2025 22:48:48.588 [140500392381240] DEBUG - Subscription: There are 0 active grabs at the end.
Dec 12, 2025 22:48:48.588 [140500392381240] DEBUG - Activity: Ended activity 7cb2ce9e-dbe2-440e-aa29-aca1995ae5dd.
Dec 12, 2025 22:48:48.588 [140500392381240] DEBUG - Subscription: Refreshed all content in 2 ms.
Dec 12, 2025 22:48:48.960 [140500400819000] DEBUG - [HCl#27] HTTP requesting GET https://plex.tv/api/resources.xml?includeHttps=1&includeRelay=1&auth_token=xxxxxxxxxxxxxxxxxxxx
Dec 12, 2025 22:48:49.155 [140500432681784] DEBUG - [HttpClient/HCl#27] HTTP/1.1 (0.2s) 200 response from GET https://plex.tv/api/resources.xml?includeHttps=1&includeRelay=1&auth_token=xxxxxxxxxxxxxxxxxxxx (reused)
Dec 12, 2025 22:48:49.156 [140500400819000] DEBUG - Media Server: Tested all servers in 0.0 seconds.
Dec 12, 2025 22:48:49.396 [140500432681784] DEBUG - [HttpClient/HCl#26] HTTP/1.1 (2.4s) 200 response from POST http://127.0.0.1:32600/devices/discover
Dec 12, 2025 22:48:50.592 [140500421913400] DEBUG - NAT: UPnP, didn't find usable IGD.
Dec 12, 2025 22:48:50.592 [140500421913400] DEBUG - NAT: PMP, attempting mapping.
Dec 12, 2025 22:48:50.842 [140500421913400] WARN - NAT: PMP, got an error: Not Supported by gateway.
Dec 12, 2025 22:48:50.842 [140500421913400] DEBUG - NAT: UPnP, attempting port mapping.
Dec 12, 2025 22:48:51.076 [140500449680184] DEBUG - NAT: UPnP, getPublicIP didn't find usable IGD.
Dec 12, 2025 22:48:51.327 [140500449680184] WARN - NAT: PMP, got an error: Not Supported by gateway.
Dec 12, 2025 22:48:51.328 [140500449680184] DEBUG - MyPlex: sendMapping resetting state - previous mapping state: 'Not Mapped'.
Dec 12, 2025 22:48:51.328 [140500449680184] DEBUG - MyPlex: mapping state set to 'Unknown'.
Dec 12, 2025 22:48:51.331 [140500449680184] DEBUG - MyPlex: Sending Server Info to myPlex (user=amj16012004@gmail.com, ip=185.182.126.187, port=0)
Dec 12, 2025 22:48:51.331 [140500449680184] DEBUG - [HCl#28] HTTP requesting POST https://plex.tv/servers.xml?auth_token=xxxxxxxxxxxxxxxxxxxx
Dec 12, 2025 22:48:51.602 [140500432681784] DEBUG - [HttpClient/HCl#28] HTTP/1.1 (0.3s) 422 response from POST https://plex.tv/servers.xml?auth_token=xxxxxxxxxxxxxxxxxxxx (reused)
Dec 12, 2025 22:48:51.602 [140500449680184] DEBUG - MyPlex: Published Mapping State response was 422
Dec 12, 2025 22:48:51.602 [140500449680184] DEBUG - MyPlex: Got response for ee184565d045d16e3b69df5ffe0e3bed7a8c8e47 ~ registered :0
Dec 12, 2025 22:48:51.602 [140500449680184] DEBUG - MyPlex: updating mapped state - current state: 'Not Mapped'
Dec 12, 2025 22:48:51.602 [140500449680184] DEBUG - MyPlex: mapping state set to 'Not Mapped'.
Dec 12, 2025 22:48:51.605 [140500449680184] DEBUG - MyPlex: Updating device connections (from timer: 0)
Dec 12, 2025 22:48:51.605 [140500449680184] DEBUG - [HCl#29] HTTP requesting PUT https://plex.tv/devices/ee184565d045d16e3b69df5ffe0e3bed7a8c8e47?Connection[][uri]=http://172.27.0.2:32400&httpsEnabled=1&httpsRequired=0&dnsRebindingProtection=0&natLoopbackSupported=0&X-Plex-Token=xxxxxxxxxxxxxxxxxxxx
Dec 12, 2025 22:48:51.757 [140500432681784] DEBUG - [HttpClient/HCl#29] HTTP/1.1 (0.1s) 200 response from PUT https://plex.tv/devices/ee184565d045d16e3b69df5ffe0e3bed7a8c8e47?Connection[][uri]=http://172.27.0.2:32400&httpsEnabled=1&httpsRequired=0&dnsRebindingProtection=0&natLoopbackSupported=0&X-Plex-Token=xxxxxxxxxxxxxxxxxxxx (reused)
Dec 12, 2025 22:49:02.852 [140500421913400] DEBUG - NAT: UPnP, didn't find usable IGD.
Dec 12, 2025 22:49:02.852 [140500421913400] DEBUG - PublicAddressManager: Mapping failed.
Dec 12, 2025 22:49:02.853 [140500421913400] DEBUG - MyPlex: mapping state set to 'Mapped - Not Published'.
Dec 12, 2025 22:49:02.853 [140500421913400] DEBUG - MyPlex: sendMapping resetting state - previous mapping state: 'Mapped - Not Published'.
Dec 12, 2025 22:49:02.853 [140500421913400] DEBUG - MyPlex: mapping state set to 'Unknown'.
Dec 12, 2025 22:49:02.862 [140500421913400] DEBUG - MyPlex: Sending Server Info to myPlex (user=amj16012004@gmail.com, ip=185.182.126.187, port=0)
Dec 12, 2025 22:49:02.863 [140500421913400] DEBUG - [HCl#2a] HTTP requesting POST https://plex.tv/servers.xml?auth_token=xxxxxxxxxxxxxxxxxxxx
Dec 12, 2025 22:49:03.425 [140500432681784] DEBUG - [HttpClient/HCl#2a] HTTP/1.1 (0.6s) 422 response from POST https://plex.tv/servers.xml?auth_token=xxxxxxxxxxxxxxxxxxxx
Dec 12, 2025 22:49:03.425 [140500421913400] DEBUG - MyPlex: Published Mapping State response was 422
Dec 12, 2025 22:49:03.425 [140500421913400] DEBUG - MyPlex: Got response for ee184565d045d16e3b69df5ffe0e3bed7a8c8e47 ~ registered :0
Dec 12, 2025 22:49:03.425 [140500421913400] DEBUG - MyPlex: updating mapped state - current state: 'Mapped - Not Published'
Dec 12, 2025 22:49:03.425 [140500421913400] DEBUG - MyPlex: mapping state set to 'Mapped - Publishing'.
Dec 12, 2025 22:49:03.425 [140500421913400] DEBUG - MyPlex: async reachability check - current mapped state: 'Mapped - Publishing'.
Dec 12, 2025 22:49:03.425 [140500421913400] DEBUG - MyPlex: Requesting reachability check.
Dec 12, 2025 22:49:03.426 [140500421913400] DEBUG - [HCl#2b] HTTP requesting PUT https://plex.tv/api/servers/ee184565d045d16e3b69df5ffe0e3bed7a8c8e47/connectivity?X-Plex-Token=xxxxxxxxxxxxxxxxxxxx&asyncIdentifier=19ad7fca-9fb1-44e3-aa19-dc654a97ee30
Dec 12, 2025 22:49:03.572 [140500432681784] DEBUG - [HttpClient/HCl#2b] HTTP/1.1 (0.1s) 200 response from PUT https://plex.tv/api/servers/ee184565d045d16e3b69df5ffe0e3bed7a8c8e47/connectivity?X-Plex-Token=xxxxxxxxxxxxxxxxxxxx&asyncIdentifier=19ad7fca-9fb1-44e3-aa19-dc654a97ee30 (reused)
Dec 12, 2025 22:49:03.575 [140500421913400] DEBUG - MyPlex: Last published value didn't change, we're done.
Dec 12, 2025 22:49:03.660 [140500441996088] DEBUG - [EventSourceClient/pubsub/176.58.107.84:443] EventSource: Got event [data] '<Message address="" port="0" asyncIdentifier="19ad7fca-9fb1-44e3-aa19-dc654a97ee30" connectivity="0" command="notifyConnectivity"/>'
Dec 12, 2025 22:49:03.660 [140500441996088] DEBUG - [EventSourceClient/pubsub/176.58.107.84:443] PubSub: Got notified of reachability for async identifier 19ad7fca-9fb1-44e3-aa19-dc654a97ee30: 0 for :0 (responded in 88 ms)
Dec 12, 2025 22:49:03.660 [140500441996088] DEBUG - [EventSourceClient/pubsub/176.58.107.84:443] MyPlex: reachability check - current mapping state: 'Mapped - Publishing'.
Dec 12, 2025 22:49:03.660 [140500441996088] DEBUG - [EventSourceClient/pubsub/176.58.107.84:443] MyPlex: mapping state set to 'Mapped - Not Published (Not Reachable)'.
Dec 12, 2025 22:49:06.943 [140500392381240] DEBUG - [HCl#2c] HTTP requesting GET https://plex.tv/api/v2/shared_sources/owned?machineIdentifier=ee184565d045d16e3b69df5ffe0e3bed7a8c8e47
Dec 12, 2025 22:49:07.075 [140500432681784] DEBUG - [HttpClient/HCl#2c] HTTP/1.1 (0.1s) 200 response from GET https://plex.tv/api/v2/shared_sources/owned?machineIdentifier=ee184565d045d16e3b69df5ffe0e3bed7a8c8e47 (reused)
Dec 12, 2025 22:49:07.076 [140500392381240] DEBUG - [HCl#2d] HTTP requesting GET https://plex.tv/api/v2/server/access_tokens?auth_token=xxxxxxxxxxxxxxxxxxxx
Dec 12, 2025 22:49:07.221 [140500432681784] DEBUG - [HttpClient/HCl#2d] HTTP/1.1 (0.1s) 200 response from GET https://plex.tv/api/v2/server/access_tokens?auth_token=xxxxxxxxxxxxxxxxxxxx (reused)
Dec 12, 2025 22:49:07.223 [140500392381240] DEBUG - MyPlex: updating with 2 access tokens
Dec 12, 2025 22:49:07.223 [140500392381240] DEBUG - [HCl#2e] HTTP requesting GET https://plex.tv/api/v2/server/users?auth_token=xxxxxxxxxxxxxxxxxxxx
Dec 12, 2025 22:49:07.355 [140500432681784] DEBUG - [HttpClient/HCl#2e] HTTP/1.1 (0.1s) 200 response from GET https://plex.tv/api/v2/server/users?auth_token=xxxxxxxxxxxxxxxxxxxx (reused)
Dec 12, 2025 22:49:07.357 [140500424022840] DEBUG - [HCl#2f] HTTP requesting GET https://plex.tv/api/v2/server/users/subscriptions?auth_token=xxxxxxxxxxxxxxxxxxxx
Dec 12, 2025 22:49:07.509 [140500432681784] DEBUG - [HttpClient/HCl#2f] HTTP/1.1 (0.2s) 200 response from GET https://plex.tv/api/v2/server/users/subscriptions?auth_token=xxxxxxxxxxxxxxxxxxxx (reused)
Dec 12, 2025 22:49:07.510 [140500424022840] DEBUG - MyPlex: using cached data for request for https://plex.tv/api/v2/server/users/services?auth_token=xxxxxxxxxxxxxxxxxxxx
Dec 12, 2025 22:49:10.223 [140500371286840] DEBUG - [MediaProviderManager] Refreshing media providers
Dec 12, 2025 22:49:10.224 [140500371286840] DEBUG - [MediaProviderManager/Response::fetch/HCl#30] HTTP requesting GET https://plex.tv/media/providers
Dec 12, 2025 22:49:10.413 [140500432681784] DEBUG - [HttpClient/HCl#30] HTTP/1.1 (0.2s) 200 response from GET https://plex.tv/media/providers (reused)
Dec 12, 2025 22:49:10.414 [140500371286840] DEBUG - [MediaProviderManager] discovered cloud provider (Movies & Shows)
Dec 12, 2025 22:49:10.414 [140500371286840] DEBUG - [MediaProviderManager] discovered cloud provider (Metadata)
Dec 12, 2025 22:49:10.414 [140500371286840] DEBUG - [MediaProviderManager] loading cloud provider details (Metadata) (alive: 1)
Dec 12, 2025 22:49:10.414 [140500371286840] DEBUG - [MediaProviderManager] loading cloud provider details (Movies & Shows) (alive: 1)
Dec 12, 2025 22:49:10.414 [140500371286840] DEBUG - [MediaProviderManager] we had 2 cloud providers online, we now have 2
Dec 12, 2025 22:49:10.414 [140500371286840] DEBUG - [MediaProviderManager] cloud provider (Metadata) is online and available
Dec 12, 2025 22:49:10.414 [140500371286840] DEBUG - [MediaProviderManager] cloud provider (Movies & Shows) is online and available
Dec 12, 2025 22:49:10.414 [140500371286840] DEBUG - [MediaProviderManager] Media provider refresh complete
Dec 12, 2025 22:50:36.866 [140500424022840] DEBUG - BPQ: [Starting] -> [Processing]
Dec 12, 2025 22:50:36.867 [140500424022840] DEBUG - BPQ: generating queue items from 0 generator(s)
Dec 12, 2025 22:50:36.867 [140500424022840] DEBUG - BPQ: generated 0 item(s) for queue
Dec 12, 2025 22:50:36.868 [140500424022840] DEBUG - BPQ: [Processing] -> [Idle]
Dec 12, 2025 22:50:38.565 [140500419803960] DEBUG - Request: [127.0.0.1:32886 (Loopback)] GET /servers (2 live) #1d GZIP Signed-in Token (amj1603)
Dec 12, 2025 22:50:38.565 [140500441996088] DEBUG - Completed: [127.0.0.1:32886] 200 GET /servers (2 live) #1d GZIP 0ms 488 bytes
Dec 12, 2025 22:50:38.567 [140500419803960] DEBUG - Request: [127.0.0.1:32890 (Loopback)] GET / (2 live) #2c GZIP Signed-in Token (amj1603)
Dec 12, 2025 22:50:38.569 [140500441996088] DEBUG - Completed: [127.0.0.1:32890] 200 GET / (2 live) #2c GZIP 1ms 3953 bytes
Dec 12, 2025 22:50:38.575 [140500419803960] DEBUG - Request: [127.0.0.1:32892 (Loopback)] GET /library/sections (2 live) #2e GZIP Signed-in Token (amj1603)
Dec 12, 2025 22:50:38.578 [140500441996088] DEBUG - Completed: [127.0.0.1:32892] 200 GET /library/sections (2 live) #2e GZIP 2ms 715 bytes
Dec 12, 2025 22:50:38.580 [140500419803960] DEBUG - Request: [127.0.0.1:32894 (Loopback)] GET /channels/all (2 live) #30 GZIP Signed-in Token (amj1603)
Dec 12, 2025 22:50:38.581 [140500441996088] DEBUG - Completed: [127.0.0.1:32894] 200 GET /channels/all (2 live) #30 GZIP 0ms 387 bytes
Dec 12, 2025 22:50:38.585 [140500419803960] DEBUG - Request: [127.0.0.1:32896 (Loopback)] GET /library/sections (2 live) #32 GZIP Signed-in Token (amj1603)
Dec 12, 2025 22:50:38.586 [140500441996088] DEBUG - Completed: [127.0.0.1:32896] 200 GET /library/sections (2 live) #32 GZIP 0ms 715 bytes
Dec 12, 2025 22:50:38.587 [140500419803960] DEBUG - Request: [127.0.0.1:32906 (Loopback)] GET /channels/all (2 live) #34 GZIP Signed-in Token (amj1603)
Dec 12, 2025 22:50:38.588 [140500439886648] DEBUG - Completed: [127.0.0.1:32906] 200 GET /channels/all (2 live) #34 GZIP 0ms 387 bytes
Dec 12, 2025 22:56:22.960 [140500371286840] DEBUG - [ViewStateSync] Starting
Dec 12, 2025 22:56:22.961 [140500371286840] DEBUG - [ViewStateSync] Fetching user tokens
Dec 12, 2025 22:56:22.961 [140500371286840] DEBUG - [ViewStateSync/HCl#31] HTTP requesting GET https://plex.tv/api/v2/server/users/services?auth_token=xxxxxxxxxxxxxxxxxxxx
Dec 12, 2025 22:56:23.422 [140500432681784] DEBUG - [HttpClient/HCl#31] HTTP/1.1 (0.5s) 200 response from GET https://plex.tv/api/v2/server/users/services?auth_token=xxxxxxxxxxxxxxxxxxxx
Dec 12, 2025 22:56:23.425 [140500424022840] DEBUG - [ViewStateSync] No user tokens found; stopping
Dec 12, 2025 23:08:21.128 [140500452231992] DEBUG - Shutting down with signal 15 (Terminated)
Dec 12, 2025 23:08:21.128 [140500452231992] DEBUG - Ordered to stop server.
Dec 12, 2025 23:08:21.128 [140500452231992] DEBUG - [JobRunner] Job running: /usr/lib/plexmediaserver/CrashUploader --sessionStatus=exited --sessionStart=1765576116 --sessionDuration=1185 --version=1.42.2.10156-f737b826c --userId=amj16012004@gmail.com --sentryUrl=https://o17675.ingest.sentry.io/api/1233455/ --sentryKey=xxxxxxxxxxxxxxxxxxxxxxxxxxxxxxxx
Dec 12, 2025 23:08:21.129 [140500452231992] DEBUG - [JobRunner] Jobs: Starting child process with pid 378
Dec 12, 2025 23:08:21.129 [140500456974992] DEBUG - Stopping server...
Dec 12, 2025 23:08:21.129 [140500456974992] DEBUG - HttpServer: Stopping server.
Dec 12, 2025 23:08:21.129 [140500441996088] DEBUG - TranscodeJobManager: [Running] onServerShutdown
Dec 12, 2025 23:08:21.129 [140500441996088] DEBUG - TranscodeJobManager: [Running] -> [Shutdown]
Dec 12, 2025 23:08:21.129 [140500392381240] DEBUG - MetadataItemClusterRequestHandler: a shutdown event has been received
Dec 12, 2025 23:08:21.129 [140500456974992] DEBUG - Server stopped.
Dec 12, 2025 23:08:21.129 [140500456974992] DEBUG - NetworkService: Stopping advertisement.
Dec 12, 2025 23:08:21.129 [140500409256760] ERROR - Network Service: Error in advertiser handle read: 125 (Operation canceled) socket=72
Dec 12, 2025 23:08:21.129 [140500456974992] DEBUG - Killing plug-ins.
Dec 12, 2025 23:08:21.147 [140500456974992] DEBUG - [com.plexapp.agents.imdb] Killing.
Dec 12, 2025 23:08:21.149 [140500452231992] WARN - JobManager: Could not find job for handle 315
Dec 12, 2025 23:08:21.151 [140500456974992] DEBUG - [com.plexapp.system] Killing.
Dec 12, 2025 23:08:21.155 [140500452231992] WARN - JobManager: Could not find job for handle 213
Dec 12, 2025 23:08:21.158 [140500456974992] DEBUG - ChildProcessMonitor: Waiting for Plex Tuner Service to exit.
Dec 12, 2025 23:08:21.158 [140500456974992] DEBUG - [JobRunner] Signalling job ID 275 with 2
Dec 12, 2025 23:08:21.186 [140500452231992] DEBUG - Jobs: '/usr/lib/plexmediaserver/Plex Tuner Service' exit code for process 275 is 0 (success)
Dec 12, 2025 23:08:21.186 [140500402928440] DEBUG - [ChildProcessMonitor] Plex Tuner Service exited.
Dec 12, 2025 23:08:21.186 [140500456974992] DEBUG - Database: Shutting down.
Dec 12, 2025 23:08:21.199 [140500456974992] DEBUG - Database: Shutting down.
