Dec 12, 2025 21:28:16.130 [139930689194808] INFO - Plex Media Server v1.42.2.10156-f737b826c - Docker Docker Container (LinuxServer.io) x86_64 - build: linux-x86_64 debian - GMT 01:00
Dec 12, 2025 21:28:16.132 [139930689194808] INFO - Linux version: 6.12.57+deb13-amd64, language: en-US
Dec 12, 2025 21:28:16.133 [139930689194808] INFO - Processor: 8-core Intel(R) Core(TM) i5-8250U CPU @ 1.60GHz
Dec 12, 2025 21:28:16.133 [139930689194808] INFO - Compiler is - Clang 11.0.1 (https://plex.tv 9b997da8e5b47bdb4a9425b3a3b290be393b4b1f)
Dec 12, 2025 21:28:16.133 [139930689194808] INFO - /usr/lib/plexmediaserver/Plex Media Server
Dec 12, 2025 21:28:16.139 [139930691738256] DEBUG - BPQ: [Idle] -> [Starting]
Dec 12, 2025 21:28:16.147 [139930691738256] DEBUG - FeatureManager: Using cached data for features list
Dec 12, 2025 21:28:16.165 [139930691738256] DEBUG - MyPlex: mapping state set to 'Unknown'.
Dec 12, 2025 21:28:16.165 [139930691738256] DEBUG - Relay: read 0 cached entries from hosts file
Dec 12, 2025 21:28:16.167 [139930691738256] DEBUG - Opening 20 database sessions to library (com.plexapp.plugins.library), SQLite 3.39.4, threadsafe=1
Dec 12, 2025 21:28:16.263 [139930691738256] DEBUG - MyPlex: using cached data for request for https://plex.tv/api/v2/server/users/features
Dec 12, 2025 21:28:16.306 [139930691738256] DEBUG - [CERT] Subject name is /CN=*.036b8d5a435641438a27a6d5652b4219.plex.direct
Dec 12, 2025 21:28:16.307 [139930691738256] DEBUG - [CERT] Installed certificate with fingerprint 05:4b:96:05:e1:1a:53:68:a7:b1:06:3e:d0:0d:07:80:12:ff:0f:3c.
Dec 12, 2025 21:28:16.307 [139930691738256] DEBUG - [CERT/OCSP] no URL available
Dec 12, 2025 21:28:16.307 [139930691738256] WARN - [CERT/OCSP] getCertInfo failed; skipping stapling
Dec 12, 2025 21:28:16.307 [139930691738256] DEBUG - HttpServer: Listening on IPv6 as well as IPv4.
Dec 12, 2025 21:28:16.307 [139930691738256] DEBUG - HttpServer: Listening on port 32400.
Dec 12, 2025 21:28:16.308 [139930691738256] DEBUG - HttpServer: Listening on port 32401.
Dec 12, 2025 21:28:16.308 [139930691738256] DEBUG - Running server...
Dec 12, 2025 21:28:16.308 [139930671414072] DEBUG - HttpServer: Set up a thread pool with 2 threads.
Dec 12, 2025 21:28:16.309 [139930691738256] INFO - Running migrations. (EPG 0)
Dec 12, 2025 21:28:16.310 [139930691738256] DEBUG - Captured session 0.
Dec 12, 2025 21:28:16.310 [139930691738256] DEBUG - Captured session 1.
Dec 12, 2025 21:28:16.310 [139930691738256] DEBUG - Captured session 2.
Dec 12, 2025 21:28:16.310 [139930691738256] DEBUG - Captured session 3.
Dec 12, 2025 21:28:16.310 [139930691738256] DEBUG - Captured session 4.
Dec 12, 2025 21:28:16.310 [139930691738256] DEBUG - Captured session 5.
Dec 12, 2025 21:28:16.310 [139930691738256] DEBUG - Captured session 6.
Dec 12, 2025 21:28:16.310 [139930691738256] DEBUG - Captured session 7.
Dec 12, 2025 21:28:16.310 [139930691738256] DEBUG - Captured session 8.
Dec 12, 2025 21:28:16.310 [139930691738256] DEBUG - Captured session 9.
Dec 12, 2025 21:28:16.310 [139930691738256] DEBUG - Captured session 10.
Dec 12, 2025 21:28:16.310 [139930691738256] DEBUG - Captured session 11.
Dec 12, 2025 21:28:16.310 [139930691738256] DEBUG - Captured session 12.
Dec 12, 2025 21:28:16.310 [139930691738256] DEBUG - Captured session 13.
Dec 12, 2025 21:28:16.310 [139930691738256] DEBUG - Captured session 14.
Dec 12, 2025 21:28:16.310 [139930691738256] DEBUG - Captured session 15.
Dec 12, 2025 21:28:16.310 [139930691738256] DEBUG - Captured session 16.
Dec 12, 2025 21:28:16.310 [139930691738256] DEBUG - Captured session 17.
Dec 12, 2025 21:28:16.310 [139930691738256] DEBUG - Captured session 18.
Dec 12, 2025 21:28:16.310 [139930691738256] DEBUG - Captured session 19.
Dec 12, 2025 21:28:16.315 [139930691738256] DEBUG - ChangestampAllocator: initialized to 0
Dec 12, 2025 21:28:16.315 [139930691738256] DEBUG - Opening 2 database sessions to library (com.plexapp.plugins.library.blobs), SQLite 3.39.4, threadsafe=1
Dec 12, 2025 21:28:16.331 [139930691738256] INFO - Running migrations. (EPG 0)
Dec 12, 2025 21:28:16.333 [139930691738256] DEBUG - Captured session 0.
Dec 12, 2025 21:28:16.333 [139930691738256] DEBUG - Captured session 1.
Dec 12, 2025 21:28:16.405 [139930684443448] DEBUG - Grabber: Cleaning up orphaned grabs.
Dec 12, 2025 21:28:16.406 [139930691738256] DEBUG - Media Provider: Registering provider com.plexapp.plugins.library
Dec 12, 2025 21:28:16.406 [139930691738256] DEBUG - Auth: Refreshing tokens inside the token-based authentication filter.
Dec 12, 2025 21:28:16.406 [139930691738256] DEBUG - MyPlex: using cached data for request for https://plex.tv/api/v2/server/access_tokens?auth_token=xxxxxxxxxxxxxxxxxxxx
Dec 12, 2025 21:28:16.406 [139930691738256] DEBUG - MyPlex: updating with 2 access tokens
Dec 12, 2025 21:28:16.406 [139930684443448] DEBUG - Grabber: Cleaned up 0 decrepit directories in 0.0 sec.
Dec 12, 2025 21:28:16.406 [139930691738256] DEBUG - MyPlex: using cached data for request for https://plex.tv/api/v2/server/users?auth_token=xxxxxxxxxxxxxxxxxxxx
Dec 12, 2025 21:28:16.407 [139930691738256] DEBUG - MyPlex: using cached data for request for https://plex.tv/api/v2/server/users/subscriptions?auth_token=xxxxxxxxxxxxxxxxxxxx
Dec 12, 2025 21:28:16.407 [139930691738256] DEBUG - MyPlex: using cached data for request for https://plex.tv/api/v2/server/users/services?auth_token=xxxxxxxxxxxxxxxxxxxx
Dec 12, 2025 21:28:16.408 [139930667420472] DEBUG - Auth: Refreshing tokens inside the token-based authentication filter.
Dec 12, 2025 21:28:16.408 [139930667420472] DEBUG - [HCl#1] HTTP requesting GET https://plex.tv/api/v2/server/access_tokens?auth_token=xxxxxxxxxxxxxxxxxxxx
Dec 12, 2025 21:28:16.409 [139930691738256] DEBUG - Opening 1 database sessions to library (), SQLite 3.39.4, threadsafe=1
Dec 12, 2025 21:28:16.412 [139930660895544] DEBUG - File "/usr/lib/plexmediaserver/Resources/Plug-ins-f737b826c" changed: -1 => 2025-11-24 10:32:52 (1763976772).
Dec 12, 2025 21:28:16.412 [139930660895544] DEBUG - File "/config/Library/Application Support/Plex Media Server/Plug-ins" changed: -1 => 2025-12-12 16:37:54 (1765553874).
Dec 12, 2025 21:28:16.412 [139930660895544] DEBUG - Scanning for plug-ins in "/usr/lib/plexmediaserver/Resources/Plug-ins-f737b826c"
Dec 12, 2025 21:28:16.422 [139930660895544] DEBUG - Scanning for plug-ins in "/config/Library/Application Support/Plex Media Server/Plug-ins"
Dec 12, 2025 21:28:16.422 [139930660895544] DEBUG - PluginRepository::setStartState: 1, startingSystem
Dec 12, 2025 21:28:16.422 [139930660895544] DEBUG - Starting plug-in /usr/lib/plexmediaserver/Resources/Plug-ins-f737b826c/System.bundle.
Dec 12, 2025 21:28:16.422 [139930660895544] DEBUG - [com.plexapp.system] Setting plug-in to always running (daemon mode).
Dec 12, 2025 21:28:16.424 [139930660895544] DEBUG - Starting file watcher for com.plexapp.system
Dec 12, 2025 21:28:16.424 [139930660895544] DEBUG - Plugin: setting environment variable: 'PYTHONHOME=/usr/lib/plexmediaserver/Resources/Python'
Dec 12, 2025 21:28:16.424 [139930660895544] DEBUG - Plugin: setting environment variable: 'PYTHONPATH=/usr/lib/plexmediaserver/Resources/Python/python27.zip:/usr/lib/plexmediaserver/Resources/Python/lib/python2.7/site-packages'
Dec 12, 2025 21:28:16.425 [139930660895544] DEBUG - Spawned plug-in com.plexapp.system with PID 205
Dec 12, 2025 21:28:16.425 [139930660895544] DEBUG - [com.plexapp.system] Sending command: GET /:/prefixes
Dec 12, 2025 21:28:16.653 [139930674649912] DEBUG - Request: didn't get any data from [::1]:45124: End of file
Dec 12, 2025 21:28:16.902 [139930665311032] DEBUG - [HttpClient/HCl#1] HTTP/1.1 (0.5s) 200 response from GET https://plex.tv/api/v2/server/access_tokens?auth_token=xxxxxxxxxxxxxxxxxxxx
Dec 12, 2025 21:28:16.903 [139930667420472] DEBUG - MyPlex: updating with 2 access tokens
Dec 12, 2025 21:28:16.903 [139930667420472] DEBUG - [HCl#2] HTTP requesting GET https://plex.tv/api/v2/server/users?auth_token=xxxxxxxxxxxxxxxxxxxx
Dec 12, 2025 21:28:17.076 [139930665311032] DEBUG - [HttpClient/HCl#2] HTTP/1.1 (0.2s) 200 response from GET https://plex.tv/api/v2/server/users?auth_token=xxxxxxxxxxxxxxxxxxxx (reused)
Dec 12, 2025 21:28:17.076 [139930656676664] DEBUG - [HCl#3] HTTP requesting GET https://plex.tv/api/v2/server/users/subscriptions?auth_token=xxxxxxxxxxxxxxxxxxxx
Dec 12, 2025 21:28:17.344 [139930665311032] DEBUG - [HttpClient/HCl#3] HTTP/1.1 (0.3s) 200 response from GET https://plex.tv/api/v2/server/users/subscriptions?auth_token=xxxxxxxxxxxxxxxxxxxx (reused)
Dec 12, 2025 21:28:17.345 [139930656676664] DEBUG - MyPlex: using cached data for request for https://plex.tv/api/v2/server/users/services?auth_token=xxxxxxxxxxxxxxxxxxxx
Dec 12, 2025 21:28:17.661 [139930654567224] DEBUG - Request: [127.0.0.1:42966 (Loopback)] GET /:/plugins/com.plexapp.system/messaging/function/X0J1bmRsZVNlcnZpY2U6QWxsU2VydmljZXM_/Y2VyZWFsMQoxCmxpc3QKMApyMAo_/Y2VyZWFsMQoxCmRpY3QKMApyMAo_ (3 live) #3 GZIP Token ()
Dec 12, 2025 21:28:17.661 [139930674649912] DEBUG - Completed: [127.0.0.1:42966] 503 GET /:/plugins/com.plexapp.system/messaging/function/X0J1bmRsZVNlcnZpY2U6QWxsU2VydmljZXM_/Y2VyZWFsMQoxCmxpc3QKMApyMAo_/Y2VyZWFsMQoxCmRpY3QKMApyMAo_ (3 live) #3 GZIP 0ms 436 bytes
Dec 12, 2025 21:28:17.663 [139930654567224] DEBUG - Request: [127.0.0.1:42980 (Loopback)] GET / (3 live) #4 GZIP Token ()
Dec 12, 2025 21:28:17.664 [139930674649912] DEBUG - Completed: [127.0.0.1:42980] 503 GET / (3 live) #4 GZIP 0ms 436 bytes
Dec 12, 2025 21:28:18.107 [139930667420472] DEBUG - [JobRunner] Job running: /usr/lib/plexmediaserver/CrashUploader "--directory=/config/Library/Application Support/Plex Media Server/Crash Reports/1.42.2.10156-f737b826c" --version=1.42.2.10156-f737b826c --platform=Linux --platformVersion=6.12.57+deb13-amd64 --serverUuid=ee184565d045d16e3b69df5ffe0e3bed7a8c8e47 --userId=amj16012004@gmail.com --sentryUrl=https://o17675.ingest.sentry.io/api/1233455/ --sentryKey=xxxxxxxxxxxxxxxxxxxxxxxxxxxxxxxx --vendor=Docker --model=x86_64 "--device=Docker Container (LinuxServer.io)"
Dec 12, 2025 21:28:18.107 [139930667420472] DEBUG - [JobRunner] Jobs: Starting child process with pid 239
Dec 12, 2025 21:28:18.122 [139930686991160] DEBUG - Jobs: '/usr/lib/plexmediaserver/CrashUploader' exit code for process 239 is 0 (success)
Dec 12, 2025 21:28:18.485 [139930654567224] DEBUG - Request: [127.0.0.1:42996 (Loopback)] GET /servers (3 live) #7 GZIP Token ()
Dec 12, 2025 21:28:18.485 [139930676759352] DEBUG - Completed: [127.0.0.1:42996] 503 GET /servers (3 live) #7 GZIP 0ms 436 bytes
Dec 12, 2025 21:28:18.507 [139930660895544] DEBUG - Reading 486 bytes in the body, code is 200
Dec 12, 2025 21:28:18.507 [139930660895544] DEBUG - [com.plexapp.system] Plug-in running on port 38671.
Dec 12, 2025 21:28:18.507 [139930660895544] DEBUG -  * Plug-in handles prefix: /system
Dec 12, 2025 21:28:18.507 [139930660895544] DEBUG -  * Plug-in handles prefix: /player
Dec 12, 2025 21:28:18.507 [139930660895544] DEBUG - Read configuration for [com.plexapp.system], had 2 prefixes
Dec 12, 2025 21:28:18.507 [139930660895544] DEBUG - Done with 1 synchronous plug-in starts, starting the rest in parallel.
Dec 12, 2025 21:28:18.507 [139930660895544] DEBUG - PluginRepository::setStartState: 2, startingPlugins
Dec 12, 2025 21:28:18.507 [139930660895544] DEBUG - Updating the list of agents known by the system.
Dec 12, 2025 21:28:18.507 [139930660895544] DEBUG - [com.plexapp.system] Sending command over HTTP (GET): /system/agents
Dec 12, 2025 21:28:18.507 [139930660895544] DEBUG - [HCl#4] HTTP requesting GET http://127.0.0.1:38671/system/agents
Dec 12, 2025 21:28:18.507 [139930691738256] DEBUG - Image transcode cache directory: "/config/Library/Application Support/Plex Media Server/Cache/PhotoTranscoder"
Dec 12, 2025 21:28:18.508 [139930691738256] DEBUG - Transcoder: Cleaning old transcode directories.
Dec 12, 2025 21:28:18.509 [139930691738256] DEBUG - MyPlex: using cached data for request for https://plex.tv/api/v2/server/access_tokens?auth_token=xxxxxxxxxxxxxxxxxxxx
Dec 12, 2025 21:28:18.509 [139930691738256] DEBUG - MyPlex: updating with 2 access tokens
Dec 12, 2025 21:28:18.509 [139930691738256] DEBUG - MyPlex: using cached data for request for https://plex.tv/api/v2/server/users?auth_token=xxxxxxxxxxxxxxxxxxxx
Dec 12, 2025 21:28:18.509 [139930691738256] DEBUG - MyPlex: using cached data for request for https://plex.tv/api/v2/server/users/subscriptions?auth_token=xxxxxxxxxxxxxxxxxxxx
Dec 12, 2025 21:28:18.510 [139930691738256] DEBUG - MyPlex: using cached data for request for https://plex.tv/api/v2/server/users/services?auth_token=xxxxxxxxxxxxxxxxxxxx
Dec 12, 2025 21:28:18.510 [139930691738256] DEBUG - MyPlex: using cached data for request for https://plex.tv/api/v2/user?includeSubscriptions=1&includeProviders=1
Dec 12, 2025 21:28:18.511 [139930691738256] DEBUG - MyPlex: username is amj1603, login is amj16012004@gmail.com, home is 0, no pin
Dec 12, 2025 21:28:18.512 [139930691738256] DEBUG - MyPlex: start public ip check and mapping - current mapped state: 'Unknown'.
Dec 12, 2025 21:28:18.512 [139930691738256] DEBUG - MyPlex: mapping state set to 'Not Mapped'.
Dec 12, 2025 21:28:18.512 [139930691738256] DEBUG - PublicAddressManager: Starting.
Dec 12, 2025 21:28:18.512 [139930691738256] DEBUG - PublicAddressManager: Obtaining public address and mapping port.
Dec 12, 2025 21:28:18.512 [139930684443448] DEBUG - PublicAddressManager: Obtaining public IP.
Dec 12, 2025 21:28:18.512 [139930667420472] DEBUG - NAT: UPnP, attempting port mapping.
Dec 12, 2025 21:28:18.512 [139930684443448] DEBUG - [HCl#5] HTTP requesting GET https://v4.plex.tv/pms/:/ip
Dec 12, 2025 21:28:18.512 [139930650348344] DEBUG - [HCl#6] HTTP requesting GET https://plex.tv/api/v2/user?includeSubscriptions=1&includeProviders=1
Dec 12, 2025 21:28:18.513 [139930691738256] DEBUG - NetworkInterface: Starting watch thread.
Dec 12, 2025 21:28:18.513 [139930691738256] DEBUG - Network change.
Dec 12, 2025 21:28:18.513 [139930691738256] DEBUG - NetworkInterface: Notified of network changed (force=0)
Dec 12, 2025 21:28:18.513 [139930646129464] DEBUG - NetworkInterface: Watching for changes on the interfaces.
Dec 12, 2025 21:28:18.513 [139930691738256] DEBUG - Detected primary interface: 172.27.0.4
Dec 12, 2025 21:28:18.513 [139930691738256] DEBUG - Network interfaces:
Dec 12, 2025 21:28:18.513 [139930691738256] DEBUG -  * 1 lo (127.0.0.1) (00-00-00-00-00-00) (loopback: 1)
Dec 12, 2025 21:28:18.513 [139930691738256] DEBUG -  * 2 eth0 (172.27.0.4) (C2-6B-29-DF-24-4C) (loopback: 0)
Dec 12, 2025 21:28:18.513 [139930691738256] DEBUG -  * 1 lo (::1) (00-00-00-00-00-00) (loopback: 1)
Dec 12, 2025 21:28:18.514 [139930691738256] DEBUG - Creating NetworkServices singleton.
Dec 12, 2025 21:28:18.514 [139930691738256] DEBUG - NetworkServices: Initializing...
Dec 12, 2025 21:28:18.514 [139930691738256] DEBUG - NetworkService: Creating new service.
Dec 12, 2025 21:28:18.514 [139930691738256] DEBUG - NetworkService: Got notification of changed network (first change: 1)
Dec 12, 2025 21:28:18.514 [139930691738256] DEBUG - NetworkService: Quick dispatch of network change.
Dec 12, 2025 21:28:18.514 [139930644020024] DEBUG - Network change for advertiser.
Dec 12, 2025 21:28:18.514 [139930691738256] DEBUG - NetworkService: Creating new service.
Dec 12, 2025 21:28:18.514 [139930691738256] DEBUG - NetworkService: Got notification of changed network (first change: 1)
Dec 12, 2025 21:28:18.514 [139930691738256] DEBUG - NetworkService: Quick dispatch of network change.
Dec 12, 2025 21:28:18.514 [139930644020024] DEBUG - NetworkService: Setting up multicast listener on 0.0.0.0:32414
Dec 12, 2025 21:28:18.514 [139930691738256] DEBUG - NetworkService: Creating new service.
Dec 12, 2025 21:28:18.514 [139930691738256] DEBUG - NetworkService: Got notification of changed network (first change: 1)
Dec 12, 2025 21:28:18.514 [139930691738256] DEBUG - NetworkService: Quick dispatch of network change.
Dec 12, 2025 21:28:18.514 [139930691738256] DEBUG - NetworkService: Creating new service.
Dec 12, 2025 21:28:18.514 [139930691738256] DEBUG - NetworkService: Got notification of changed network (first change: 1)
Dec 12, 2025 21:28:18.514 [139930691738256] DEBUG - NetworkService: Quick dispatch of network change.
Dec 12, 2025 21:28:18.514 [139930691738256] DEBUG - NetworkService: Creating new service.
Dec 12, 2025 21:28:18.514 [139930691738256] DEBUG - NetworkService: Got notification of changed network (first change: 1)
Dec 12, 2025 21:28:18.514 [139930691738256] DEBUG - NetworkService: Quick dispatch of network change.
Dec 12, 2025 21:28:18.514 [139930691738256] DEBUG - NetworkService: Creating new service.
Dec 12, 2025 21:28:18.514 [139930691738256] DEBUG - NetworkService: Got notification of changed network (first change: 1)
Dec 12, 2025 21:28:18.514 [139930691738256] DEBUG - NetworkService: Quick dispatch of network change.
Dec 12, 2025 21:28:18.515 [139930644020024] DEBUG - Network change for advertiser.
Dec 12, 2025 21:28:18.515 [139930644020024] DEBUG - NetworkService: Setting up multicast listener on 0.0.0.0:32410
Dec 12, 2025 21:28:18.515 [139930644020024] DEBUG - Network change for advertiser.
Dec 12, 2025 21:28:18.515 [139930644020024] DEBUG - NetworkService: Setting up multicast listener on 0.0.0.0:32412
Dec 12, 2025 21:28:18.515 [139930644020024] DEBUG - NetworkService: Network change for browser (polled=0), closing 0 browse sockets.
Dec 12, 2025 21:28:18.515 [139930644020024] DEBUG - NetworkService: Setting up multicast listener on 0.0.0.0:32413
Dec 12, 2025 21:28:18.515 [139930644020024] DEBUG - NetworkService: Browsing on interface 127.0.0.1 on broadcast address 127.255.255.255 (index: 0)
Dec 12, 2025 21:28:18.515 [139930644020024] DEBUG - NetworkService: Browsing on interface 172.27.0.4 on broadcast address 172.27.255.255 (index: 1)
Dec 12, 2025 21:28:18.515 [139930644020024] DEBUG - NetworkService: Network change for browser (polled=1), closing 0 browse sockets.
Dec 12, 2025 21:28:18.515 [139930644020024] DEBUG - NetworkService: Browsing on interface 127.0.0.1 on broadcast address 127.255.255.255 (index: 0)
Dec 12, 2025 21:28:18.515 [139930644020024] DEBUG - NetworkService: Browsing on interface 172.27.0.4 on broadcast address 172.27.255.255 (index: 1)
Dec 12, 2025 21:28:18.516 [139930644020024] DEBUG - NetworkService: Network change for browser (polled=0), closing 0 browse sockets.
Dec 12, 2025 21:28:18.516 [139930644020024] DEBUG - NetworkService: Setting up multicast listener on 0.0.0.0:1901
Dec 12, 2025 21:28:18.516 [139930644020024] DEBUG - NetworkService: Browsing on interface 172.27.0.4 on broadcast address 239.255.255.250 (index: 0)
Dec 12, 2025 21:28:18.516 [139930641910584] DEBUG - [HCl#7] HTTP requesting GET https://plex.tv/api/taas/profile
Dec 12, 2025 21:28:18.517 [139930637691704] DEBUG - [ChildProcessMonitor] Plex Tuner Service starting.
Dec 12, 2025 21:28:18.517 [139930637691704] DEBUG - [ChildProcessMonitor/JobRunner] Job running: "/usr/lib/plexmediaserver/Plex Tuner Service" /usr/lib/plexmediaserver/Resources/Tuner/Private /usr/lib/plexmediaserver/Resources/Tuner/Shared 1.42.2.10156-f737b826c 32600
Dec 12, 2025 21:28:18.517 [139930635582264] DEBUG - [DatabaseFixups] Running fix-ups.
Dec 12, 2025 21:28:18.517 [139930635582264] DEBUG - [DatabaseFixups/31DatabaseFixupsCleanupRetroGames] Executing fixup
Dec 12, 2025 21:28:18.517 [139930635582264] DEBUG - [DatabaseFixups/31DatabaseFixupsCleanupRetroGames] Fixup completed
Dec 12, 2025 21:28:18.517 [139930635582264] DEBUG - [DatabaseFixups/39DatabaseFixupsEnsureLibrarySectionUuids] Executing fixup
Dec 12, 2025 21:28:18.517 [139930639801144] DEBUG - [HCl#8] HTTP requesting GET https://plex.tv/api/v2/release_channels?X-Plex-Token=xxxxxxxxxxxxxxxxxxxx
Dec 12, 2025 21:28:18.518 [139930637691704] DEBUG - [ChildProcessMonitor/JobRunner] Jobs: Starting child process with pid 265
Dec 12, 2025 21:28:18.518 [139930633472824] DEBUG - [HCl#9] HTTP requesting GET https://plex.tv/api/v2/user/privacy?X-Plex-Token=xxxxxxxxxxxxxxxxxxxx
Dec 12, 2025 21:28:18.518 [139930625035064] DEBUG - [HCl#a] HTTP requesting GET https://plex.tv/api/v2/features?X-Plex-Token=xxxxxxxxxxxxxxxxxxxx
Dec 12, 2025 21:28:18.518 [139930691738256] DEBUG - Waiting for server condition to be signaled.
Dec 12, 2025 21:28:18.518 [139930635582264] DEBUG - [DatabaseFixups/39DatabaseFixupsEnsureLibrarySectionUuids] Fixup completed
Dec 12, 2025 21:28:18.518 [139930635582264] DEBUG - [DatabaseFixups/38DatabaseFixupsEnsureMetadataItemHashes] Executing fixup
Dec 12, 2025 21:28:18.518 [139930635582264] DEBUG - [DatabaseFixups/38DatabaseFixupsEnsureMetadataItemHashes] Fixup completed
Dec 12, 2025 21:28:18.518 [139930635582264] DEBUG - [DatabaseFixups/39DatabaseFixupsSetDefaultAccountLanguage] Executing fixup
Dec 12, 2025 21:28:18.519 [139930622925624] DEBUG - DVR: Starting up.
Dec 12, 2025 21:28:18.519 [139930635582264] DEBUG - [DatabaseFixups/39DatabaseFixupsSetDefaultAccountLanguage] Fixup completed
Dec 12, 2025 21:28:18.519 [139930635582264] DEBUG - [DatabaseFixups/52DatabaseFixupsCreateDefaultMediaProcessingTargetTags] Executing fixup
Dec 12, 2025 21:28:18.520 [139930622925624] DEBUG - Activity: registered new activity 0be9014f-bf94-40f6-8274-60530ed37a9a - "Processing subscriptions"
Dec 12, 2025 21:28:18.520 [139930635582264] DEBUG - [DatabaseFixups/52DatabaseFixupsCreateDefaultMediaProcessingTargetTags] Fixup completed
Dec 12, 2025 21:28:18.520 [139930635582264] DEBUG - [DatabaseFixups/43DatabaseFixupsUpdateAutomaticLibraryFolders] Executing fixup
Dec 12, 2025 21:28:18.520 [139930635582264] DEBUG - [DatabaseFixups/43DatabaseFixupsUpdateAutomaticLibraryFolders] Fixup completed
Dec 12, 2025 21:28:18.520 [139930635582264] DEBUG - [DatabaseFixups/29DatabaseFixupsSyncCollections] Executing fixup
Dec 12, 2025 21:28:18.521 [139930635582264] DEBUG - [DatabaseFixups/29DatabaseFixupsSyncCollections] Collections: Found 0 collections tags in section 1.
Dec 12, 2025 21:28:18.521 [139930635582264] DEBUG - [DatabaseFixups/29DatabaseFixupsSyncCollections] Collections: We had 0 collections in the library already.
Dec 12, 2025 21:28:18.521 [139930635582264] DEBUG - [DatabaseFixups/29DatabaseFixupsSyncCollections] Collections: Synced tags in section 1 in 0ms.
Dec 12, 2025 21:28:18.524 [139930635582264] DEBUG - [DatabaseFixups/29DatabaseFixupsSyncCollections] Collections: Refreshed attributes for 0 collections in section 1 in 3ms.
Dec 12, 2025 21:28:18.525 [139930635582264] DEBUG - [DatabaseFixups/29DatabaseFixupsSyncCollections] Collection: Refreshed visibility in section 1 in 0ms.
Dec 12, 2025 21:28:18.525 [139930635582264] DEBUG - [DatabaseFixups/29DatabaseFixupsSyncCollections] Collections: Found 0 collections tags in section 2.
Dec 12, 2025 21:28:18.526 [139930635582264] DEBUG - [DatabaseFixups/29DatabaseFixupsSyncCollections] Collections: We had 0 collections in the library already.
Dec 12, 2025 21:28:18.526 [139930635582264] DEBUG - [DatabaseFixups/29DatabaseFixupsSyncCollections] Collections: Synced tags in section 2 in 0ms.
Dec 12, 2025 21:28:18.526 [139930635582264] DEBUG - [DatabaseFixups/29DatabaseFixupsSyncCollections] Collections: Found 0 collections tags in section 2.
Dec 12, 2025 21:28:18.526 [139930635582264] DEBUG - [DatabaseFixups/29DatabaseFixupsSyncCollections] Collections: We had 0 collections in the library already.
Dec 12, 2025 21:28:18.526 [139930635582264] DEBUG - [DatabaseFixups/29DatabaseFixupsSyncCollections] Collections: Synced tags in section 2 in 0ms.
Dec 12, 2025 21:28:18.526 [139930635582264] DEBUG - [DatabaseFixups/29DatabaseFixupsSyncCollections] Collections: Found 0 collections tags in section 2.
Dec 12, 2025 21:28:18.526 [139930635582264] DEBUG - [DatabaseFixups/29DatabaseFixupsSyncCollections] Collections: We had 0 collections in the library already.
Dec 12, 2025 21:28:18.526 [139930635582264] DEBUG - [DatabaseFixups/29DatabaseFixupsSyncCollections] Collections: Synced tags in section 2 in 1ms.
Dec 12, 2025 21:28:18.529 [139930635582264] DEBUG - [DatabaseFixups/29DatabaseFixupsSyncCollections] Collections: Refreshed attributes for 0 collections in section 2 in 2ms.
Dec 12, 2025 21:28:18.530 [139930635582264] DEBUG - [DatabaseFixups/29DatabaseFixupsSyncCollections] Collection: Refreshed visibility in section 2 in 0ms.
Dec 12, 2025 21:28:18.530 [139930635582264] DEBUG - [DatabaseFixups/29DatabaseFixupsSyncCollections] Fixup completed
Dec 12, 2025 21:28:18.530 [139930635582264] DEBUG - [DatabaseFixups/31DatabaseFixupsCleanupActivities] Executing fixup
Dec 12, 2025 21:28:18.530 [139930635582264] DEBUG - [DatabaseFixups/31DatabaseFixupsCleanupActivities] Fixup completed
Dec 12, 2025 21:28:18.530 [139930635582264] DEBUG - [DatabaseFixups/35DatabaseFixupsConsolidatePeopleTags] Executing fixup
Dec 12, 2025 21:28:18.531 [139930635582264] DEBUG - [DatabaseFixups/35DatabaseFixupsConsolidatePeopleTags] Fixup completed
Dec 12, 2025 21:28:18.531 [139930635582264] DEBUG - [DatabaseFixups/54DatabaseFixupsGarbageCollectTransientMetadataRelations] Executing fixup
Dec 12, 2025 21:28:18.531 [139930635582264] DEBUG - [DatabaseFixups/54DatabaseFixupsGarbageCollectTransientMetadataRelations] Fixup completed
Dec 12, 2025 21:28:18.531 [139930635582264] DEBUG - [DatabaseFixups/48DatabaseFixupsResetCorruptedMetadataItemClusters] Executing fixup
Dec 12, 2025 21:28:18.532 [139930635582264] DEBUG - [DatabaseFixups/48DatabaseFixupsResetCorruptedMetadataItemClusters] Fixup completed
Dec 12, 2025 21:28:18.532 [139930635582264] DEBUG - [DatabaseFixups] Running database fix-ups completed in 0.0 seconds.
Dec 12, 2025 21:28:18.583 [139930665311032] DEBUG - [HttpClient/HCl#4] HTTP/1.1 (0.1s) 200 response from GET http://127.0.0.1:38671/system/agents
Dec 12, 2025 21:28:18.584 [139930660895544] DEBUG - [com.plexapp.system] HTTP reply status 200, with 8986 bytes of content.
Dec 12, 2025 21:28:18.588 [139930660895544] DEBUG - The system knows about 12 agents.
Dec 12, 2025 21:28:18.588 [139930616597304] DEBUG - Starting plug-in /usr/lib/plexmediaserver/Resources/Plug-ins-f737b826c/HTbackdrops.bundle.
Dec 12, 2025 21:28:18.588 [139930618706744] DEBUG - Starting plug-in /usr/lib/plexmediaserver/Resources/Plug-ins-f737b826c/Scanners.bundle.
Dec 12, 2025 21:28:18.588 [139930614487864] DEBUG - Starting plug-in /usr/lib/plexmediaserver/Resources/Plug-ins-f737b826c/MoviePosterDB.bundle.
Dec 12, 2025 21:28:18.589 [139930660895544] DEBUG - Waiting for 16 plug-ins to finish starting.
Dec 12, 2025 21:28:18.589 [139930618706744] DEBUG - Starting plug-in /usr/lib/plexmediaserver/Resources/Plug-ins-f737b826c/TheMovieDB.bundle.
Dec 12, 2025 21:28:18.590 [139930616597304] DEBUG - Perfect cache hit, we don't need to start [com.plexapp.agents.htbackdrops] yet.
Dec 12, 2025 21:28:18.590 [139930616597304] DEBUG - Starting plug-in /usr/lib/plexmediaserver/Resources/Plug-ins-f737b826c/Fanart-TV.bundle.
Dec 12, 2025 21:28:18.590 [139930614487864] DEBUG - Perfect cache hit, we don't need to start [com.plexapp.agents.movieposterdb] yet.
Dec 12, 2025 21:28:18.590 [139930614487864] DEBUG - Starting plug-in /usr/lib/plexmediaserver/Resources/Plug-ins-f737b826c/LocalMedia.bundle.
Dec 12, 2025 21:28:18.592 [139930618706744] DEBUG - Perfect cache hit, we don't need to start [com.plexapp.agents.themoviedb] yet.
Dec 12, 2025 21:28:18.592 [139930618706744] DEBUG - Starting plug-in /usr/lib/plexmediaserver/Resources/Plug-ins-f737b826c/WebClient.bundle.
Dec 12, 2025 21:28:18.593 [139930616597304] DEBUG - Perfect cache hit, we don't need to start [com.plexapp.agents.fanarttv] yet.
Dec 12, 2025 21:28:18.593 [139930616597304] DEBUG - Starting plug-in /usr/lib/plexmediaserver/Resources/Plug-ins-f737b826c/Musicbrainz.bundle.
Dec 12, 2025 21:28:18.593 [139930614487864] DEBUG - Perfect cache hit, we don't need to start [com.plexapp.agents.localmedia] yet.
Dec 12, 2025 21:28:18.593 [139930614487864] DEBUG - Starting plug-in /usr/lib/plexmediaserver/Resources/Plug-ins-f737b826c/PersonalMedia.bundle.
Dec 12, 2025 21:28:18.594 [139930618706744] DEBUG - Starting plug-in /usr/lib/plexmediaserver/Resources/Plug-ins-f737b826c/LyricFind.bundle.
Dec 12, 2025 21:28:18.595 [139930616597304] DEBUG - Perfect cache hit, we don't need to start [org.musicbrainz.agents.music] yet.
Dec 12, 2025 21:28:18.595 [139930616597304] DEBUG - Starting plug-in /usr/lib/plexmediaserver/Resources/Plug-ins-f737b826c/PlexMovie.bundle.
Dec 12, 2025 21:28:18.596 [139930614487864] DEBUG - Perfect cache hit, we don't need to start [com.plexapp.agents.none] yet.
Dec 12, 2025 21:28:18.596 [139930614487864] DEBUG - Starting plug-in /usr/lib/plexmediaserver/Resources/Plug-ins-f737b826c/TheTVDBv4.bundle.
Dec 12, 2025 21:28:18.597 [139930618706744] DEBUG - Perfect cache hit, we don't need to start [com.plexapp.agents.lyricfind] yet.
Dec 12, 2025 21:28:18.597 [139930618706744] DEBUG - Starting plug-in /usr/lib/plexmediaserver/Resources/Plug-ins-f737b826c/Media-Flags.bundle.
Dec 12, 2025 21:28:18.597 [139930616597304] DEBUG - Perfect cache hit, we don't need to start [com.plexapp.agents.imdb] yet.
Dec 12, 2025 21:28:18.598 [139930616597304] DEBUG - Starting plug-in /usr/lib/plexmediaserver/Resources/Plug-ins-f737b826c/PlexThemeMusic.bundle.
Dec 12, 2025 21:28:18.599 [139930614487864] DEBUG - Perfect cache hit, we don't need to start [com.plexapp.agents.thetvdb] yet.
Dec 12, 2025 21:28:18.599 [139930614487864] DEBUG - Starting plug-in /usr/lib/plexmediaserver/Resources/Plug-ins-f737b826c/LastFM.bundle.
Dec 12, 2025 21:28:18.599 [139930618706744] DEBUG - Starting plug-in /usr/lib/plexmediaserver/Resources/Plug-ins-f737b826c/Framework.bundle.
Dec 12, 2025 21:28:18.600 [139930616597304] DEBUG - Perfect cache hit, we don't need to start [com.plexapp.agents.plexthememusic] yet.
Dec 12, 2025 21:28:18.601 [139930614487864] DEBUG - Perfect cache hit, we don't need to start [com.plexapp.agents.lastfm] yet.
Dec 12, 2025 21:28:18.601 [139930660895544] DEBUG - Starting scheduled updates, every 3600 seconds
Dec 12, 2025 21:28:18.601 [139930660895544] INFO - LibraryUpdateManager path watching is disabled
Dec 12, 2025 21:28:18.601 [139930660895544] DEBUG - Done waiting for all plug-ins to start.
Dec 12, 2025 21:28:18.602 [139930660895544] DEBUG - PluginRepository::setStartState: 3, complete
Dec 12, 2025 21:28:18.602 [139930597612344] DEBUG - Downloading document http://127.0.0.1:32400/:/plugins/com.plexapp.agents.imdb/prefs
Dec 12, 2025 21:28:18.602 [139930597612344] DEBUG - Translator: Found locale de
Dec 12, 2025 21:28:18.602 [139930597612344] DEBUG - Translator: Found locale ru
Dec 12, 2025 21:28:18.602 [139930597612344] DEBUG - Translator: Found locale es
Dec 12, 2025 21:28:18.602 [139930597612344] DEBUG - Translator: Found locale ar
Dec 12, 2025 21:28:18.602 [139930597612344] DEBUG - Translator: Found locale uk
Dec 12, 2025 21:28:18.602 [139930597612344] DEBUG - Translator: Found locale en
Dec 12, 2025 21:28:18.602 [139930597612344] DEBUG - Translator: Found locale ja_JP
Dec 12, 2025 21:28:18.602 [139930597612344] DEBUG - Translator: Found locale sr
Dec 12, 2025 21:28:18.602 [139930597612344] DEBUG - Translator: Found locale pl
Dec 12, 2025 21:28:18.602 [139930597612344] DEBUG - Translator: Found locale da
Dec 12, 2025 21:28:18.602 [139930597612344] DEBUG - Translator: Found locale sv
Dec 12, 2025 21:28:18.602 [139930597612344] DEBUG - Translator: Found locale pt_BR
Dec 12, 2025 21:28:18.602 [139930597612344] DEBUG - Translator: Found locale sk
Dec 12, 2025 21:28:18.602 [139930597612344] DEBUG - Translator: Found locale hu_HU
Dec 12, 2025 21:28:18.602 [139930597612344] DEBUG - Translator: Found locale hr_HR
Dec 12, 2025 21:28:18.602 [139930597612344] DEBUG - Translator: Found locale it
Dec 12, 2025 21:28:18.602 [139930597612344] DEBUG - Translator: Found locale ko
Dec 12, 2025 21:28:18.602 [139930597612344] DEBUG - Translator: Found locale pt
Dec 12, 2025 21:28:18.602 [139930597612344] DEBUG - Translator: Found locale he
Dec 12, 2025 21:28:18.602 [139930597612344] DEBUG - Translator: Found locale cs_CZ
Dec 12, 2025 21:28:18.602 [139930597612344] DEBUG - Translator: Found locale fi
Dec 12, 2025 21:28:18.602 [139930597612344] DEBUG - Translator: Found locale hu
Dec 12, 2025 21:28:18.602 [139930597612344] DEBUG - Translator: Found locale fr
Dec 12, 2025 21:28:18.602 [139930597612344] DEBUG - Translator: Found locale et_EE
Dec 12, 2025 21:28:18.602 [139930597612344] DEBUG - Translator: Found locale af
Dec 12, 2025 21:28:18.602 [139930597612344] DEBUG - Translator: Found locale nl
Dec 12, 2025 21:28:18.602 [139930597612344] DEBUG - Translator: Found locale nl_BE
Dec 12, 2025 21:28:18.602 [139930597612344] DEBUG - Translator: Found locale ro
Dec 12, 2025 21:28:18.602 [139930597612344] DEBUG - Translator: Found locale zh_CN
Dec 12, 2025 21:28:18.602 [139930597612344] DEBUG - Translator: Found locale sl
Dec 12, 2025 21:28:18.602 [139930597612344] DEBUG - Translator: Found locale no
Dec 12, 2025 21:28:18.602 [139930597612344] DEBUG - Translator: Found locale lt
Dec 12, 2025 21:28:18.609 [139930597612344] DEBUG - [Req#b] Starting file watcher for com.plexapp.agents.imdb
Dec 12, 2025 21:28:18.610 [139930597612344] DEBUG - [Req#b] Plugin: setting environment variable: 'PYTHONHOME=/usr/lib/plexmediaserver/Resources/Python'
Dec 12, 2025 21:28:18.610 [139930597612344] DEBUG - [Req#b] Plugin: setting environment variable: 'PYTHONPATH=/usr/lib/plexmediaserver/Resources/Python/python27.zip:/usr/lib/plexmediaserver/Resources/Python/lib/python2.7/site-packages'
Dec 12, 2025 21:28:18.611 [139930597612344] DEBUG - [Req#b] Spawned plug-in com.plexapp.agents.imdb with PID 307
Dec 12, 2025 21:28:18.611 [139930597612344] DEBUG - [Req#b] [com.plexapp.agents.imdb] Sending command: GET /:/prefixes
Dec 12, 2025 21:28:18.649 [139930627144504] DEBUG - PublicAddressManager: Obtaining public address and mapping port.
Dec 12, 2025 21:28:18.869 [139930665311032] DEBUG - [HttpClient/HCl#6] HTTP/1.1 (0.4s) 200 response from GET https://plex.tv/api/v2/user?includeSubscriptions=1&includeProviders=1 (reused)
Dec 12, 2025 21:28:18.871 [139930656676664] DEBUG - MyPlex: username is amj1603, login is amj16012004@gmail.com, home is 0, no pin
Dec 12, 2025 21:28:18.872 [139930650348344] DEBUG - [HCl#b] HTTP requesting GET https://plex.tv/api/v2/geoip
Dec 12, 2025 21:28:19.126 [139930665311032] DEBUG - [HttpClient/HCl#b] HTTP/1.1 (0.3s) 200 response from GET https://plex.tv/api/v2/geoip (reused)
Dec 12, 2025 21:28:19.126 [139930620816184] DEBUG - [HCl#c] HTTP requesting GET https://plex.tv/api/v2/server/webhooks?X-Plex-Token=xxxxxxxxxxxxxxxxxxxx
Dec 12, 2025 21:28:19.126 [139930676759352] DEBUG - [EventSourceClient/pubsub/176.58.107.84:443] Resolving 176.58.107.84 port 443
Dec 12, 2025 21:28:19.127 [139930676759352] DEBUG - [EventSourceClient/pubsub/176.58.107.84:443] Resolved 176.58.107.84 to 176.58.107.84:443
Dec 12, 2025 21:28:19.128 [139930650348344] DEBUG - [HCl#d] HTTP requesting GET https://plex.tv/api/v2/user/privacy?X-Plex-Token=xxxxxxxxxxxxxxxxxxxx
Dec 12, 2025 21:28:19.148 [139930665311032] DEBUG - [HttpClient/HCl#8] HTTP/1.1 (0.6s) 200 response from GET https://plex.tv/api/v2/release_channels?X-Plex-Token=xxxxxxxxxxxxxxxxxxxx
Dec 12, 2025 21:28:19.201 [139930665311032] DEBUG - [HttpClient/HCl#a] HTTP/1.1 (0.7s) 200 response from GET https://plex.tv/api/v2/features?X-Plex-Token=xxxxxxxxxxxxxxxxxxxx
Dec 12, 2025 21:28:19.203 [139930625035064] DEBUG - [HCl#e] HTTP requesting GET https://plex.tv/api/v2/server/users/features
Dec 12, 2025 21:28:19.306 [139930665311032] DEBUG - [HttpClient/HCl#5] HTTP/1.1 (0.8s) 200 response from GET https://v4.plex.tv/pms/:/ip
Dec 12, 2025 21:28:19.306 [139930665311032] DEBUG - [HttpClient/HCl#7] HTTP/1.1 (0.8s) 200 response from GET https://plex.tv/api/taas/profile
Dec 12, 2025 21:28:19.306 [139930684443448] DEBUG - PublicAddressManager: Got public IP from v4.plex.tv: 185.182.126.187
Dec 12, 2025 21:28:19.306 [139930665311032] DEBUG - [HttpClient/HCl#9] HTTP/1.1 (0.8s) 200 response from GET https://plex.tv/api/v2/user/privacy?X-Plex-Token=xxxxxxxxxxxxxxxxxxxx
Dec 12, 2025 21:28:19.327 [139930665311032] DEBUG - [HttpClient/HCl#c] HTTP/1.1 (0.2s) 200 response from GET https://plex.tv/api/v2/server/webhooks?X-Plex-Token=xxxxxxxxxxxxxxxxxxxx (reused)
Dec 12, 2025 21:28:19.420 [139930676759352] DEBUG - [EventSourceClient/pubsub/176.58.107.84:443] Connected in 293 ms.
Dec 12, 2025 21:28:19.420 [139930676759352] DEBUG - [EventSourceClient/pubsub/176.58.107.84:443] Wrote data, reading reply.
Dec 12, 2025 21:28:19.423 [139930665311032] DEBUG - [HttpClient/HCl#e] HTTP/1.1 (0.2s) 200 response from GET https://plex.tv/api/v2/server/users/features (reused)
Dec 12, 2025 21:28:19.597 [139930654567224] DEBUG - Request: [127.0.0.1:58792 (Loopback)] GET /system/messaging/clear_events/com.plexapp.agents.imdb (3 live) #9 GZIP Signed-in Token (amj1603)
Dec 12, 2025 21:28:19.597 [139930654567224] DEBUG - [Req#9] [com.plexapp.system] Sending command over HTTP (GET): /system/messaging/clear_events/com.plexapp.agents.imdb
Dec 12, 2025 21:28:19.597 [139930654567224] DEBUG - [Req#9/HCl#f] HTTP requesting GET http://127.0.0.1:38671/system/messaging/clear_events/com.plexapp.agents.imdb
Dec 12, 2025 21:28:19.620 [139930665311032] DEBUG - [HttpClient/HCl#f] HTTP/1.1 (0.0s) 200 response from GET http://127.0.0.1:38671/system/messaging/clear_events/com.plexapp.agents.imdb (reused)
Dec 12, 2025 21:28:19.620 [139930654567224] DEBUG - [Req#9] [com.plexapp.system] HTTP reply status 200, with 0 bytes of content.
Dec 12, 2025 21:28:19.620 [139930674649912] DEBUG - Completed: [127.0.0.1:58792] 200 GET /system/messaging/clear_events/com.plexapp.agents.imdb (3 live) #9 GZIP 23ms 280 bytes
Dec 12, 2025 21:28:19.705 [139930654567224] DEBUG - Request: [127.0.0.1:58802 (Loopback)] GET /:/plugins/com.plexapp.system/resourceHashes (3 live) #c GZIP Signed-in Token (amj1603)
Dec 12, 2025 21:28:19.705 [139930654567224] DEBUG - [Req#c] [com.plexapp.system] Sending command over HTTP (GET): /:/plugins/com.plexapp.system/resourceHashes
Dec 12, 2025 21:28:19.705 [139930654567224] DEBUG - [Req#c/HCl#10] HTTP requesting GET http://127.0.0.1:38671/:/plugins/com.plexapp.system/resourceHashes
Dec 12, 2025 21:28:19.720 [139930665311032] DEBUG - [HttpClient/HCl#d] HTTP/1.1 (0.6s) 200 response from GET https://plex.tv/api/v2/user/privacy?X-Plex-Token=xxxxxxxxxxxxxxxxxxxx
Dec 12, 2025 21:28:19.722 [139930650348344] DEBUG - [HCl#11] HTTP requesting GET https://plex.tv/api/v2/release_channels?X-Plex-Token=xxxxxxxxxxxxxxxxxxxx
Dec 12, 2025 21:28:19.812 [139930676759352] DEBUG - [EventSourceClient/pubsub/176.58.107.84:443] Read HTTP reply header.
Dec 12, 2025 21:28:19.812 [139930676759352] DEBUG - [EventSourceClient/pubsub/176.58.107.84:443] MyPlex: We appear to have regained Internet connectivity.
Dec 12, 2025 21:28:19.926 [139930676759352] DEBUG - [EventSourceClient/pubsub/176.58.107.84:443] PublicAddressManager: Obtaining public address and mapping port.
Dec 12, 2025 21:28:19.926 [139930676759352] DEBUG - [EventSourceClient/pubsub/176.58.107.84:443] MyPlex: async reachability check - current mapped state: 'Not Mapped'.
Dec 12, 2025 21:28:19.926 [139930676759352] WARN - [EventSourceClient/pubsub/176.58.107.84:443] MyPlex: attempted a reachability check but we're not yet mapped.
Dec 12, 2025 21:28:19.926 [139930676759352] DEBUG - [EventSourceClient/pubsub/176.58.107.84:443] Successfully connected to 176.58.107.84.
Dec 12, 2025 21:28:19.935 [139930665311032] DEBUG - [HttpClient/HCl#11] HTTP/1.1 (0.2s) 200 response from GET https://plex.tv/api/v2/release_channels?X-Plex-Token=xxxxxxxxxxxxxxxxxxxx (reused)
Dec 12, 2025 21:28:19.936 [139930650348344] DEBUG - [HCl#12] HTTP requesting GET https://plex.tv/api/v2/features?X-Plex-Token=xxxxxxxxxxxxxxxxxxxx
Dec 12, 2025 21:28:20.106 [139930665311032] DEBUG - [HttpClient/HCl#10] HTTP/1.1 (0.4s) 404 response from GET http://127.0.0.1:38671/:/plugins/com.plexapp.system/resourceHashes
Dec 12, 2025 21:28:20.106 [139930654567224] DEBUG - [Req#c] [com.plexapp.system] HTTP reply status 404, with 0 bytes of content.
Dec 12, 2025 21:28:20.107 [139930676759352] DEBUG - Completed: [127.0.0.1:58802] 404 GET /:/plugins/com.plexapp.system/resourceHashes (3 live) #c GZIP 402ms 261 bytes
Dec 12, 2025 21:28:20.124 [139930654567224] DEBUG - Request: [127.0.0.1:58814 (Loopback)] GET /:/plugins/com.plexapp.system/messaging/function/X0J1bmRsZVNlcnZpY2U6QWxsU2VydmljZXM_/Y2VyZWFsMQoxCmxpc3QKMApyMAo_/Y2VyZWFsMQoxCmRpY3QKMApyMAo_ (3 live) #e GZIP Signed-in Token (amj1603)
Dec 12, 2025 21:28:20.124 [139930654567224] DEBUG - [Req#e] [com.plexapp.system] Sending command over HTTP (GET): /:/plugins/com.plexapp.system/messaging/function/X0J1bmRsZVNlcnZpY2U6QWxsU2VydmljZXM_/Y2VyZWFsMQoxCmxpc3QKMApyMAo_/Y2VyZWFsMQoxCmRpY3QKMApyMAo_
Dec 12, 2025 21:28:20.124 [139930654567224] DEBUG - [Req#e/HCl#13] HTTP requesting GET http://127.0.0.1:38671/:/plugins/com.plexapp.system/messaging/function/X0J1bmRsZVNlcnZpY2U6QWxsU2VydmljZXM_/Y2VyZWFsMQoxCmxpc3QKMApyMAo_/Y2VyZWFsMQoxCmRpY3QKMApyMAo_
Dec 12, 2025 21:28:20.125 [139930590890808] DEBUG - Request: [127.0.0.1:58818 (Loopback)] GET / (4 live) #10 GZIP Signed-in Token (amj1603)
Dec 12, 2025 21:28:20.127 [139930676759352] DEBUG - Completed: [127.0.0.1:58818] 200 GET / (4 live) #10 GZIP 1ms 3954 bytes
Dec 12, 2025 21:28:20.130 [139930665311032] DEBUG - [HttpClient/HCl#13] HTTP/1.1 (0.0s) 200 response from GET http://127.0.0.1:38671/:/plugins/com.plexapp.system/messaging/function/X0J1bmRsZVNlcnZpY2U6QWxsU2VydmljZXM_/Y2VyZWFsMQoxCmxpc3QKMApyMAo_/Y2VyZWFsMQoxCmRpY3QKMApyMAo_
Dec 12, 2025 21:28:20.130 [139930654567224] DEBUG - [Req#e] [com.plexapp.system] HTTP reply status 200, with 516 bytes of content.
Dec 12, 2025 21:28:20.130 [139930676759352] DEBUG - Completed: [127.0.0.1:58814] 200 GET /:/plugins/com.plexapp.system/messaging/function/X0J1bmRsZVNlcnZpY2U6QWxsU2VydmljZXM_/Y2VyZWFsMQoxCmxpc3QKMApyMAo_/Y2VyZWFsMQoxCmRpY3QKMApyMAo_ (3 live) #e GZIP 6ms 746 bytes
Dec 12, 2025 21:28:20.197 [139930665311032] DEBUG - [HttpClient/HCl#12] HTTP/1.1 (0.3s) 200 response from GET https://plex.tv/api/v2/features?X-Plex-Token=xxxxxxxxxxxxxxxxxxxx (reused)
Dec 12, 2025 21:28:20.199 [139930650348344] DEBUG - [HCl#14] HTTP requesting GET https://plex.tv/api/v2/server/users/features
Dec 12, 2025 21:28:20.401 [139930665311032] DEBUG - [HttpClient/HCl#14] HTTP/1.1 (0.2s) 200 response from GET https://plex.tv/api/v2/server/users/features (reused)
Dec 12, 2025 21:28:20.408 [139930650348344] DEBUG - CERT: Certificate will not expire soon; we'll check again in a week.
Dec 12, 2025 21:28:20.408 [139930588781368] DEBUG - MyPlex: sendMapping resetting state - previous mapping state: 'Not Mapped'.
Dec 12, 2025 21:28:20.408 [139930588781368] DEBUG - MyPlex: mapping state set to 'Unknown'.
Dec 12, 2025 21:28:20.409 [139930650348344] DEBUG - MyPlex: Updating device connections (from timer: 0)
Dec 12, 2025 21:28:20.409 [139930650348344] DEBUG - [HCl#15] HTTP requesting PUT https://plex.tv/devices/ee184565d045d16e3b69df5ffe0e3bed7a8c8e47?Connection[][uri]=http://172.27.0.4:32400&httpsEnabled=1&httpsRequired=0&dnsRebindingProtection=0&X-Plex-Token=xxxxxxxxxxxxxxxxxxxx
Dec 12, 2025 21:28:20.409 [139930588781368] DEBUG - MyPlex: Sending Server Info to myPlex (user=amj16012004@gmail.com, ip=, port=0)
Dec 12, 2025 21:28:20.409 [139930588781368] DEBUG - [HCl#16] HTTP requesting POST https://plex.tv/servers.xml?auth_token=xxxxxxxxxxxxxxxxxxxx
Dec 12, 2025 21:28:20.667 [139930665311032] DEBUG - [HttpClient/HCl#16] HTTP/1.1 (0.3s) 422 response from POST https://plex.tv/servers.xml?auth_token=xxxxxxxxxxxxxxxxxxxx (reused)
Dec 12, 2025 21:28:20.668 [139930588781368] DEBUG - MyPlex: Published Mapping State response was 422
Dec 12, 2025 21:28:20.668 [139930588781368] DEBUG - MyPlex: Got response for ee184565d045d16e3b69df5ffe0e3bed7a8c8e47 ~ registered :0
Dec 12, 2025 21:28:20.668 [139930588781368] DEBUG - MyPlex: updating mapped state - current state: 'Not Mapped'
Dec 12, 2025 21:28:20.668 [139930588781368] DEBUG - MyPlex: mapping state set to 'Not Mapped'.
Dec 12, 2025 21:28:20.669 [139930665311032] DEBUG - [HttpClient/HCl#15] HTTP/1.1 (0.3s) 200 response from PUT https://plex.tv/devices/ee184565d045d16e3b69df5ffe0e3bed7a8c8e47?Connection[][uri]=http://172.27.0.4:32400&httpsEnabled=1&httpsRequired=0&dnsRebindingProtection=0&X-Plex-Token=xxxxxxxxxxxxxxxxxxxx (reused)
Dec 12, 2025 21:28:20.725 [139930590890808] DEBUG - Request: [127.0.0.1:58828 (Loopback)] GET /:/plugins/com.plexapp.system/messaging/function/X0FnZW50U2VydmljZTpVcGRhdGVJbmZv/Y2VyZWFsMQoxCmxpc3QKMApyMAo_/Y2VyZWFsMQo3CmRpY3QKbGlzdApkaWN0Cmxpc3QKbGlzdApsaXN0Cmxpc3QKMgpzMjMKY29tLnBsZXhhcHAuYWdlbnRzLmltZGJzMTAKaWRlbnRpZmllcnIxCnMxMAphZ2VudF9pbmZvMQpyMgoxMApyMwpzMTEKbWVkaWFfdHlwZXNyNApzMTIKYWNjZXB0c19mcm9tbnMxNApmYWxsYmFja19hZ2VudHI1CnMxNApjb250cmlidXRlc190b3I2CnM5Cmxhbmd1YWdlc2IxczIwCnBlcnNpc3Rfc3RvcmVkX2ZpbGVzaTAKczcKdmVyc2lvbmIxczE2CnByaW1hcnlfcHJvdmlkZXJiMXM1CnByZWZzczE5ClBsZXggTW92aWUgKExlZ2FjeSlzNApuYW1lMQpzNQpNb3ZpZTEKczI5CmNvbS5wbGV4YXBwLmFnZW50cy5sb2NhbG1lZGlhMQpzMjkKY29tLnBsZXhhcHAuYWdlbnRzLnRoZW1vdmllZGIzMwpzMgplbnMyCnN2czIKZnJzMgplc3MyCm5sczIKZGVzMgppdHMyCmRhczIKYXJzMgpjYXMyCnpoczIKY3NzMgpldHMyCmZpczIKZWxzMgpoZXMyCmhpczIKaHVzMgppZHMyCmphczIKa29zMgpsdnMyCm5vczIKZmFzMgpwbHMyCnB0czIKcm9zMgpydXMyCnNrczIKdGhzMgp0cnMyCnVrczIKdmlyMAo_ (3 live) #11 GZIP Signed-in Token (amj1603)
Dec 12, 2025 21:28:20.725 [139930590890808] DEBUG - [Req#11] [com.plexapp.system] Sending command over HTTP (GET): /:/plugins/com.plexapp.system/messaging/function/X0FnZW50U2VydmljZTpVcGRhdGVJbmZv/Y2VyZWFsMQoxCmxpc3QKMApyMAo_/Y2VyZWFsMQo3CmRpY3QKbGlzdApkaWN0Cmxpc3QKbGlzdApsaXN0Cmxpc3QKMgpzMjMKY29tLnBsZXhhcHAuYWdlbnRzLmltZGJzMTAKaWRlbnRpZmllcnIxCnMxMAphZ2VudF9pbmZvMQpyMgoxMApyMwpzMTEKbWVkaWFfdHlwZXNyNApzMTIKYWNjZXB0c19mcm9tbnMxNApmYWxsYmFja19hZ2VudHI1CnMxNApjb250cmlidXRlc190b3I2CnM5Cmxhbmd1YWdlc2IxczIwCnBlcnNpc3Rfc3RvcmVkX2ZpbGVzaTAKczcKdmVyc2lvbmIxczE2CnByaW1hcnlfcHJvdmlkZXJiMXM1CnByZWZzczE5ClBsZXggTW92aWUgKExlZ2FjeSlzNApuYW1lMQpzNQpNb3ZpZTEKczI5CmNvbS5wbGV4YXBwLmFnZW50cy5sb2NhbG1lZGlhMQpzMjkKY29tLnBsZXhhcHAuYWdlbnRzLnRoZW1vdmllZGIzMwpzMgplbnMyCnN2czIKZnJzMgplc3MyCm5sczIKZGVzMgppdHMyCmRhczIKYXJzMgpjYXMyCnpoczIKY3NzMgpldHMyCmZpczIKZWxzMgpoZXMyCmhpczIKaHVzMgppZHMyCmphczIKa29zMgpsdnMyCm5vczIKZmFzMgpwbHMyCnB0czIKcm9zMgpydXMyCnNrczIKdGhzMgp0cnMyCnVrczIKdmlyMAo_
Dec 12, 2025 21:28:20.725 [139930590890808] DEBUG - [Req#11/HCl#17] HTTP requesting GET http://127.0.0.1:38671/:/plugins/com.plexapp.system/messaging/function/X0FnZW50U2VydmljZTpVcGRhdGVJbmZv/Y2VyZWFsMQoxCmxpc3QKMApyMAo_/Y2VyZWFsMQo3CmRpY3QKbGlzdApkaWN0Cmxpc3QKbGlzdApsaXN0Cmxpc3QKMgpzMjMKY29tLnBsZXhhcHAuYWdlbnRzLmltZGJzMTAKaWRlbnRpZmllcnIxCnMxMAphZ2VudF9pbmZvMQpyMgoxMApyMwpzMTEKbWVkaWFfdHlwZXNyNApzMTIKYWNjZXB0c19mcm9tbnMxNApmYWxsYmFja19hZ2VudHI1CnMxNApjb250cmlidXRlc190b3I2CnM5Cmxhbmd1YWdlc2IxczIwCnBlcnNpc3Rfc3RvcmVkX2ZpbGVzaTAKczcKdmVyc2lvbmIxczE2CnByaW1hcnlfcHJvdmlkZXJiMXM1CnByZWZzczE5ClBsZXggTW92aWUgKExlZ2FjeSlzNApuYW1lMQpzNQpNb3ZpZTEKczI5CmNvbS5wbGV4YXBwLmFnZW50cy5sb2NhbG1lZGlhMQpzMjkKY29tLnBsZXhhcHAuYWdlbnRzLnRoZW1vdmllZGIzMwpzMgplbnMyCnN2czIKZnJzMgplc3MyCm5sczIKZGVzMgppdHMyCmRhczIKYXJzMgpjYXMyCnpoczIKY3NzMgpldHMyCmZpczIKZWxzMgpoZXMyCmhpczIKaHVzMgppZHMyCmphczIKa29zMgpsdnMyCm5vczIKZmFzMgpwbHMyCnB0czIKcm9zMgpydXMyCnNrczIKdGhzMgp0cnMyCnVrczIKdmlyMAo_
Dec 12, 2025 21:28:20.731 [139930665311032] DEBUG - [HttpClient/HCl#17] HTTP/1.1 (0.0s) 200 response from GET http://127.0.0.1:38671/:/plugins/com.plexapp.system/messaging/function/X0FnZW50U2VydmljZTpVcGRhdGVJbmZv/Y2VyZWFsMQoxCmxpc3QKMApyMAo_/Y2VyZWFsMQo3CmRpY3QKbGlzdApkaWN0Cmxpc3QKbGlzdApsaXN0Cmxpc3QKMgpzMjMKY29tLnBsZXhhcHAuYWdlbnRzLmltZGJzMTAKaWRlbnRpZmllcnIxCnMxMAphZ2VudF9pbmZvMQpyMgoxMApyMwpzMTEKbWVkaWFfdHlwZXNyNApzMTIKYWNjZXB0c19mcm9tbnMxNApmYWxsYmFja19hZ2VudHI1CnMxNApjb250cmlidXRlc190b3I2CnM5Cmxhbmd1YWdlc2IxczIwCnBlcnNpc3Rfc3RvcmVkX2ZpbGVzaTAKczcKdmVyc2lvbmIxczE2CnByaW1hcnlfcHJvdmlkZXJiMXM1CnByZWZzczE5ClBsZXggTW92aWUgKExlZ2FjeSlzNApuYW1lMQpzNQpNb3ZpZTEKczI5CmNvbS5wbGV4YXBwLmFnZW50cy5sb2NhbG1lZGlhMQpzMjkKY29tLnBsZXhhcHAuYWdlbnRzLnRoZW1vdmllZGIzMwpzMgplbnMyCnN2czIKZnJzMgplc3MyCm5sczIKZGVzMgppdHMyCmRhczIKYXJzMgpjYXMyCnpoczIKY3NzMgpldHMyCmZpczIKZWxzMgpoZXMyCmhpczIKaHVzMgppZHMyCmphczIKa29zMgpsdnMyCm5vczIKZmFzMgpwbHMyCnB0czIKcm9zMgpydXMyCnNrczIKdGhzMgp0cnMyCnVrczIKdmlyMAo_
Dec 12, 2025 21:28:20.731 [139930590890808] DEBUG - [Req#11] [com.plexapp.system] HTTP reply status 200, with 16 bytes of content.
Dec 12, 2025 21:28:20.731 [139930676759352] DEBUG - Completed: [127.0.0.1:58828] 200 GET /:/plugins/com.plexapp.system/messaging/function/X0FnZW50U2VydmljZTpVcGRhdGVJbmZv/Y2VyZWFsMQoxCmxpc3QKMApyMAo_/Y2VyZWFsMQo3CmRpY3QKbGlzdApkaWN0Cmxpc3QKbGlzdApsaXN0Cmxpc3QKMgpzMjMKY29tLnBsZXhhcHAuYWdlbnRzLmltZGJzMTAKaWRlbnRpZmllcnIxCnMxMAphZ2VudF9pbmZvMQpyMgoxMApyMwpzMTEKbWVkaWFfdHlwZXNyNApzMTIKYWNjZXB0c19mcm9tbnMxNApmYWxsYmFja19hZ2VudHI1CnMxNApjb250cmlidXRlc190b3I2CnM5Cmxhbmd1YWdlc2IxczIwCnBlcnNpc3Rfc3RvcmVkX2ZpbGVzaTAKczcKdmVyc2lvbmIxczE2CnByaW1hcnlfcHJvdmlkZXJiMXM1CnByZWZzczE5ClBsZXggTW92aWUgKExlZ2FjeSlzNApuYW1lMQpzNQpNb3ZpZTEKczI5CmNvbS5wbGV4YXBwLmFnZW50cy5sb2NhbG1lZGlhMQpzMjkKY29tLnBsZXhhcHAuYWdlbnRzLnRoZW1vdmllZGIzMwpzMgplbnMyCnN2czIKZnJzMgplc3MyCm5sczIKZGVzMgppdHMyCmRhczIKYXJzMgpjYXMyCnpoczIKY3NzMgpldHMyCmZpczIKZWxzMgpoZXMyCmhpczIKaHVzMgppZHMyCmphczIKa29zMgpsdnMyCm5vczIKZmFzMgpwbHMyCnB0czIKcm9zMgpydXMyCnNrczIKdGhzMgp0cnMyCnVrczIKdmlyMAo_ (3 live) #11 GZIP 6ms 415 bytes
Dec 12, 2025 21:28:20.735 [139930597612344] DEBUG - [Req#b] Reading 148 bytes in the body, code is 200
Dec 12, 2025 21:28:20.736 [139930597612344] DEBUG - [Req#b] [com.plexapp.agents.imdb] Plug-in running on port 37981.
Dec 12, 2025 21:28:20.736 [139930597612344] DEBUG - [Req#b] Read configuration for [com.plexapp.agents.imdb], had 0 prefixes
Dec 12, 2025 21:28:20.736 [139930597612344] DEBUG - [Req#b] [com.plexapp.agents.imdb] Sending command over HTTP (GET): /:/plugins/com.plexapp.agents.imdb/prefs
Dec 12, 2025 21:28:20.736 [139930597612344] DEBUG - [Req#b/HCl#18] HTTP requesting GET http://127.0.0.1:37981/:/plugins/com.plexapp.agents.imdb/prefs
Dec 12, 2025 21:28:20.757 [139930665311032] DEBUG - [HttpClient/HCl#18] HTTP/1.1 (0.0s) 200 response from GET http://127.0.0.1:37981/:/plugins/com.plexapp.agents.imdb/prefs
Dec 12, 2025 21:28:20.757 [139930597612344] DEBUG - [Req#b] [com.plexapp.agents.imdb] HTTP reply status 200, with 2224 bytes of content.
Dec 12, 2025 21:28:20.758 [139930597612344] DEBUG - Caching document http://127.0.0.1:32400/:/plugins/com.plexapp.agents.imdb/prefs as f36d5be9b22a5127fb5d0214d2abc43c76fd413a
Dec 12, 2025 21:28:20.758 [139930597612344] DEBUG - IVA: Downloading trailer lists.
Dec 12, 2025 21:28:21.109 [139930597612344] DEBUG - IVA: Downloaded 26 trailers for source 1.
Dec 12, 2025 21:28:21.158 [139930597612344] DEBUG - IVA: Downloaded 9 trailers for source 2.
Dec 12, 2025 21:28:22.127 [139930639801144] DEBUG - [MediaProviderManager] Refreshing media providers
Dec 12, 2025 21:28:22.127 [139930639801144] DEBUG - [MediaProviderManager/Response::fetch/HCl#1d] HTTP requesting GET https://plex.tv/media/providers
Dec 12, 2025 21:28:22.537 [139930665311032] DEBUG - [HttpClient/HCl#1d] HTTP/1.1 (0.4s) 200 response from GET https://plex.tv/media/providers
Dec 12, 2025 21:28:22.537 [139930639801144] DEBUG - [MediaProviderManager] discovered cloud provider (Movies & Shows)
Dec 12, 2025 21:28:22.537 [139930639801144] DEBUG - [MediaProviderManager] discovered cloud provider (Metadata)
Dec 12, 2025 21:28:22.537 [139930639801144] DEBUG - [MediaProviderManager] loading cloud provider details (Metadata) (alive: 0)
Dec 12, 2025 21:28:22.538 [139930620816184] DEBUG - [MediaProviderManager/HCl#21] HTTP requesting GET https://vod.provider.plex.tv?includePreferences=1
Dec 12, 2025 21:28:22.746 [139930639801144] DEBUG - [MediaProviderManager] loading cloud provider details (Movies & Shows) (alive: 0)
Dec 12, 2025 21:28:22.747 [139930639801144] DEBUG - [MediaProviderManager/HCl#23] HTTP requesting GET https://vod.provider.plex.tv?includePreferences=1
Dec 12, 2025 21:28:22.750 [139930665311032] DEBUG - [HttpClient/HCl#21] HTTP/2.0 (0.2s) 200 response from GET https://vod.provider.plex.tv?includePreferences=1
Dec 12, 2025 21:28:22.785 [139930665311032] DEBUG - [HttpClient/HCl#23] HTTP/2.0 (0.0s) 200 response from GET https://vod.provider.plex.tv?includePreferences=1 (reused)
Dec 12, 2025 21:28:22.787 [139930639801144] DEBUG - [MediaProviderManager] we had 0 cloud providers online, we now have 2
Dec 12, 2025 21:28:22.787 [139930639801144] DEBUG - [MediaProviderManager] cloud provider (Metadata) is online and available
Dec 12, 2025 21:28:22.787 [139930639801144] DEBUG - [MediaProviderManager] cloud provider (Movies & Shows) is online and available
Dec 12, 2025 21:28:22.788 [139930639801144] DEBUG - [MediaProviderManager/MetadataAgentManager] Found media provider for agent provider 'tv.plex.agents.movie' with source URI 'provider://tv.plex.provider.metadata'
Dec 12, 2025 21:28:22.788 [139930639801144] DEBUG - [MediaProviderManager/MetadataAgentManager] Found media provider for agent provider 'tv.plex.agents.series' with source URI 'provider://tv.plex.provider.metadata'
Dec 12, 2025 21:28:22.788 [139930639801144] DEBUG - [MediaProviderManager/MetadataAgentManager] Found media provider for agent provider 'tv.plex.agents.music' with source URI 'provider://tv.plex.provider.metadata'
Dec 12, 2025 21:28:22.788 [139930639801144] DEBUG - [MediaProviderManager/MetadataAgentManager] Found media provider for agent provider 'org.musicbrainz.agents.music' with source URI 'provider://tv.plex.provider.metadata'
Dec 12, 2025 21:28:22.788 [139930639801144] DEBUG - [MediaProviderManager] Media provider refresh complete
Dec 12, 2025 21:28:23.515 [139930644020024] DEBUG - [NSB] NetworkServiceBrowser: SERVER arrived: 127.0.0.1 (PLEX)
Dec 12, 2025 21:28:23.515 [139930644020024] DEBUG - [NSB] Notifying the system bundle an update to server /system/notify/serverUpdated?host=127.0.0.1
Dec 12, 2025 21:28:23.515 [139930644020024] DEBUG - [NSB] [com.plexapp.system] Sending command over HTTP (GET): /system/notify/serverUpdated?host=127.0.0.1
Dec 12, 2025 21:28:23.515 [139930644020024] DEBUG - [NSB/HCl#24] HTTP requesting GET http://127.0.0.1:38671/system/notify/serverUpdated?host=127.0.0.1
Dec 12, 2025 21:28:23.523 [139930590890808] DEBUG - Request: [127.0.0.1:58836 (Loopback)] GET /servers (3 live) #1a GZIP Signed-in Token (amj1603)
Dec 12, 2025 21:28:23.524 [139930674649912] DEBUG - Completed: [127.0.0.1:58836] 200 GET /servers (3 live) #1a GZIP 0ms 488 bytes
Dec 12, 2025 21:28:23.528 [139930665311032] DEBUG - [HttpClient/HCl#24] HTTP/1.1 (0.0s) 200 response from GET http://127.0.0.1:38671/system/notify/serverUpdated?host=127.0.0.1
Dec 12, 2025 21:28:23.528 [139930644020024] DEBUG - [NSB] [com.plexapp.system] HTTP reply status 200, with 0 bytes of content.
Dec 12, 2025 21:28:24.127 [139930597612344] DEBUG - [PubsubServerManager/process/HCl#25] HTTP requesting GET https://plex.tv/services/pubsub/servers
Dec 12, 2025 21:28:24.332 [139930665311032] DEBUG - [HttpClient/HCl#25] HTTP/1.1 (0.2s) 200 response from GET https://plex.tv/services/pubsub/servers (reused)
Dec 12, 2025 21:28:25.905 [139930597612344] DEBUG - [PubsubServerManager/process] Time to connect to 178.79.177.129 was 414 ms.
Dec 12, 2025 21:28:25.905 [139930597612344] DEBUG - [PubsubServerManager/process] Time to connect to 50.116.51.249 was 570 ms.
Dec 12, 2025 21:28:25.905 [139930597612344] DEBUG - [PubsubServerManager/process] Time to connect to 139.162.134.185 was 736 ms.
Dec 12, 2025 21:28:25.905 [139930597612344] DEBUG - [PubsubServerManager/process] Time to connect to 176.58.107.84 was 745 ms.
Dec 12, 2025 21:28:25.905 [139930597612344] DEBUG - [PubsubServerManager/process] Time to connect to 45.56.115.195 was 813 ms.
Dec 12, 2025 21:28:25.905 [139930597612344] DEBUG - [PubsubServerManager/process] Time to connect to 45.33.125.156 was 834 ms.
Dec 12, 2025 21:28:25.905 [139930597612344] DEBUG - [PubsubServerManager/process] Time to connect to 139.162.75.196 was 1064 ms.
Dec 12, 2025 21:28:25.905 [139930597612344] DEBUG - [PubsubServerManager/process] Time to connect to 139.162.54.192 was 1423 ms.
Dec 12, 2025 21:28:25.905 [139930597612344] DEBUG - [PubsubServerManager/process] Time to connect to 45.56.91.127 was 1479 ms.
Dec 12, 2025 21:28:25.905 [139930597612344] DEBUG - [PubsubServerManager/process] Time to connect to 172.105.96.32 was 1569 ms.
Dec 12, 2025 21:28:25.905 [139930597612344] DEBUG - [PubsubServerManager/process] Updating best ping time for 176.58.107.84 to 745 ms.
Dec 12, 2025 21:28:26.407 [139930625035064] DEBUG - DVR:Device: Discovering and refreshing all devices.
Dec 12, 2025 21:28:26.407 [139930625035064] DEBUG - Grabber: HDHomerun discovered 0 compatible devices.
Dec 12, 2025 21:28:26.407 [139930625035064] DEBUG - [HCl#26] HTTP requesting POST http://127.0.0.1:32600/devices/discover
Dec 12, 2025 21:28:28.521 [139930631363384] DEBUG - Grabber: Cleaning up orphaned grabs.
Dec 12, 2025 21:28:28.521 [139930631363384] DEBUG - Grabber: Cleaned up 0 decrepit directories in 0.0 sec.
Dec 12, 2025 21:28:28.522 [139930631363384] DEBUG - Activity: registered new activity 9736a873-98a8-41ba-950b-e6af2eb8066c - "Processing subscriptions"
Dec 12, 2025 21:28:28.522 [139930631363384] DEBUG - Subscription: Scheduling subscriptions.
Dec 12, 2025 21:28:28.522 [139930631363384] DEBUG - Subscription: Initialized 0 schedulers.
Dec 12, 2025 21:28:28.522 [139930631363384] DEBUG - Subscription: Starting with 0 grabs, scheduled 0 active ones preemptively.
Dec 12, 2025 21:28:28.522 [139930631363384] DEBUG - Subscription: Scheduled all subscriptions in 0 ms.
Dec 12, 2025 21:28:28.523 [139930631363384] DEBUG - Activity: Ended activity 9736a873-98a8-41ba-950b-e6af2eb8066c.
Dec 12, 2025 21:28:28.523 [139930631363384] DEBUG - Subscription: There are 0 active grabs at the end.
Dec 12, 2025 21:28:28.523 [139930631363384] DEBUG - Activity: Ended activity 0be9014f-bf94-40f6-8274-60530ed37a9a.
Dec 12, 2025 21:28:28.523 [139930631363384] DEBUG - Subscription: Refreshed all content in 2 ms.
Dec 12, 2025 21:28:28.849 [139930665311032] DEBUG - [HttpClient/HCl#26] HTTP/1.1 (2.4s) 200 response from POST http://127.0.0.1:32600/devices/discover
Dec 12, 2025 21:28:29.126 [139930633472824] DEBUG - [HCl#27] HTTP requesting GET https://plex.tv/api/resources.xml?includeHttps=1&includeRelay=1&auth_token=xxxxxxxxxxxxxxxxxxxx
Dec 12, 2025 21:28:29.335 [139930665311032] DEBUG - [HttpClient/HCl#27] HTTP/1.1 (0.2s) 200 response from GET https://plex.tv/api/resources.xml?includeHttps=1&includeRelay=1&auth_token=xxxxxxxxxxxxxxxxxxxx (reused)
Dec 12, 2025 21:28:29.335 [139930633472824] DEBUG - Media Server: Tested all servers in 0.0 seconds.
Dec 12, 2025 21:28:30.525 [139930667420472] DEBUG - NAT: UPnP, didn't find usable IGD.
Dec 12, 2025 21:28:30.525 [139930667420472] DEBUG - NAT: PMP, attempting mapping.
Dec 12, 2025 21:28:30.776 [139930667420472] WARN - NAT: PMP, got an error: Not Supported by gateway.
Dec 12, 2025 21:28:30.776 [139930667420472] DEBUG - NAT: UPnP, attempting port mapping.
Dec 12, 2025 21:28:31.314 [139930684443448] DEBUG - NAT: UPnP, getPublicIP didn't find usable IGD.
Dec 12, 2025 21:28:31.565 [139930684443448] WARN - NAT: PMP, got an error: Not Supported by gateway.
Dec 12, 2025 21:28:31.566 [139930684443448] DEBUG - MyPlex: sendMapping resetting state - previous mapping state: 'Not Mapped'.
Dec 12, 2025 21:28:31.566 [139930684443448] DEBUG - MyPlex: mapping state set to 'Unknown'.
Dec 12, 2025 21:28:31.569 [139930684443448] DEBUG - MyPlex: Sending Server Info to myPlex (user=amj16012004@gmail.com, ip=185.182.126.187, port=0)
Dec 12, 2025 21:28:31.569 [139930684443448] DEBUG - [HCl#28] HTTP requesting POST https://plex.tv/servers.xml?auth_token=xxxxxxxxxxxxxxxxxxxx
Dec 12, 2025 21:28:31.736 [139930665311032] DEBUG - [HttpClient/HCl#28] HTTP/1.1 (0.2s) 422 response from POST https://plex.tv/servers.xml?auth_token=xxxxxxxxxxxxxxxxxxxx (reused)
Dec 12, 2025 21:28:31.736 [139930684443448] DEBUG - MyPlex: Published Mapping State response was 422
Dec 12, 2025 21:28:31.736 [139930684443448] DEBUG - MyPlex: Got response for ee184565d045d16e3b69df5ffe0e3bed7a8c8e47 ~ registered :0
Dec 12, 2025 21:28:31.736 [139930684443448] DEBUG - MyPlex: updating mapped state - current state: 'Not Mapped'
Dec 12, 2025 21:28:31.736 [139930684443448] DEBUG - MyPlex: mapping state set to 'Not Mapped'.
Dec 12, 2025 21:28:31.738 [139930684443448] DEBUG - MyPlex: Updating device connections (from timer: 0)
Dec 12, 2025 21:28:31.738 [139930684443448] DEBUG - [HCl#29] HTTP requesting PUT https://plex.tv/devices/ee184565d045d16e3b69df5ffe0e3bed7a8c8e47?Connection[][uri]=http://172.27.0.4:32400&httpsEnabled=1&httpsRequired=0&dnsRebindingProtection=0&natLoopbackSupported=0&X-Plex-Token=xxxxxxxxxxxxxxxxxxxx
Dec 12, 2025 21:28:31.884 [139930665311032] DEBUG - [HttpClient/HCl#29] HTTP/1.1 (0.1s) 200 response from PUT https://plex.tv/devices/ee184565d045d16e3b69df5ffe0e3bed7a8c8e47?Connection[][uri]=http://172.27.0.4:32400&httpsEnabled=1&httpsRequired=0&dnsRebindingProtection=0&natLoopbackSupported=0&X-Plex-Token=xxxxxxxxxxxxxxxxxxxx (reused)
Dec 12, 2025 21:28:42.792 [139930667420472] DEBUG - NAT: UPnP, didn't find usable IGD.
Dec 12, 2025 21:28:42.792 [139930667420472] DEBUG - PublicAddressManager: Mapping failed.
Dec 12, 2025 21:28:42.793 [139930667420472] DEBUG - MyPlex: mapping state set to 'Mapped - Not Published'.
Dec 12, 2025 21:28:42.793 [139930667420472] DEBUG - MyPlex: sendMapping resetting state - previous mapping state: 'Mapped - Not Published'.
Dec 12, 2025 21:28:42.793 [139930667420472] DEBUG - MyPlex: mapping state set to 'Unknown'.
Dec 12, 2025 21:28:42.801 [139930667420472] DEBUG - MyPlex: Sending Server Info to myPlex (user=amj16012004@gmail.com, ip=185.182.126.187, port=0)
Dec 12, 2025 21:28:42.801 [139930667420472] DEBUG - [HCl#2a] HTTP requesting POST https://plex.tv/servers.xml?auth_token=xxxxxxxxxxxxxxxxxxxx
Dec 12, 2025 21:28:43.445 [139930665311032] DEBUG - [HttpClient/HCl#2a] HTTP/1.1 (0.6s) 422 response from POST https://plex.tv/servers.xml?auth_token=xxxxxxxxxxxxxxxxxxxx
Dec 12, 2025 21:28:43.446 [139930667420472] DEBUG - MyPlex: Published Mapping State response was 422
Dec 12, 2025 21:28:43.446 [139930667420472] DEBUG - MyPlex: Got response for ee184565d045d16e3b69df5ffe0e3bed7a8c8e47 ~ registered :0
Dec 12, 2025 21:28:43.446 [139930667420472] DEBUG - MyPlex: updating mapped state - current state: 'Mapped - Not Published'
Dec 12, 2025 21:28:43.446 [139930667420472] DEBUG - MyPlex: mapping state set to 'Mapped - Publishing'.
Dec 12, 2025 21:28:43.446 [139930667420472] DEBUG - MyPlex: async reachability check - current mapped state: 'Mapped - Publishing'.
Dec 12, 2025 21:28:43.446 [139930667420472] DEBUG - MyPlex: Requesting reachability check.
Dec 12, 2025 21:28:43.447 [139930667420472] DEBUG - [HCl#2b] HTTP requesting PUT https://plex.tv/api/servers/ee184565d045d16e3b69df5ffe0e3bed7a8c8e47/connectivity?X-Plex-Token=xxxxxxxxxxxxxxxxxxxx&asyncIdentifier=f75146d8-a573-4b5d-ac50-123413e3149d
Dec 12, 2025 21:28:43.664 [139930665311032] DEBUG - [HttpClient/HCl#2b] HTTP/1.1 (0.2s) 200 response from PUT https://plex.tv/api/servers/ee184565d045d16e3b69df5ffe0e3bed7a8c8e47/connectivity?X-Plex-Token=xxxxxxxxxxxxxxxxxxxx&asyncIdentifier=f75146d8-a573-4b5d-ac50-123413e3149d (reused)
Dec 12, 2025 21:28:43.667 [139930667420472] DEBUG - MyPlex: Last published value didn't change, we're done.
Dec 12, 2025 21:28:43.771 [139930674649912] DEBUG - [EventSourceClient/pubsub/176.58.107.84:443] EventSource: Got event [data] '<Message address="" port="0" asyncIdentifier="f75146d8-a573-4b5d-ac50-123413e3149d" connectivity="0" command="notifyConnectivity"/>'
Dec 12, 2025 21:28:43.771 [139930674649912] DEBUG - [EventSourceClient/pubsub/176.58.107.84:443] PubSub: Got notified of reachability for async identifier f75146d8-a573-4b5d-ac50-123413e3149d: 0 for :0 (responded in 107 ms)
Dec 12, 2025 21:28:43.771 [139930674649912] DEBUG - [EventSourceClient/pubsub/176.58.107.84:443] MyPlex: reachability check - current mapping state: 'Mapped - Publishing'.
Dec 12, 2025 21:28:43.771 [139930674649912] DEBUG - [EventSourceClient/pubsub/176.58.107.84:443] MyPlex: mapping state set to 'Mapped - Not Published (Not Reachable)'.
Dec 12, 2025 21:28:46.346 [139930608159544] DEBUG - [HCl#2c] HTTP requesting GET https://plex.tv/api/v2/shared_sources/owned?machineIdentifier=ee184565d045d16e3b69df5ffe0e3bed7a8c8e47
Dec 12, 2025 21:28:46.514 [139930665311032] DEBUG - [HttpClient/HCl#2c] HTTP/1.1 (0.2s) 200 response from GET https://plex.tv/api/v2/shared_sources/owned?machineIdentifier=ee184565d045d16e3b69df5ffe0e3bed7a8c8e47 (reused)
Dec 12, 2025 21:28:46.523 [139930608159544] DEBUG - [HCl#2d] HTTP requesting GET https://plex.tv/api/v2/server/access_tokens?auth_token=xxxxxxxxxxxxxxxxxxxx
Dec 12, 2025 21:28:46.754 [139930665311032] DEBUG - [HttpClient/HCl#2d] HTTP/1.1 (0.2s) 200 response from GET https://plex.tv/api/v2/server/access_tokens?auth_token=xxxxxxxxxxxxxxxxxxxx (reused)
Dec 12, 2025 21:28:46.755 [139930608159544] DEBUG - MyPlex: updating with 2 access tokens
Dec 12, 2025 21:28:46.755 [139930608159544] DEBUG - [HCl#2e] HTTP requesting GET https://plex.tv/api/v2/server/users?auth_token=xxxxxxxxxxxxxxxxxxxx
Dec 12, 2025 21:28:46.899 [139930665311032] DEBUG - [HttpClient/HCl#2e] HTTP/1.1 (0.1s) 200 response from GET https://plex.tv/api/v2/server/users?auth_token=xxxxxxxxxxxxxxxxxxxx (reused)
Dec 12, 2025 21:28:46.900 [139930656676664] DEBUG - [HCl#2f] HTTP requesting GET https://plex.tv/api/v2/server/users/subscriptions?auth_token=xxxxxxxxxxxxxxxxxxxx
Dec 12, 2025 21:28:47.195 [139930665311032] DEBUG - [HttpClient/HCl#2f] HTTP/1.1 (0.3s) 200 response from GET https://plex.tv/api/v2/server/users/subscriptions?auth_token=xxxxxxxxxxxxxxxxxxxx (reused)
Dec 12, 2025 21:28:47.196 [139930656676664] DEBUG - MyPlex: using cached data for request for https://plex.tv/api/v2/server/users/services?auth_token=xxxxxxxxxxxxxxxxxxxx
Dec 12, 2025 21:28:49.756 [139930684443448] DEBUG - [MediaProviderManager] Refreshing media providers
Dec 12, 2025 21:28:49.756 [139930684443448] DEBUG - [MediaProviderManager/Response::fetch/HCl#30] HTTP requesting GET https://plex.tv/media/providers
Dec 12, 2025 21:28:49.916 [139930665311032] DEBUG - [HttpClient/HCl#30] HTTP/1.1 (0.2s) 200 response from GET https://plex.tv/media/providers (reused)
Dec 12, 2025 21:28:49.916 [139930684443448] DEBUG - [MediaProviderManager] discovered cloud provider (Movies & Shows)
Dec 12, 2025 21:28:49.916 [139930684443448] DEBUG - [MediaProviderManager] discovered cloud provider (Metadata)
Dec 12, 2025 21:28:49.916 [139930684443448] DEBUG - [MediaProviderManager] loading cloud provider details (Metadata) (alive: 1)
Dec 12, 2025 21:28:49.916 [139930684443448] DEBUG - [MediaProviderManager] loading cloud provider details (Movies & Shows) (alive: 1)
Dec 12, 2025 21:28:49.916 [139930684443448] DEBUG - [MediaProviderManager] we had 2 cloud providers online, we now have 2
Dec 12, 2025 21:28:49.916 [139930684443448] DEBUG - [MediaProviderManager] cloud provider (Metadata) is online and available
Dec 12, 2025 21:28:49.916 [139930684443448] DEBUG - [MediaProviderManager] cloud provider (Movies & Shows) is online and available
Dec 12, 2025 21:28:49.916 [139930684443448] DEBUG - [MediaProviderManager] Media provider refresh complete
Dec 12, 2025 21:30:16.141 [139930656676664] DEBUG - BPQ: [Starting] -> [Processing]
Dec 12, 2025 21:30:16.145 [139930656676664] DEBUG - BPQ: generating queue items from 0 generator(s)
Dec 12, 2025 21:30:16.145 [139930656676664] DEBUG - BPQ: generated 0 item(s) for queue
Dec 12, 2025 21:30:16.145 [139930656676664] DEBUG - BPQ: [Processing] -> [Idle]
Dec 12, 2025 21:30:18.484 [139930590890808] DEBUG - Request: [127.0.0.1:41388 (Loopback)] GET /servers (2 live) #1d GZIP Signed-in Token (amj1603)
Dec 12, 2025 21:30:18.485 [139930676759352] DEBUG - Completed: [127.0.0.1:41388] 200 GET /servers (2 live) #1d GZIP 1ms 488 bytes
Dec 12, 2025 21:30:18.498 [139930590890808] DEBUG - Request: [127.0.0.1:41398 (Loopback)] GET / (2 live) #2c GZIP Signed-in Token (amj1603)
Dec 12, 2025 21:30:18.502 [139930676759352] DEBUG - Completed: [127.0.0.1:41398] 200 GET / (2 live) #2c GZIP 4ms 3953 bytes
Dec 12, 2025 21:30:18.518 [139930590890808] DEBUG - Request: [127.0.0.1:41922 (Loopback)] GET /library/sections (2 live) #2e GZIP Signed-in Token (amj1603)
Dec 12, 2025 21:30:18.531 [139930676759352] DEBUG - Completed: [127.0.0.1:41922] 200 GET /library/sections (2 live) #2e GZIP 12ms 715 bytes
Dec 12, 2025 21:30:18.539 [139930590890808] DEBUG - Request: [127.0.0.1:41930 (Loopback)] GET /channels/all (2 live) #30 GZIP Signed-in Token (amj1603)
Dec 12, 2025 21:30:18.542 [139930676759352] DEBUG - Completed: [127.0.0.1:41930] 200 GET /channels/all (2 live) #30 GZIP 3ms 387 bytes
Dec 12, 2025 21:30:18.564 [139930590890808] DEBUG - Request: [127.0.0.1:41936 (Loopback)] GET /library/sections (2 live) #32 GZIP Signed-in Token (amj1603)
Dec 12, 2025 21:30:18.567 [139930676759352] DEBUG - Completed: [127.0.0.1:41936] 200 GET /library/sections (2 live) #32 GZIP 2ms 715 bytes
Dec 12, 2025 21:30:18.579 [139930590890808] DEBUG - Request: [127.0.0.1:41946 (Loopback)] GET /channels/all (2 live) #34 GZIP Signed-in Token (amj1603)
Dec 12, 2025 21:30:18.581 [139930676759352] DEBUG - Completed: [127.0.0.1:41946] 200 GET /channels/all (2 live) #34 GZIP 2ms 387 bytes
Dec 12, 2025 21:30:50.127 [139930608159544] DEBUG - [ViewStateSync] Starting
Dec 12, 2025 21:30:50.127 [139930608159544] DEBUG - [ViewStateSync] Fetching user tokens
Dec 12, 2025 21:30:50.127 [139930608159544] DEBUG - [ViewStateSync/HCl#31] HTTP requesting GET https://plex.tv/api/v2/server/users/services?auth_token=xxxxxxxxxxxxxxxxxxxx
Dec 12, 2025 21:30:51.148 [139930665311032] DEBUG - [HttpClient/HCl#31] HTTP/1.1 (1.0s) 200 response from GET https://plex.tv/api/v2/server/users/services?auth_token=xxxxxxxxxxxxxxxxxxxx
Dec 12, 2025 21:30:51.160 [139930656676664] DEBUG - [ViewStateSync] No user tokens found; stopping
Dec 12, 2025 21:55:50.127 [139930633472824] DEBUG - [ViewStateSync] Starting
Dec 12, 2025 21:55:50.128 [139930633472824] DEBUG - [ViewStateSync] No user tokens found; stopping
Dec 12, 2025 21:58:27.959 [139930618440504] DEBUG - Putting plug-in com.plexapp.agents.imdb to sleep.
Dec 12, 2025 21:58:27.959 [139930618440504] DEBUG - Stopping [com.plexapp.agents.imdb].
Dec 12, 2025 21:58:27.959 [139930618440504] DEBUG - [com.plexapp.agents.imdb] Killing.
Dec 12, 2025 21:58:27.971 [139930686991160] WARN - JobManager: Could not find job for handle 307
Dec 12, 2025 21:58:37.960 [139930618440504] DEBUG - Stopping file watcher for com.plexapp.agents.imdb
Dec 12, 2025 22:25:31.128 [139930667420472] DEBUG - [ViewStateSync] Starting
Dec 12, 2025 22:25:31.128 [139930667420472] DEBUG - [ViewStateSync] Fetching user tokens
Dec 12, 2025 22:25:31.129 [139930667420472] DEBUG - [ViewStateSync/HCl#32] HTTP requesting GET https://plex.tv/api/v2/server/users/services?auth_token=xxxxxxxxxxxxxxxxxxxx
Dec 12, 2025 22:25:31.742 [139930665311032] DEBUG - [HttpClient/HCl#32] HTTP/1.1 (0.6s) 200 response from GET https://plex.tv/api/v2/server/users/services?auth_token=xxxxxxxxxxxxxxxxxxxx
Dec 12, 2025 22:25:31.745 [139930656676664] DEBUG - [ViewStateSync] No user tokens found; stopping
Dec 12, 2025 22:28:18.539 [139930667420472] DEBUG - PublicAddressManager: Obtaining public address and mapping port.
Dec 12, 2025 22:28:18.540 [139930684443448] DEBUG - PublicAddressManager: Obtaining public IP.
Dec 12, 2025 22:28:18.540 [139930684443448] DEBUG - [HCl#33] HTTP requesting GET https://v4.plex.tv/pms/:/ip
Dec 12, 2025 22:28:18.540 [139930667420472] DEBUG - NAT: UPnP, attempting port mapping.
Dec 12, 2025 22:28:19.095 [139930665311032] DEBUG - [HttpClient/HCl#33] HTTP/1.1 (0.6s) 200 response from GET https://v4.plex.tv/pms/:/ip
Dec 12, 2025 22:28:19.096 [139930684443448] DEBUG - PublicAddressManager: Got public IP from v4.plex.tv: 185.182.126.187
Dec 12, 2025 22:28:30.552 [139930667420472] DEBUG - NAT: UPnP, didn't find usable IGD.
Dec 12, 2025 22:28:30.552 [139930667420472] DEBUG - NAT: PMP, attempting mapping.
Dec 12, 2025 22:28:30.802 [139930667420472] WARN - NAT: PMP, got an error: Not Supported by gateway.
Dec 12, 2025 22:28:30.803 [139930667420472] DEBUG - NAT: UPnP, attempting port mapping.
Dec 12, 2025 22:28:31.108 [139930684443448] DEBUG - NAT: UPnP, getPublicIP didn't find usable IGD.
Dec 12, 2025 22:28:31.359 [139930684443448] WARN - NAT: PMP, got an error: Not Supported by gateway.
Dec 12, 2025 22:28:31.360 [139930684443448] DEBUG - MyPlex: sendMapping resetting state - previous mapping state: 'Mapped - Not Published (Not Reachable)'.
Dec 12, 2025 22:28:31.360 [139930684443448] DEBUG - MyPlex: mapping state set to 'Unknown'.
Dec 12, 2025 22:28:31.362 [139930684443448] DEBUG - MyPlex: Sending Server Info to myPlex (user=amj16012004@gmail.com, ip=185.182.126.187, port=0)
Dec 12, 2025 22:28:31.363 [139930684443448] DEBUG - [HCl#34] HTTP requesting POST https://plex.tv/servers.xml?auth_token=xxxxxxxxxxxxxxxxxxxx
Dec 12, 2025 22:28:31.979 [139930665311032] DEBUG - [HttpClient/HCl#34] HTTP/1.1 (0.6s) 422 response from POST https://plex.tv/servers.xml?auth_token=xxxxxxxxxxxxxxxxxxxx
Dec 12, 2025 22:28:31.979 [139930684443448] DEBUG - MyPlex: Published Mapping State response was 422
Dec 12, 2025 22:28:31.979 [139930684443448] DEBUG - MyPlex: Got response for ee184565d045d16e3b69df5ffe0e3bed7a8c8e47 ~ registered :0
Dec 12, 2025 22:28:31.979 [139930684443448] DEBUG - MyPlex: updating mapped state - current state: 'Mapped - Not Published (Not Reachable)'
Dec 12, 2025 22:28:31.979 [139930684443448] DEBUG - MyPlex: mapping state set to 'Mapped - Publishing'.
Dec 12, 2025 22:28:31.979 [139930684443448] DEBUG - MyPlex: async reachability check - current mapped state: 'Mapped - Publishing'.
Dec 12, 2025 22:28:31.979 [139930684443448] DEBUG - MyPlex: Requesting reachability check.
Dec 12, 2025 22:28:31.980 [139930684443448] DEBUG - [HCl#35] HTTP requesting PUT https://plex.tv/api/servers/ee184565d045d16e3b69df5ffe0e3bed7a8c8e47/connectivity?X-Plex-Token=xxxxxxxxxxxxxxxxxxxx&asyncIdentifier=61394489-e6a7-43a5-a2ec-1ce2196472ea
Dec 12, 2025 22:28:32.157 [139930665311032] DEBUG - [HttpClient/HCl#35] HTTP/1.1 (0.2s) 200 response from PUT https://plex.tv/api/servers/ee184565d045d16e3b69df5ffe0e3bed7a8c8e47/connectivity?X-Plex-Token=xxxxxxxxxxxxxxxxxxxx&asyncIdentifier=61394489-e6a7-43a5-a2ec-1ce2196472ea (reused)
Dec 12, 2025 22:28:32.159 [139930684443448] DEBUG - MyPlex: Last published value didn't change, we're done.
Dec 12, 2025 22:28:32.242 [139930676759352] DEBUG - [EventSourceClient/pubsub/176.58.107.84:443] EventSource: Got event [data] '<Message address="" port="0" asyncIdentifier="61394489-e6a7-43a5-a2ec-1ce2196472ea" connectivity="0" command="notifyConnectivity"/>'
Dec 12, 2025 22:28:32.242 [139930676759352] DEBUG - [EventSourceClient/pubsub/176.58.107.84:443] PubSub: Got notified of reachability for async identifier 61394489-e6a7-43a5-a2ec-1ce2196472ea: 0 for :0 (responded in 84 ms)
Dec 12, 2025 22:28:32.242 [139930676759352] DEBUG - [EventSourceClient/pubsub/176.58.107.84:443] MyPlex: reachability check - current mapping state: 'Mapped - Publishing'.
Dec 12, 2025 22:28:32.242 [139930676759352] DEBUG - [EventSourceClient/pubsub/176.58.107.84:443] MyPlex: mapping state set to 'Mapped - Not Published (Not Reachable)'.
Dec 12, 2025 22:28:42.815 [139930667420472] DEBUG - NAT: UPnP, didn't find usable IGD.
Dec 12, 2025 22:28:42.815 [139930667420472] DEBUG - PublicAddressManager: Mapping failed.
Dec 12, 2025 22:28:42.817 [139930667420472] DEBUG - MyPlex: mapping state set to 'Mapped - Not Published'.
Dec 12, 2025 22:28:42.817 [139930667420472] DEBUG - MyPlex: sendMapping resetting state - previous mapping state: 'Mapped - Not Published'.
Dec 12, 2025 22:28:42.817 [139930667420472] DEBUG - MyPlex: mapping state set to 'Unknown'.
Dec 12, 2025 22:28:42.826 [139930667420472] DEBUG - MyPlex: Sending Server Info to myPlex (user=amj16012004@gmail.com, ip=185.182.126.187, port=0)
Dec 12, 2025 22:28:42.826 [139930667420472] DEBUG - [HCl#36] HTTP requesting POST https://plex.tv/servers.xml?auth_token=xxxxxxxxxxxxxxxxxxxx
Dec 12, 2025 22:28:43.464 [139930665311032] DEBUG - [HttpClient/HCl#36] HTTP/1.1 (0.6s) 422 response from POST https://plex.tv/servers.xml?auth_token=xxxxxxxxxxxxxxxxxxxx
Dec 12, 2025 22:28:43.464 [139930667420472] DEBUG - MyPlex: Published Mapping State response was 422
Dec 12, 2025 22:28:43.464 [139930667420472] DEBUG - MyPlex: Got response for ee184565d045d16e3b69df5ffe0e3bed7a8c8e47 ~ registered :0
Dec 12, 2025 22:28:43.464 [139930667420472] DEBUG - MyPlex: updating mapped state - current state: 'Mapped - Not Published'
Dec 12, 2025 22:28:43.464 [139930667420472] DEBUG - MyPlex: mapping state set to 'Mapped - Publishing'.
Dec 12, 2025 22:28:43.464 [139930667420472] DEBUG - MyPlex: async reachability check - current mapped state: 'Mapped - Publishing'.
Dec 12, 2025 22:28:43.464 [139930667420472] DEBUG - MyPlex: requesting connectivity refresh too soon after the last request, skipping.
Dec 12, 2025 22:28:43.467 [139930667420472] DEBUG - MyPlex: Last published value didn't change, we're done.
Dec 12, 2025 22:48:11.671 [139930686991160] DEBUG - Shutting down with signal 15 (Terminated)
Dec 12, 2025 22:48:11.671 [139930686991160] DEBUG - Ordered to stop server.
Dec 12, 2025 22:48:11.671 [139930686991160] DEBUG - [JobRunner] Job running: /usr/lib/plexmediaserver/CrashUploader --sessionStatus=exited --sessionStart=1765571296 --sessionDuration=4795 --version=1.42.2.10156-f737b826c --userId=amj16012004@gmail.com --sentryUrl=https://o17675.ingest.sentry.io/api/1233455/ --sentryKey=xxxxxxxxxxxxxxxxxxxxxxxxxxxxxxxx
Dec 12, 2025 22:48:11.671 [139930686991160] DEBUG - [JobRunner] Jobs: Starting child process with pid 376
Dec 12, 2025 22:48:11.671 [139930691738256] DEBUG - Stopping server...
Dec 12, 2025 22:48:11.671 [139930691738256] DEBUG - HttpServer: Stopping server.
Dec 12, 2025 22:48:11.671 [139930633472824] DEBUG - TranscodeJobManager: [Running] onServerShutdown
Dec 12, 2025 22:48:11.671 [139930633472824] DEBUG - TranscodeJobManager: [Running] -> [Shutdown]
Dec 12, 2025 22:48:11.671 [139930676759352] DEBUG - MetadataItemClusterRequestHandler: a shutdown event has been received
Dec 12, 2025 22:48:11.671 [139930691738256] DEBUG - Server stopped.
Dec 12, 2025 22:48:11.671 [139930691738256] DEBUG - NetworkService: Stopping advertisement.
Dec 12, 2025 22:48:11.671 [139930644020024] ERROR - Network Service: Error in advertiser handle read: 125 (Operation canceled) socket=72
Dec 12, 2025 22:48:11.671 [139930691738256] DEBUG - Killing plug-ins.
Dec 12, 2025 22:48:11.703 [139930691738256] DEBUG - [com.plexapp.system] Killing.
Dec 12, 2025 22:48:11.706 [139930686991160] WARN - JobManager: Could not find job for handle 205
Dec 12, 2025 22:48:11.713 [139930691738256] DEBUG - ChildProcessMonitor: Waiting for Plex Tuner Service to exit.
Dec 12, 2025 22:48:11.713 [139930691738256] DEBUG - [JobRunner] Signalling job ID 265 with 2
Dec 12, 2025 22:48:11.761 [139930686991160] DEBUG - Jobs: '/usr/lib/plexmediaserver/Plex Tuner Service' exit code for process 265 is 0 (success)
Dec 12, 2025 22:48:11.761 [139930637691704] DEBUG - [ChildProcessMonitor] Plex Tuner Service exited.
Dec 12, 2025 22:48:11.762 [139930691738256] DEBUG - Database: Shutting down.
Dec 12, 2025 22:48:11.771 [139930644020024] INFO - Network Service: Abandoning advertise socket, it was closed.
Dec 12, 2025 22:48:11.772 [139930691738256] DEBUG - Database: Shutting down.
