Dec 12, 2025 21:28:18.538 [0x7fc163616b38] INFO - Plex Tuner Service v1.42.2.10156-f737b826c - Docker Docker Container (LinuxServer.io) x86_64 - build: 
Dec 12, 2025 21:28:18.538 [0x7fc163616b38] INFO - Linux version: 6.12.57+deb13-amd64 (#1 SMP PREEMPT_DYNAMIC Debian 6.12.57-1 (2025-11-05)), language: en-US
Dec 12, 2025 21:28:18.539 [0x7fc163616b38] INFO - Processor Intel(R) Core(TM) i5-8250U CPU @ 1.60GHz
Dec 12, 2025 21:28:18.539 [0x7fc163616b38] INFO - /usr/lib/plexmediaserver/Plex Tuner Service /usr/lib/plexmediaserver/Resources/Tuner/Private /usr/lib/plexmediaserver/Resources/Tuner/Shared 1.42.2.10156-f737b826c 32600
Dec 12, 2025 21:28:18.537 [0x7fc165187808] INFO - [I] broker_t::start...
Dec 12, 2025 21:28:18.544 [0x7fc165187808] INFO - [I] device_manager_t::init.
Dec 12, 2025 21:28:18.544 [0x7fc165187808] INFO - [I] device_manager_t::init. Initialize provider manager
Dec 12, 2025 21:28:18.544 [0x7fc165187808] INFO - [I] device_manager_t::init. Initialize all device auxes
Dec 12, 2025 21:28:18.544 [0x7fc165187808] INFO - [I] dvb_device_factory_t::get_aux_list
Dec 12, 2025 21:28:18.544 [0x7fc165187808] INFO - [I] tvbutler_aux_t::init
Dec 12, 2025 21:28:18.550 [0x7fc165187808] INFO - [I] web_server_t::start. Starting web server on port 32600
Dec 12, 2025 21:28:26.411 [0x7fc16338ab38] INFO - [I] web_service_t::process_device_discovery
Dec 12, 2025 21:28:26.411 [0x7fc16338ab38] INFO - [I] device_reactor_t::get_device_list ()
Dec 12, 2025 21:28:28.419 [0x7fc16338ab38] INFO - [I] SAT2IP - discover_satip_servers(): no servers found
Dec 12, 2025 21:28:28.842 [0x7fc16338ab38] INFO - [I] v4l::DeviceGetList_impl. getting v4l device list
Dec 12, 2025 21:28:28.847 [0x7fc16338ab38] INFO - [I] onetv_factory::DeviceGetListEx >>
Dec 12, 2025 21:28:28.847 [0x7fc16338ab38] WARN - [W] onetv_factory::DeviceGetListEx. libusb_init returned an error -99
Dec 12, 2025 22:48:11.713 [0x7fc165187808] INFO - Received SIGINT: Interrupt from keyboard.
Dec 12, 2025 22:48:11.759 [0x7fc165187808] INFO - [I] device_manager_t::term
Dec 12, 2025 22:48:11.759 [0x7fc165187808] INFO - [I] device_manager_t::term. Stop all devices
Dec 12, 2025 22:48:11.759 [0x7fc165187808] INFO - [I] device_manager_t::term. Shut down all device auxes
Dec 12, 2025 22:48:11.759 [0x7fc165187808] INFO - [I] tvbutler_aux_t::term
Dec 12, 2025 22:48:11.759 [0x7fc165187808] INFO - [I] web_server_t::stop. Web server is stopped
Dec 12, 2025 22:48:11.759 [0x7fc165187808] INFO - [I] device_manager_t::term
Dec 12, 2025 22:48:11.759 [0x7fc165187808] INFO - [I] device_manager_t::term. Stop all devices
Dec 12, 2025 22:48:11.759 [0x7fc165187808] INFO - [I] device_manager_t::term. Shut down all device auxes
Dec 12, 2025 22:48:11.760 [0x7fc165187808] INFO - [I] broker_t::shutdown. Shutdown is completed.
